Info: Generated by version: 20.3 build 158
Info: Starting: Create block symbol file (.bsf)
Info: qsys-generate /nfs/site/disks/sdg74_1254/users/kpapte/grr_nacd_1p0_ww33/rtls.prototyping.frio.grr-nac/build/stratix10/latest/pro.20.3/quartus/ip/phy_rst_ctlr/phy_rst_ctlr.ip --block-symbol-file --output-directory=/nfs/site/disks/sdg74_1254/users/kpapte/grr_nacd_1p0_ww33/rtls.prototyping.frio.grr-nac/build/stratix10/latest/pro.20.3/quartus/ip/phy_rst_ctlr/phy_rst_ctlr --family="Stratix 10" --part=1SG280LU3F50E1VG
Info: qsys-generate succeeded.
Info: Finished: Create block symbol file (.bsf)
Info: 
Info: Starting: Create HDL design files for synthesis
Info: qsys-generate /nfs/site/disks/sdg74_1254/users/kpapte/grr_nacd_1p0_ww33/rtls.prototyping.frio.grr-nac/build/stratix10/latest/pro.20.3/quartus/ip/phy_rst_ctlr/phy_rst_ctlr.ip --synthesis=VERILOG --output-directory=/nfs/site/disks/sdg74_1254/users/kpapte/grr_nacd_1p0_ww33/rtls.prototyping.frio.grr-nac/build/stratix10/latest/pro.20.3/quartus/ip/phy_rst_ctlr/phy_rst_ctlr --family="Stratix 10" --part=1SG280LU3F50E1VG
Info: phy_rst_ctlr: "Transforming system: phy_rst_ctlr"
Info: phy_rst_ctlr: "Naming system components in system: phy_rst_ctlr"
Info: phy_rst_ctlr: "Processing generation queue"
Info: phy_rst_ctlr: "Generating: phy_rst_ctlr"
Info: phy_rst_ctlr: "Generating: altera_xcvr_reset_control_s10"
Info: xcvr_reset_control_s10_0: add_fileset_file ./altera_std_synchronizer_nocut.v VERILOG PATH ../../../primitives/altera_std_synchronizer/altera_std_synchronizer_nocut.v
Info: xcvr_reset_control_s10_0: add_fileset_file ./alt_xcvr_resync_std.sv SYSTEM_VERILOG PATH ../../alt_xcvr_generic/alt_xcvr_resync_std.sv
Info: xcvr_reset_control_s10_0: add_fileset_file ./altera_xcvr_reset_control_s10.sv SYSTEM_VERILOG PATH ..//altera_xcvr_reset_control_s10.sv
Info: xcvr_reset_control_s10_0: add_fileset_file ./alt_xcvr_reset_counter_s10.sv SYSTEM_VERILOG PATH ..//alt_xcvr_reset_counter_s10.sv
Info: phy_rst_ctlr: Done "phy_rst_ctlr" with 2 modules, 7 files
Info: qsys-generate succeeded.
Info: Finished: Create HDL design files for synthesis
