Info: Generated by version: 20.3 build 158
Info: Starting: Create block symbol file (.bsf)
Info: qsys-generate /nfs/site/disks/sdg74_1254/users/kpapte/grr_nacd_1p0_ww33/rtls.prototyping.frio.grr-nac/build/stratix10/latest/pro.20.3/quartus/ip/fpt_ddr4_nw/fpt_ddr4_nw.qsys --block-symbol-file --output-directory=/nfs/site/disks/sdg74_1254/users/kpapte/grr_nacd_1p0_ww33/rtls.prototyping.frio.grr-nac/build/stratix10/latest/pro.20.3/quartus/ip/fpt_ddr4_nw/fpt_ddr4_nw --family="Stratix 10" --part=1SG280LU3F50E1VG
Progress: Loading fpt_ddr4_nw/fpt_ddr4_nw.qsys
Progress: Reading input file
Progress: Adding clk_misc_sa [altera_generic_component 1.0]
Progress: Parameterizing module clk_misc_sa
Progress: Adding clk_mm_0 [altera_generic_component 1.0]
Progress: Parameterizing module clk_mm_0
Progress: Adding clk_mm_1 [altera_generic_component 1.0]
Progress: Parameterizing module clk_mm_1
Progress: Adding clk_mm_2 [altera_generic_component 1.0]
Progress: Parameterizing module clk_mm_2
Progress: Adding clk_mm_3 [altera_generic_component 1.0]
Progress: Parameterizing module clk_mm_3
Progress: Adding clkx_0 [altera_generic_component 1.0]
Progress: Parameterizing module clkx_0
Progress: Adding clkx_1 [altera_generic_component 1.0]
Progress: Parameterizing module clkx_1
Progress: Adding clkx_2 [altera_generic_component 1.0]
Progress: Parameterizing module clkx_2
Progress: Adding clkx_3 [altera_generic_component 1.0]
Progress: Parameterizing module clkx_3
Progress: Adding clkx_4 [altera_generic_component 1.0]
Progress: Parameterizing module clkx_4
Progress: Adding ddr4_amm [altera_generic_component 1.0]
Progress: Parameterizing module ddr4_amm
Progress: Adding ddr_emif_reset_in [altera_generic_component 1.0]
Progress: Parameterizing module ddr_emif_reset_in
Progress: Adding ddr_emif_usr_clk [altera_generic_component 1.0]
Progress: Parameterizing module ddr_emif_usr_clk
Progress: Adding mm_0 [altera_generic_component 1.0]
Progress: Parameterizing module mm_0
Progress: Adding mm_1 [altera_generic_component 1.0]
Progress: Parameterizing module mm_1
Progress: Adding mm_2 [altera_generic_component 1.0]
Progress: Parameterizing module mm_2
Progress: Adding mm_3 [altera_generic_component 1.0]
Progress: Parameterizing module mm_3
Progress: Adding mm_csr [altera_generic_component 1.0]
Progress: Parameterizing module mm_csr
Progress: Adding mm_misc_sa [altera_generic_component 1.0]
Progress: Parameterizing module mm_misc_sa
Progress: Adding mm_mmr [altera_generic_component 1.0]
Progress: Parameterizing module mm_mmr
Progress: Adding rst_misc_sa [altera_generic_component 1.0]
Progress: Parameterizing module rst_misc_sa
Progress: Adding rst_mm_0 [altera_generic_component 1.0]
Progress: Parameterizing module rst_mm_0
Progress: Adding rst_mm_1 [altera_generic_component 1.0]
Progress: Parameterizing module rst_mm_1
Progress: Adding rst_mm_2 [altera_generic_component 1.0]
Progress: Parameterizing module rst_mm_2
Progress: Adding rst_mm_3 [altera_generic_component 1.0]
Progress: Parameterizing module rst_mm_3
Progress: Building connections
Progress: Parameterizing connections
Progress: Validating
Progress: Done reading input file
Component Instantiation Warning: fpt_ddr4_nw.ddr_emif_reset_in: System Information doesn't match requirements of IP.  Double-click to open System Info tab.
Component Instantiation Warning: fpt_ddr4_nw.rst_misc_sa: System Information doesn't match requirements of IP.  Double-click to open System Info tab.
Component Instantiation Warning: fpt_ddr4_nw.rst_mm_0: System Information doesn't match requirements of IP.  Double-click to open System Info tab.
Component Instantiation Warning: fpt_ddr4_nw.rst_mm_1: System Information doesn't match requirements of IP.  Double-click to open System Info tab.
Component Instantiation Warning: fpt_ddr4_nw.rst_mm_2: System Information doesn't match requirements of IP.  Double-click to open System Info tab.
Component Instantiation Warning: fpt_ddr4_nw.rst_mm_3: System Information doesn't match requirements of IP.  Double-click to open System Info tab.
Info: qsys-generate succeeded.
Info: Finished: Create block symbol file (.bsf)
Info: 
Info: Starting: Create HDL design files for synthesis
Info: qsys-generate /nfs/site/disks/sdg74_1254/users/kpapte/grr_nacd_1p0_ww33/rtls.prototyping.frio.grr-nac/build/stratix10/latest/pro.20.3/quartus/ip/fpt_ddr4_nw/fpt_ddr4_nw.qsys --synthesis=VERILOG --output-directory=/nfs/site/disks/sdg74_1254/users/kpapte/grr_nacd_1p0_ww33/rtls.prototyping.frio.grr-nac/build/stratix10/latest/pro.20.3/quartus/ip/fpt_ddr4_nw/fpt_ddr4_nw --family="Stratix 10" --part=1SG280LU3F50E1VG
Progress: Loading fpt_ddr4_nw/fpt_ddr4_nw.qsys
Progress: Reading input file
Progress: Adding clk_misc_sa [altera_generic_component 1.0]
Progress: Parameterizing module clk_misc_sa
Progress: Adding clk_mm_0 [altera_generic_component 1.0]
Progress: Parameterizing module clk_mm_0
Progress: Adding clk_mm_1 [altera_generic_component 1.0]
Progress: Parameterizing module clk_mm_1
Progress: Adding clk_mm_2 [altera_generic_component 1.0]
Progress: Parameterizing module clk_mm_2
Progress: Adding clk_mm_3 [altera_generic_component 1.0]
Progress: Parameterizing module clk_mm_3
Progress: Adding clkx_0 [altera_generic_component 1.0]
Progress: Parameterizing module clkx_0
Progress: Adding clkx_1 [altera_generic_component 1.0]
Progress: Parameterizing module clkx_1
Progress: Adding clkx_2 [altera_generic_component 1.0]
Progress: Parameterizing module clkx_2
Progress: Adding clkx_3 [altera_generic_component 1.0]
Progress: Parameterizing module clkx_3
Progress: Adding clkx_4 [altera_generic_component 1.0]
Progress: Parameterizing module clkx_4
Progress: Adding ddr4_amm [altera_generic_component 1.0]
Progress: Parameterizing module ddr4_amm
Progress: Adding ddr_emif_reset_in [altera_generic_component 1.0]
Progress: Parameterizing module ddr_emif_reset_in
Progress: Adding ddr_emif_usr_clk [altera_generic_component 1.0]
Progress: Parameterizing module ddr_emif_usr_clk
Progress: Adding mm_0 [altera_generic_component 1.0]
Progress: Parameterizing module mm_0
Progress: Adding mm_1 [altera_generic_component 1.0]
Progress: Parameterizing module mm_1
Progress: Adding mm_2 [altera_generic_component 1.0]
Progress: Parameterizing module mm_2
Progress: Adding mm_3 [altera_generic_component 1.0]
Progress: Parameterizing module mm_3
Progress: Adding mm_csr [altera_generic_component 1.0]
Progress: Parameterizing module mm_csr
Progress: Adding mm_misc_sa [altera_generic_component 1.0]
Progress: Parameterizing module mm_misc_sa
Progress: Adding mm_mmr [altera_generic_component 1.0]
Progress: Parameterizing module mm_mmr
Progress: Adding rst_misc_sa [altera_generic_component 1.0]
Progress: Parameterizing module rst_misc_sa
Progress: Adding rst_mm_0 [altera_generic_component 1.0]
Progress: Parameterizing module rst_mm_0
Progress: Adding rst_mm_1 [altera_generic_component 1.0]
Progress: Parameterizing module rst_mm_1
Progress: Adding rst_mm_2 [altera_generic_component 1.0]
Progress: Parameterizing module rst_mm_2
Progress: Adding rst_mm_3 [altera_generic_component 1.0]
Progress: Parameterizing module rst_mm_3
Progress: Building connections
Progress: Parameterizing connections
Progress: Validating
Progress: Done reading input file
Component Instantiation Warning: fpt_ddr4_nw.ddr_emif_reset_in: System Information doesn't match requirements of IP.  Double-click to open System Info tab.
Component Instantiation Warning: fpt_ddr4_nw.rst_misc_sa: System Information doesn't match requirements of IP.  Double-click to open System Info tab.
Component Instantiation Warning: fpt_ddr4_nw.rst_mm_0: System Information doesn't match requirements of IP.  Double-click to open System Info tab.
Component Instantiation Warning: fpt_ddr4_nw.rst_mm_1: System Information doesn't match requirements of IP.  Double-click to open System Info tab.
Component Instantiation Warning: fpt_ddr4_nw.rst_mm_2: System Information doesn't match requirements of IP.  Double-click to open System Info tab.
Component Instantiation Warning: fpt_ddr4_nw.rst_mm_3: System Information doesn't match requirements of IP.  Double-click to open System Info tab.
Info: fpt_ddr4_nw: "Transforming system: fpt_ddr4_nw"
Info: fpt_ddr4_nw: "Naming system components in system: fpt_ddr4_nw"
Info: fpt_ddr4_nw: "Processing generation queue"
Info: fpt_ddr4_nw: "Generating: fpt_ddr4_nw"
Info: fpt_ddr4_nw: "Generating: clk_mm_4"
Info: fpt_ddr4_nw: "Generating: ddr_emif_usr_clk_0"
Info: fpt_ddr4_nw: "Generating: clk_mm_1"
Info: fpt_ddr4_nw: "Generating: clk_mm_2"
Info: fpt_ddr4_nw: "Generating: clk_mm_3"
Info: fpt_ddr4_nw: "Generating: fpt_ddr4_nw_mm_clock_crossing_bridge_0"
Info: fpt_ddr4_nw: "Generating: clkx_1"
Info: fpt_ddr4_nw: "Generating: clkx_2"
Info: fpt_ddr4_nw: "Generating: clkx_3"
Info: fpt_ddr4_nw: "Generating: fpt_ddr4_nw_mm_clock_crossing_bridge_1"
Info: fpt_ddr4_nw: "Generating: fpt_ddr4_nw_mm_bridge_0"
Info: fpt_ddr4_nw: "Generating: fpt_ddr4_nw_reset_in"
Info: fpt_ddr4_nw: "Generating: fpt_ddr4_nw_clock_in"
Info: fpt_ddr4_nw: "Generating: ddr4_amm_0"
Info: fpt_ddr4_nw: "Generating: mm_1"
Info: fpt_ddr4_nw: "Generating: mm_2"
Info: fpt_ddr4_nw: "Generating: mm_3"
Info: fpt_ddr4_nw: "Generating: mm_5"
Info: fpt_ddr4_nw: "Generating: mm_4"
Info: fpt_ddr4_nw: "Generating: mm_csr_0"
Info: fpt_ddr4_nw: "Generating: rst_mm_4"
Info: fpt_ddr4_nw: "Generating: ddr_emif_reset_in_1"
Info: fpt_ddr4_nw: "Generating: rst_mm_1"
Info: fpt_ddr4_nw: "Generating: rst_mm_2"
Info: fpt_ddr4_nw: "Generating: rst_mm_3"
Info: fpt_ddr4_nw: "Generating: fpt_ddr4_nw_altera_mm_interconnect_1920_updnsey"
Info: fpt_ddr4_nw: "Generating: fpt_ddr4_nw_altera_mm_interconnect_1920_sxos7si"
Info: fpt_ddr4_nw: "Generating: fpt_ddr4_nw_altera_merlin_master_translator_191_g7h47bq"
Info: fpt_ddr4_nw: "Generating: fpt_ddr4_nw_altera_merlin_slave_translator_191_x56fcki"
Info: fpt_ddr4_nw: "Generating: fpt_ddr4_nw_altera_merlin_master_agent_191_mpbm6tq"
Info: fpt_ddr4_nw: "Generating: fpt_ddr4_nw_altera_merlin_slave_agent_191_ncfkfri"
Info: fpt_ddr4_nw: "Generating: fpt_ddr4_nw_altera_avalon_sc_fifo_1930_pqv24kq"
Info: fpt_ddr4_nw: "Generating: fpt_ddr4_nw_altera_merlin_router_1920_kxzghoy"
Info: fpt_ddr4_nw: "Generating: fpt_ddr4_nw_altera_merlin_router_1920_alrmqxq"
Info: fpt_ddr4_nw: "Generating: fpt_ddr4_nw_altera_merlin_router_1920_ty6dm5a"
Info: fpt_ddr4_nw: "Generating: fpt_ddr4_nw_altera_merlin_router_1920_eq4jnyi"
Info: fpt_ddr4_nw: "Generating: fpt_ddr4_nw_altera_merlin_traffic_limiter_191_kcba44q"
Info: my_altera_avalon_sc_fifo_dest_id_fifo: "Generating: my_altera_avalon_sc_fifo_dest_id_fifo"
Info: fpt_ddr4_nw: "Generating: fpt_ddr4_nw_altera_merlin_demultiplexer_1920_idhi2ti"
Info: fpt_ddr4_nw: "Generating: fpt_ddr4_nw_altera_merlin_demultiplexer_1920_bb4h6dy"
Info: fpt_ddr4_nw: "Generating: fpt_ddr4_nw_altera_merlin_multiplexer_1920_ajdqlui"
Info: fpt_ddr4_nw: "Generating: fpt_ddr4_nw_altera_merlin_multiplexer_1920_hln2ofi"
Info: fpt_ddr4_nw: "Generating: fpt_ddr4_nw_altera_merlin_demultiplexer_1920_34jzbqy"
Info: fpt_ddr4_nw: "Generating: fpt_ddr4_nw_altera_merlin_demultiplexer_1920_l4cfpyq"
Info: fpt_ddr4_nw: "Generating: fpt_ddr4_nw_altera_merlin_multiplexer_1920_u7fxtsa"
Info: fpt_ddr4_nw: "Generating: fpt_ddr4_nw_altera_merlin_multiplexer_1920_ylnl4gi"
Info: fpt_ddr4_nw: "Generating: fpt_ddr4_nw_altera_merlin_width_adapter_1920_gfothri"
Info: fpt_ddr4_nw: "Generating: fpt_ddr4_nw_altera_merlin_width_adapter_1920_qryzcya"
Info: fpt_ddr4_nw: "Generating: fpt_ddr4_nw_altera_merlin_width_adapter_1920_xudtv5y"
Info: fpt_ddr4_nw: "Generating: fpt_ddr4_nw_altera_merlin_width_adapter_1920_6zbe7hi"
Info: fpt_ddr4_nw: "Generating: fpt_ddr4_nw_altera_merlin_router_1920_o3vzwri"
Info: fpt_ddr4_nw: "Generating: fpt_ddr4_nw_altera_merlin_router_1920_zlxapry"
Info: fpt_ddr4_nw: "Generating: fpt_ddr4_nw_altera_merlin_burst_adapter_1920_opocpga"
Info: my_altera_avalon_st_pipeline_stage: "Generating: my_altera_avalon_st_pipeline_stage"
Info: fpt_ddr4_nw: "Generating: fpt_ddr4_nw_altera_merlin_demultiplexer_1920_septqvi"
Info: fpt_ddr4_nw: "Generating: fpt_ddr4_nw_altera_merlin_multiplexer_1920_a7vygmi"
Info: fpt_ddr4_nw: "Generating: fpt_ddr4_nw_altera_merlin_demultiplexer_1920_tw2l7sa"
Info: fpt_ddr4_nw: "Generating: fpt_ddr4_nw_altera_merlin_multiplexer_1920_rcpnvha"
Info: fpt_ddr4_nw: "Generating: fpt_ddr4_nw_altera_merlin_width_adapter_1920_2l5dyny"
Info: fpt_ddr4_nw: "Generating: fpt_ddr4_nw_altera_merlin_width_adapter_1920_3hlmzcq"
Info: fpt_ddr4_nw: "Generating: fpt_ddr4_nw_altera_merlin_traffic_limiter_altera_avalon_sc_fifo_191_2ipcapi"
Info: fpt_ddr4_nw: "Generating: fpt_ddr4_nw_altera_merlin_burst_adapter_altera_avalon_st_pipeline_stage_1920_wubls3y"
Info: fpt_ddr4_nw: "Generating: fpt_ddr4_nw_altera_avalon_st_pipeline_stage_1920_zterisq"
Info: fpt_ddr4_nw: Done "fpt_ddr4_nw" with 62 modules, 66 files
Info: qsys-generate succeeded.
Info: Finished: Create HDL design files for synthesis
