Info: Generated by version: 20.3 build 158
Info: Starting: Create block symbol file (.bsf)
Info: qsys-generate /nfs/site/disks/sdg74_1254/users/kpapte/grr_nacd_1p0_ww33/rtls.prototyping.frio.grr-nac/build/stratix10/latest/pro.20.3/quartus/ip/s10_serdes_Ltile_with8b10b_tbi_eth/s10_serdes_Ltile_with8b10b_tbi_eth.ip --block-symbol-file --output-directory=/nfs/site/disks/sdg74_1254/users/kpapte/grr_nacd_1p0_ww33/rtls.prototyping.frio.grr-nac/build/stratix10/latest/pro.20.3/quartus/ip/s10_serdes_Ltile_with8b10b_tbi_eth/s10_serdes_Ltile_with8b10b_tbi_eth --family="Stratix 10" --part=1SG280LU3F50E1VG
Info: s10_serdes_Ltile_with8b10b_tbi_eth.xcvr_native_s10_htile_0: The TX PCS-Core Interface FIFO is operating in half-rate transfer mode.
Info: s10_serdes_Ltile_with8b10b_tbi_eth.xcvr_native_s10_htile_0: The RX PCS-Core Interface FIFO is operating in half-rate transfer mode.
Info: s10_serdes_Ltile_with8b10b_tbi_eth.xcvr_native_s10_htile_0: For the selected device(1SG280LU3F50E1VG), transceiver speed grade is 3 and core speed grade is 1.
Info: s10_serdes_Ltile_with8b10b_tbi_eth.xcvr_native_s10_htile_0: Simplified data interface has been enabled. The Native PHY will present the data/control interface for the current configuration only. Dynamic reconfiguration of the data interface cannot be supported. The unused_tx_parallel_data and unused_tx_control ports should be connected to 0.
Info: s10_serdes_Ltile_with8b10b_tbi_eth.xcvr_native_s10_htile_0: For current configuration, TX PCS FIFO depth is "8" and TX Core FIFO depth is "8".
Info: s10_serdes_Ltile_with8b10b_tbi_eth.xcvr_native_s10_htile_0: For current configuration, RX PCS FIFO depth is "8" and RX Core FIFO depth is "16".
Info: s10_serdes_Ltile_with8b10b_tbi_eth.xcvr_native_s10_htile_0: "PCS clkout" (pcs_clkout) is selected to drive tx_clkout port and the clock frequency is 125.0 MHz.
Info: s10_serdes_Ltile_with8b10b_tbi_eth.xcvr_native_s10_htile_0: "PCS clkout" (pcs_clkout) is selected to drive rx_clkout port and the clock frequency is 125.0 MHz.
Info: s10_serdes_Ltile_with8b10b_tbi_eth.xcvr_native_s10_htile_0: Design example cannot be generated for the current configuration. Please check under Design Example tab and system message below for more detailed information.
Info: s10_serdes_Ltile_with8b10b_tbi_eth.xcvr_native_s10_htile_0: Note - The external TX PLL IP must be configured with an output clock frequency of 625.0 MHz.
Info: qsys-generate succeeded.
Info: Finished: Create block symbol file (.bsf)
Info: 
Info: Starting: Create HDL design files for synthesis
Info: qsys-generate /nfs/site/disks/sdg74_1254/users/kpapte/grr_nacd_1p0_ww33/rtls.prototyping.frio.grr-nac/build/stratix10/latest/pro.20.3/quartus/ip/s10_serdes_Ltile_with8b10b_tbi_eth/s10_serdes_Ltile_with8b10b_tbi_eth.ip --synthesis=VERILOG --output-directory=/nfs/site/disks/sdg74_1254/users/kpapte/grr_nacd_1p0_ww33/rtls.prototyping.frio.grr-nac/build/stratix10/latest/pro.20.3/quartus/ip/s10_serdes_Ltile_with8b10b_tbi_eth/s10_serdes_Ltile_with8b10b_tbi_eth --family="Stratix 10" --part=1SG280LU3F50E1VG
Info: s10_serdes_Ltile_with8b10b_tbi_eth.xcvr_native_s10_htile_0: The TX PCS-Core Interface FIFO is operating in half-rate transfer mode.
Info: s10_serdes_Ltile_with8b10b_tbi_eth.xcvr_native_s10_htile_0: The RX PCS-Core Interface FIFO is operating in half-rate transfer mode.
Info: s10_serdes_Ltile_with8b10b_tbi_eth.xcvr_native_s10_htile_0: For the selected device(1SG280LU3F50E1VG), transceiver speed grade is 3 and core speed grade is 1.
Info: s10_serdes_Ltile_with8b10b_tbi_eth.xcvr_native_s10_htile_0: Simplified data interface has been enabled. The Native PHY will present the data/control interface for the current configuration only. Dynamic reconfiguration of the data interface cannot be supported. The unused_tx_parallel_data and unused_tx_control ports should be connected to 0.
Info: s10_serdes_Ltile_with8b10b_tbi_eth.xcvr_native_s10_htile_0: For current configuration, TX PCS FIFO depth is "8" and TX Core FIFO depth is "8".
Info: s10_serdes_Ltile_with8b10b_tbi_eth.xcvr_native_s10_htile_0: For current configuration, RX PCS FIFO depth is "8" and RX Core FIFO depth is "16".
Info: s10_serdes_Ltile_with8b10b_tbi_eth.xcvr_native_s10_htile_0: "PCS clkout" (pcs_clkout) is selected to drive tx_clkout port and the clock frequency is 125.0 MHz.
Info: s10_serdes_Ltile_with8b10b_tbi_eth.xcvr_native_s10_htile_0: "PCS clkout" (pcs_clkout) is selected to drive rx_clkout port and the clock frequency is 125.0 MHz.
Info: s10_serdes_Ltile_with8b10b_tbi_eth.xcvr_native_s10_htile_0: Design example cannot be generated for the current configuration. Please check under Design Example tab and system message below for more detailed information.
Info: s10_serdes_Ltile_with8b10b_tbi_eth.xcvr_native_s10_htile_0: Note - The external TX PLL IP must be configured with an output clock frequency of 625.0 MHz.
Info: s10_serdes_Ltile_with8b10b_tbi_eth: "Transforming system: s10_serdes_Ltile_with8b10b_tbi_eth"
Info: s10_serdes_Ltile_with8b10b_tbi_eth: "Naming system components in system: s10_serdes_Ltile_with8b10b_tbi_eth"
Info: s10_serdes_Ltile_with8b10b_tbi_eth: "Processing generation queue"
Info: s10_serdes_Ltile_with8b10b_tbi_eth: "Generating: s10_serdes_Ltile_with8b10b_tbi_eth"
Info: s10_serdes_Ltile_with8b10b_tbi_eth: "Generating: s10_serdes_Ltile_with8b10b_tbi_eth_altera_xcvr_native_s10_htile_1930_emhqaya"
Info: xcvr_native_s10_htile_0: add_fileset_file ./alt_xcvr_arbiter.sv SYSTEM_VERILOG PATH ../../../../altera_xcvr_generic/ctrl/alt_xcvr_arbiter.sv
Info: xcvr_native_s10_htile_0: add_fileset_file ./altera_std_synchronizer_nocut.v VERILOG PATH ../../../../primitives/altera_std_synchronizer/altera_std_synchronizer_nocut.v
Info: xcvr_native_s10_htile_0: add_fileset_file ./alt_xcvr_resync_std.sv SYSTEM_VERILOG PATH ../../../alt_xcvr_generic/alt_xcvr_resync_std.sv
Info: xcvr_native_s10_htile_0: add_fileset_file ./alt_xcvr_reset_counter_s10.sv SYSTEM_VERILOG PATH ../../../altera_xcvr_reset_control_s10/alt_xcvr_reset_counter_s10.sv
Info: xcvr_native_s10_htile_0: add_fileset_file ./altera_xcvr_native_s10_functions_h.sv SYSTEM_VERILOG PATH ../../altera_xcvr_native_s10/source/altera_xcvr_native_s10_functions_h.sv
Info: xcvr_native_s10_htile_0: add_fileset_file ./s10_avmm_h.sv SYSTEM_VERILOG PATH ../../altera_xcvr_native_s10/source/s10_avmm_h.sv
Info: xcvr_native_s10_htile_0: add_fileset_file ./alt_xcvr_native_avmm_csr.sv SYSTEM_VERILOG PATH ../../altera_xcvr_native_s10/source/alt_xcvr_native_avmm_csr.sv
Info: xcvr_native_s10_htile_0: add_fileset_file ./alt_xcvr_native_prbs_accum.sv SYSTEM_VERILOG PATH ../../altera_xcvr_native_s10/source/alt_xcvr_native_prbs_accum.sv
Info: xcvr_native_s10_htile_0: add_fileset_file ./alt_xcvr_native_odi_accel.sv SYSTEM_VERILOG PATH ../../altera_xcvr_native_s10/source/alt_xcvr_native_odi_accel.sv
Info: xcvr_native_s10_htile_0: add_fileset_file ./alt_xcvr_native_rcfg_arb.sv SYSTEM_VERILOG PATH ../../altera_xcvr_native_s10/source/alt_xcvr_native_rcfg_arb.sv
Info: xcvr_native_s10_htile_0: add_fileset_file ./alt_xcvr_early_spd_chng_s10_htile.sv SYSTEM_VERILOG PATH ../../altera_xcvr_native_s10/source/alt_xcvr_early_spd_chng_s10_htile.sv
Info: xcvr_native_s10_htile_0: add_fileset_file ./alt_xcvr_native_anlg_reset_seq.sv SYSTEM_VERILOG PATH ../../altera_xcvr_native_s10/source/alt_xcvr_native_anlg_reset_seq.sv
Info: xcvr_native_s10_htile_0: add_fileset_file ./alt_xcvr_native_dig_reset_seq.sv SYSTEM_VERILOG PATH ../../altera_xcvr_native_s10/source/alt_xcvr_native_dig_reset_seq.sv
Info: xcvr_native_s10_htile_0: add_fileset_file ./alt_xcvr_native_reset_seq.sv SYSTEM_VERILOG PATH ../../altera_xcvr_native_s10/source/alt_xcvr_native_reset_seq.sv
Info: xcvr_native_s10_htile_0: add_fileset_file ./alt_xcvr_native_anlg_reset_seq_wrapper.sv SYSTEM_VERILOG PATH ../../altera_xcvr_native_s10/source/alt_xcvr_native_anlg_reset_seq_wrapper.sv
Info: xcvr_native_s10_htile_0: add_fileset_file ./alt_xcvr_native_re_cal_chnl.v VERILOG PATH ../../altera_xcvr_native_s10/source/alt_xcvr_native_re_cal_chnl.v
Info: xcvr_native_s10_htile_0: add_fileset_file ./alt_xcvr_pcie_rx_eios_prot.sv SYSTEM_VERILOG PATH ../../altera_xcvr_native_s10/source/alt_xcvr_pcie_rx_eios_prot.sv
Info: xcvr_native_s10_htile_0: add_fileset_file ./alt_xcvr_native_rx_maib_wa.sv SYSTEM_VERILOG PATH ../../altera_xcvr_native_s10/source/alt_xcvr_native_rx_maib_wa.sv
Info: s10_serdes_Ltile_with8b10b_tbi_eth: Done "s10_serdes_Ltile_with8b10b_tbi_eth" with 2 modules, 28 files
Info: qsys-generate succeeded.
Info: Finished: Create HDL design files for synthesis
