Info: Generated by version: 20.3 build 158
Info: Starting: Create block symbol file (.bsf)
Info: qsys-generate /nfs/site/disks/sdg74_1254/users/kpapte/grr_nacd_1p0_ww33/rtls.prototyping.frio.grr-nac/build/stratix10/latest/pro.20.3/quartus/ip/fpt_misc_sa_mm_nw/fpt_misc_sa_mm_nw.qsys --block-symbol-file --output-directory=/nfs/site/disks/sdg74_1254/users/kpapte/grr_nacd_1p0_ww33/rtls.prototyping.frio.grr-nac/build/stratix10/latest/pro.20.3/quartus/ip/fpt_misc_sa_mm_nw/fpt_misc_sa_mm_nw --family="Stratix 10" --part=1SG280LU3F50E1VG
Progress: Loading fpt_misc_sa_mm_nw/fpt_misc_sa_mm_nw.qsys
Progress: Reading input file
Progress: Adding address_span_extender [altera_generic_component 1.0]
Progress: Parameterizing module address_span_extender
Progress: Adding apb_clock [altera_generic_component 1.0]
Progress: Parameterizing module apb_clock
Progress: Adding apb_reset [altera_generic_component 1.0]
Progress: Parameterizing module apb_reset
Progress: Adding avmm2st_bridge [altera_generic_component 1.0]
Progress: Parameterizing module avmm2st_bridge
Progress: Adding avmm2st_mm_clock_crossing_bridge [altera_generic_component 1.0]
Progress: Parameterizing module avmm2st_mm_clock_crossing_bridge
Progress: Adding avmm_default_slave [altera_generic_component 1.0]
Progress: Parameterizing module avmm_default_slave
Progress: Adding core_clk_rst_sync_bridge [altera_generic_component 1.0]
Progress: Parameterizing module core_clk_rst_sync_bridge
Progress: Adding core_clk_rst_sync_mm_clock_crossing_bridge [altera_generic_component 1.0]
Progress: Parameterizing module core_clk_rst_sync_mm_clock_crossing_bridge
Progress: Adding core_clk_sync_clock [altera_generic_component 1.0]
Progress: Parameterizing module core_clk_sync_clock
Progress: Adding core_clk_sync_reset [altera_generic_component 1.0]
Progress: Parameterizing module core_clk_sync_reset
Progress: Adding ddr4_mem_bridge [altera_generic_component 1.0]
Progress: Parameterizing module ddr4_mem_bridge
Progress: Adding fpga_glbl_bridge [altera_generic_component 1.0]
Progress: Parameterizing module fpga_glbl_bridge
Progress: Adding i2c_clock [altera_generic_component 1.0]
Progress: Parameterizing module i2c_clock
Progress: Adding i2c_mm_bridge [altera_generic_component 1.0]
Progress: Parameterizing module i2c_mm_bridge
Progress: Adding i2c_mm_clock_crossing_bridge [altera_generic_component 1.0]
Progress: Parameterizing module i2c_mm_clock_crossing_bridge
Progress: Adding i2c_reset [altera_generic_component 1.0]
Progress: Parameterizing module i2c_reset
Progress: Adding infra_avst_clock [altera_generic_component 1.0]
Progress: Parameterizing module infra_avst_clock
Progress: Adding infra_avst_reset [altera_generic_component 1.0]
Progress: Parameterizing module infra_avst_reset
Progress: Adding jem_nw_bridge [altera_generic_component 1.0]
Progress: Parameterizing module jem_nw_bridge
Progress: Adding mon_clock [altera_generic_component 1.0]
Progress: Parameterizing module mon_clock
Progress: Adding mon_reset [altera_generic_component 1.0]
Progress: Parameterizing module mon_reset
Progress: Adding pcie_hst_bridge [altera_generic_component 1.0]
Progress: Parameterizing module pcie_hst_bridge
Progress: Adding spi_apb_mm_clock_crossing_bridge_0 [altera_generic_component 1.0]
Progress: Parameterizing module spi_apb_mm_clock_crossing_bridge_0
Progress: Adding spi_merlin_apb_translator [altera_generic_component 1.0]
Progress: Parameterizing module spi_merlin_apb_translator
Progress: Adding sys_clk_rst_sync_bridge [altera_generic_component 1.0]
Progress: Parameterizing module sys_clk_rst_sync_bridge
Progress: Adding sys_clk_rst_sync_mm_clock_crossing_bridge [altera_generic_component 1.0]
Progress: Parameterizing module sys_clk_rst_sync_mm_clock_crossing_bridge
Progress: Adding sys_clk_sync_clock [altera_generic_component 1.0]
Progress: Parameterizing module sys_clk_sync_clock
Progress: Adding sys_clk_sync_reset [altera_generic_component 1.0]
Progress: Parameterizing module sys_clk_sync_reset
Progress: Adding sysfpga_avst_bridge [altera_generic_component 1.0]
Progress: Parameterizing module sysfpga_avst_bridge
Progress: Adding sysfpga_avst_clock [altera_generic_component 1.0]
Progress: Parameterizing module sysfpga_avst_clock
Progress: Adding sysfpga_avst_mm_clock_crossing_bridge [altera_generic_component 1.0]
Progress: Parameterizing module sysfpga_avst_mm_clock_crossing_bridge
Progress: Adding sysfpga_avst_reset [altera_generic_component 1.0]
Progress: Parameterizing module sysfpga_avst_reset
Progress: Adding usr_cntrl_pio [altera_generic_component 1.0]
Progress: Parameterizing module usr_cntrl_pio
Progress: Adding usr_status_bridge [altera_generic_component 1.0]
Progress: Parameterizing module usr_status_bridge
Progress: Building connections
Progress: Parameterizing connections
Progress: Validating
Progress: Done reading input file
Info: qsys-generate succeeded.
Info: Finished: Create block symbol file (.bsf)
Info: 
Info: Starting: Create HDL design files for synthesis
Info: qsys-generate /nfs/site/disks/sdg74_1254/users/kpapte/grr_nacd_1p0_ww33/rtls.prototyping.frio.grr-nac/build/stratix10/latest/pro.20.3/quartus/ip/fpt_misc_sa_mm_nw/fpt_misc_sa_mm_nw.qsys --synthesis=VERILOG --output-directory=/nfs/site/disks/sdg74_1254/users/kpapte/grr_nacd_1p0_ww33/rtls.prototyping.frio.grr-nac/build/stratix10/latest/pro.20.3/quartus/ip/fpt_misc_sa_mm_nw/fpt_misc_sa_mm_nw --family="Stratix 10" --part=1SG280LU3F50E1VG
Progress: Loading fpt_misc_sa_mm_nw/fpt_misc_sa_mm_nw.qsys
Progress: Reading input file
Progress: Adding address_span_extender [altera_generic_component 1.0]
Progress: Parameterizing module address_span_extender
Progress: Adding apb_clock [altera_generic_component 1.0]
Progress: Parameterizing module apb_clock
Progress: Adding apb_reset [altera_generic_component 1.0]
Progress: Parameterizing module apb_reset
Progress: Adding avmm2st_bridge [altera_generic_component 1.0]
Progress: Parameterizing module avmm2st_bridge
Progress: Adding avmm2st_mm_clock_crossing_bridge [altera_generic_component 1.0]
Progress: Parameterizing module avmm2st_mm_clock_crossing_bridge
Progress: Adding avmm_default_slave [altera_generic_component 1.0]
Progress: Parameterizing module avmm_default_slave
Progress: Adding core_clk_rst_sync_bridge [altera_generic_component 1.0]
Progress: Parameterizing module core_clk_rst_sync_bridge
Progress: Adding core_clk_rst_sync_mm_clock_crossing_bridge [altera_generic_component 1.0]
Progress: Parameterizing module core_clk_rst_sync_mm_clock_crossing_bridge
Progress: Adding core_clk_sync_clock [altera_generic_component 1.0]
Progress: Parameterizing module core_clk_sync_clock
Progress: Adding core_clk_sync_reset [altera_generic_component 1.0]
Progress: Parameterizing module core_clk_sync_reset
Progress: Adding ddr4_mem_bridge [altera_generic_component 1.0]
Progress: Parameterizing module ddr4_mem_bridge
Progress: Adding fpga_glbl_bridge [altera_generic_component 1.0]
Progress: Parameterizing module fpga_glbl_bridge
Progress: Adding i2c_clock [altera_generic_component 1.0]
Progress: Parameterizing module i2c_clock
Progress: Adding i2c_mm_bridge [altera_generic_component 1.0]
Progress: Parameterizing module i2c_mm_bridge
Progress: Adding i2c_mm_clock_crossing_bridge [altera_generic_component 1.0]
Progress: Parameterizing module i2c_mm_clock_crossing_bridge
Progress: Adding i2c_reset [altera_generic_component 1.0]
Progress: Parameterizing module i2c_reset
Progress: Adding infra_avst_clock [altera_generic_component 1.0]
Progress: Parameterizing module infra_avst_clock
Progress: Adding infra_avst_reset [altera_generic_component 1.0]
Progress: Parameterizing module infra_avst_reset
Progress: Adding jem_nw_bridge [altera_generic_component 1.0]
Progress: Parameterizing module jem_nw_bridge
Progress: Adding mon_clock [altera_generic_component 1.0]
Progress: Parameterizing module mon_clock
Progress: Adding mon_reset [altera_generic_component 1.0]
Progress: Parameterizing module mon_reset
Progress: Adding pcie_hst_bridge [altera_generic_component 1.0]
Progress: Parameterizing module pcie_hst_bridge
Progress: Adding spi_apb_mm_clock_crossing_bridge_0 [altera_generic_component 1.0]
Progress: Parameterizing module spi_apb_mm_clock_crossing_bridge_0
Progress: Adding spi_merlin_apb_translator [altera_generic_component 1.0]
Progress: Parameterizing module spi_merlin_apb_translator
Progress: Adding sys_clk_rst_sync_bridge [altera_generic_component 1.0]
Progress: Parameterizing module sys_clk_rst_sync_bridge
Progress: Adding sys_clk_rst_sync_mm_clock_crossing_bridge [altera_generic_component 1.0]
Progress: Parameterizing module sys_clk_rst_sync_mm_clock_crossing_bridge
Progress: Adding sys_clk_sync_clock [altera_generic_component 1.0]
Progress: Parameterizing module sys_clk_sync_clock
Progress: Adding sys_clk_sync_reset [altera_generic_component 1.0]
Progress: Parameterizing module sys_clk_sync_reset
Progress: Adding sysfpga_avst_bridge [altera_generic_component 1.0]
Progress: Parameterizing module sysfpga_avst_bridge
Progress: Adding sysfpga_avst_clock [altera_generic_component 1.0]
Progress: Parameterizing module sysfpga_avst_clock
Progress: Adding sysfpga_avst_mm_clock_crossing_bridge [altera_generic_component 1.0]
Progress: Parameterizing module sysfpga_avst_mm_clock_crossing_bridge
Progress: Adding sysfpga_avst_reset [altera_generic_component 1.0]
Progress: Parameterizing module sysfpga_avst_reset
Progress: Adding usr_cntrl_pio [altera_generic_component 1.0]
Progress: Parameterizing module usr_cntrl_pio
Progress: Adding usr_status_bridge [altera_generic_component 1.0]
Progress: Parameterizing module usr_status_bridge
Progress: Building connections
Progress: Parameterizing connections
Progress: Validating
Progress: Done reading input file
Info: fpt_misc_sa_mm_nw: "Transforming system: fpt_misc_sa_mm_nw"
Info: Interconnect is inserted between master spi_apb_mm_clock_crossing_bridge_0.m0 and slave spi_merlin_apb_translator.s0 because the master is of type avalon and the slave is of type apb.
Info: fpt_misc_sa_mm_nw: "Naming system components in system: fpt_misc_sa_mm_nw"
Info: fpt_misc_sa_mm_nw: "Processing generation queue"
Info: fpt_misc_sa_mm_nw: "Generating: fpt_misc_sa_mm_nw"
Info: fpt_misc_sa_mm_nw: "Generating: fpt_misc_sa_mm_nw_address_span_extender_0"
Info: fpt_misc_sa_mm_nw: "Generating: i2c_clock_0"
Info: fpt_misc_sa_mm_nw: "Generating: i2c_reset_0"
Info: fpt_misc_sa_mm_nw: "Generating: fpt_misc_sa_mm_nw_mm_bridge_4"
Info: fpt_misc_sa_mm_nw: "Generating: fpt_misc_sa_mm_nw_mm_clock_crossing_bridge_0"
Info: fpt_misc_sa_mm_nw: "Generating: fpt_misc_sa_mm_nw_mm_bridge_5"
Info: fpt_misc_sa_mm_nw: "Generating: usr_status_bridge_0"
Info: fpt_misc_sa_mm_nw: "Generating: fpt_misc_sa_mm_nw_mm_clock_crossing_bridge_2"
Info: fpt_misc_sa_mm_nw: "Generating: sys_clk_sync_clock_0"
Info: fpt_misc_sa_mm_nw: "Generating: sys_clk_sync_reset_0"
Info: fpt_misc_sa_mm_nw: "Generating: mm_bridge_0"
Info: fpt_misc_sa_mm_nw: "Generating: fpt_misc_sa_mm_nw_mm_bridge_1"
Info: fpt_misc_sa_mm_nw: "Generating: fpt_misc_sa_mm_nw_clock_bridge_1"
Info: fpt_misc_sa_mm_nw: "Generating: fpt_misc_sa_mm_nw_mm_bridge_3"
Info: fpt_misc_sa_mm_nw: "Generating: fpt_misc_sa_mm_nw_mm_clock_crossing_bridge_3"
Info: fpt_misc_sa_mm_nw: "Generating: fpt_misc_sa_mm_nw_reset_bridge_1"
Info: fpt_misc_sa_mm_nw: "Generating: mon_clock_0"
Info: fpt_misc_sa_mm_nw: "Generating: mon_reset_0"
Info: fpt_misc_sa_mm_nw: "Generating: fpt_misc_sa_mm_nw_mm_bridge_2"
Info: fpt_misc_sa_mm_nw: "Generating: fpt_misc_sa_mm_nw_clock_in"
Info: fpt_misc_sa_mm_nw: "Generating: fpt_misc_sa_mm_nw_reset_in"
Info: fpt_misc_sa_mm_nw: "Generating: fpt_misc_sa_mm_nw_mm_bridge_0"
Info: fpt_misc_sa_mm_nw: "Generating: fpt_misc_sa_mm_nw_mm_clock_crossing_bridge_4"
Info: fpt_misc_sa_mm_nw: "Generating: fpt_misc_sa_mm_nw_merlin_apb_translator_0"
Info: fpt_misc_sa_mm_nw: "Generating: fpt_misc_sa_mm_nw_clock_bridge_0"
Info: fpt_misc_sa_mm_nw: "Generating: fpt_misc_sa_mm_nw_reset_bridge_0"
Info: fpt_misc_sa_mm_nw: "Generating: pcie_hst_bridge_0"
Info: fpt_misc_sa_mm_nw: "Generating: infra_avst_clock_0"
Info: fpt_misc_sa_mm_nw: "Generating: fpt_misc_sa_mm_nw_mm_clock_crossing_bridge_1"
Info: fpt_misc_sa_mm_nw: "Generating: infra_avst_reset_0"
Info: fpt_misc_sa_mm_nw: "Generating: fpt_misc_sa_mm_nw_pio_0"
Info: fpt_misc_sa_mm_nw: "Generating: fpga_glbl_bridge_0"
Info: fpt_misc_sa_mm_nw: "Generating: fpt_misc_sa_mm_nw_altera_mm_interconnect_1920_quuno3i"
Info: fpt_misc_sa_mm_nw: "Generating: fpt_misc_sa_mm_nw_altera_mm_interconnect_1920_33d4cja"
Info: fpt_misc_sa_mm_nw: "Generating: fpt_misc_sa_mm_nw_altera_mm_interconnect_1920_2vrwe6y"
Info: fpt_misc_sa_mm_nw: "Generating: altera_reset_controller"
Info: fpt_misc_sa_mm_nw: "Generating: fpt_misc_sa_mm_nw_altera_merlin_master_translator_191_g7h47bq"
Info: fpt_misc_sa_mm_nw: "Generating: fpt_misc_sa_mm_nw_altera_merlin_slave_translator_191_x56fcki"
Info: fpt_misc_sa_mm_nw: "Generating: fpt_misc_sa_mm_nw_altera_merlin_master_agent_191_mpbm6tq"
Info: fpt_misc_sa_mm_nw: "Generating: fpt_misc_sa_mm_nw_altera_merlin_slave_agent_191_ncfkfri"
Info: fpt_misc_sa_mm_nw: "Generating: fpt_misc_sa_mm_nw_altera_avalon_sc_fifo_1930_pqv24kq"
Info: fpt_misc_sa_mm_nw: "Generating: fpt_misc_sa_mm_nw_altera_merlin_router_1920_v6vnf3q"
Info: fpt_misc_sa_mm_nw: "Generating: fpt_misc_sa_mm_nw_altera_merlin_router_1920_gleyk6i"
Info: fpt_misc_sa_mm_nw: "Generating: fpt_misc_sa_mm_nw_altera_merlin_router_1920_catw2mq"
Info: fpt_misc_sa_mm_nw: "Generating: fpt_misc_sa_mm_nw_altera_merlin_traffic_limiter_191_kcba44q"
Info: my_altera_avalon_sc_fifo_dest_id_fifo: "Generating: my_altera_avalon_sc_fifo_dest_id_fifo"
Info: fpt_misc_sa_mm_nw: "Generating: fpt_misc_sa_mm_nw_altera_merlin_burst_adapter_1920_ihjen5y"
Info: my_altera_avalon_st_pipeline_stage: "Generating: my_altera_avalon_st_pipeline_stage"
Info: fpt_misc_sa_mm_nw: "Generating: fpt_misc_sa_mm_nw_altera_merlin_burst_adapter_1920_u7z7phy"
Info: my_altera_avalon_st_pipeline_stage: "Generating: my_altera_avalon_st_pipeline_stage"
Info: fpt_misc_sa_mm_nw: "Generating: fpt_misc_sa_mm_nw_altera_merlin_demultiplexer_1920_4hkjuyi"
Info: fpt_misc_sa_mm_nw: "Generating: fpt_misc_sa_mm_nw_altera_merlin_multiplexer_1920_doydcha"
Info: fpt_misc_sa_mm_nw: "Generating: fpt_misc_sa_mm_nw_altera_merlin_demultiplexer_1920_kcfw7qy"
Info: fpt_misc_sa_mm_nw: "Generating: fpt_misc_sa_mm_nw_altera_merlin_multiplexer_1920_455fpka"
Info: fpt_misc_sa_mm_nw: "Generating: fpt_misc_sa_mm_nw_altera_merlin_width_adapter_1920_7fntgqy"
Info: fpt_misc_sa_mm_nw: "Generating: fpt_misc_sa_mm_nw_altera_merlin_width_adapter_1920_kwivili"
Info: fpt_misc_sa_mm_nw: "Generating: fpt_misc_sa_mm_nw_altera_avalon_st_pipeline_stage_1920_zterisq"
Info: fpt_misc_sa_mm_nw: "Generating: altera_error_response_slave"
Info: fpt_misc_sa_mm_nw: "Generating: fpt_misc_sa_mm_nw_altera_merlin_axi_slave_ni_1930_e32qs2q"
Info: my_altera_avalon_sc_fifo_wr: "Generating: my_altera_avalon_sc_fifo_wr"
Info: my_altera_avalon_sc_fifo_rd: "Generating: my_altera_avalon_sc_fifo_rd"
Info: fpt_misc_sa_mm_nw: "Generating: fpt_misc_sa_mm_nw_altera_merlin_router_1920_lwpvozq"
Info: fpt_misc_sa_mm_nw: "Generating: fpt_misc_sa_mm_nw_altera_merlin_router_1920_srs5tcy"
Info: fpt_misc_sa_mm_nw: "Generating: fpt_misc_sa_mm_nw_altera_merlin_router_1920_d4pwinq"
Info: fpt_misc_sa_mm_nw: "Generating: fpt_misc_sa_mm_nw_altera_merlin_burst_adapter_1920_wkjx77y"
Info: my_altera_avalon_st_pipeline_stage: "Generating: my_altera_avalon_st_pipeline_stage"
Info: fpt_misc_sa_mm_nw: "Generating: fpt_misc_sa_mm_nw_altera_merlin_demultiplexer_1920_mqsrpzi"
Info: fpt_misc_sa_mm_nw: "Generating: fpt_misc_sa_mm_nw_altera_merlin_multiplexer_1920_j3qniki"
Info: fpt_misc_sa_mm_nw: "Generating: fpt_misc_sa_mm_nw_altera_merlin_demultiplexer_1920_56ex4qq"
Info: fpt_misc_sa_mm_nw: "Generating: fpt_misc_sa_mm_nw_altera_merlin_multiplexer_1920_j52yu5q"
Info: fpt_misc_sa_mm_nw: "Generating: fpt_misc_sa_mm_nw_altera_merlin_width_adapter_1920_x57qata"
Info: fpt_misc_sa_mm_nw: "Generating: fpt_misc_sa_mm_nw_altera_merlin_width_adapter_1920_ynttsmq"
Info: fpt_misc_sa_mm_nw: "Generating: fpt_misc_sa_mm_nw_altera_merlin_apb_translator_1920_wdrqxna"
Info: fpt_misc_sa_mm_nw: "Generating: fpt_misc_sa_mm_nw_altera_merlin_axi_slave_ni_1930_f2yixoy"
Info: my_altera_avalon_sc_fifo_wr: "Generating: my_altera_avalon_sc_fifo_wr"
Info: my_altera_avalon_sc_fifo_rd: "Generating: my_altera_avalon_sc_fifo_rd"
Info: fpt_misc_sa_mm_nw: "Generating: fpt_misc_sa_mm_nw_altera_merlin_apb_slave_agent_1920_zxfjeby"
Info: fpt_misc_sa_mm_nw: "Generating: fpt_misc_sa_mm_nw_altera_merlin_router_1920_3zt524i"
Info: fpt_misc_sa_mm_nw: "Generating: fpt_misc_sa_mm_nw_altera_merlin_router_1920_ehx5nly"
Info: fpt_misc_sa_mm_nw: "Generating: fpt_misc_sa_mm_nw_altera_merlin_demultiplexer_1920_xaqlt4q"
Info: fpt_misc_sa_mm_nw: "Generating: fpt_misc_sa_mm_nw_altera_merlin_multiplexer_1920_qgmnrty"
Info: fpt_misc_sa_mm_nw: "Generating: fpt_misc_sa_mm_nw_altera_merlin_demultiplexer_1920_inuiqla"
Info: fpt_misc_sa_mm_nw: "Generating: fpt_misc_sa_mm_nw_altera_merlin_multiplexer_1920_ykpz5nq"
Info: fpt_misc_sa_mm_nw: "Generating: fpt_misc_sa_mm_nw_altera_merlin_traffic_limiter_altera_avalon_sc_fifo_191_zk2rw3i"
Info: fpt_misc_sa_mm_nw: "Generating: fpt_misc_sa_mm_nw_altera_merlin_burst_adapter_altera_avalon_st_pipeline_stage_1920_odztmfi"
Info: fpt_misc_sa_mm_nw: "Generating: fpt_misc_sa_mm_nw_altera_merlin_burst_adapter_altera_avalon_st_pipeline_stage_1920_u225yhq"
Info: fpt_misc_sa_mm_nw: "Generating: fpt_misc_sa_mm_nw_altera_merlin_axi_slave_ni_altera_avalon_sc_fifo_1930_zspotly"
Info: fpt_misc_sa_mm_nw: "Generating: fpt_misc_sa_mm_nw_altera_merlin_burst_adapter_altera_avalon_st_pipeline_stage_1920_fjiukki"
Info: fpt_misc_sa_mm_nw: "Generating: fpt_misc_sa_mm_nw_altera_merlin_axi_slave_ni_altera_avalon_sc_fifo_1930_44cfhty"
Info: fpt_misc_sa_mm_nw: Done "fpt_misc_sa_mm_nw" with 82 modules, 97 files
Info: qsys-generate succeeded.
Info: Finished: Create HDL design files for synthesis
