######################################################################
#    Veloce Prototyping System
#    /nfs/site/disks/zsc7.xne_acccip.001/kumarlok/gellakiy/cnic_pss/verif/fpga/vps_dvb/redcomp.out/report/summary.rpt -- Automatically generated from redcomp 
#    Version: 2023.06
#    Build : 5694875
#    Date : Fri Jan 17 02:10:23 2025
#    Unpublished work. Copyright 2023 Siemens
#    This material contains trade secrets or otherwise
#    confidential information owned by Siemens Industry Software Inc.
#    or its affiliates (collectively, "SISW"), or its licensors.
#    Access to and use of this information is strictly limited as
#    set forth in the Customer's applicable agreements with SISW.
######################################################################


================================================================================================================================================================================================================================
Table of contents                                                               
================================================================================================================================================================================================================================
1 : Summary                                                                                                                                                                                                                                          
2 : Run parameters                                                              
3 : Tasks Info                                                                  
4 : Compile Tags Info                                                           

================================================================================================================================================================================================================================                     
1 : Summary                                                                     
================================================================================================================================================================================================================================

-------------------------------------------------------------------------------------------------------------------------------------------------------------------------------------------------------------------------------                      
1.1 : Primary Tasks                                                             
-------------------------------------------------------------------------------------------------------------------------------------------------------------------------------------------------------------------------------
TASK                            STATUS                 LAST RUN              WALL TIME       CPU TIME        WAIT + OVERHEAD      PEAK VIRTUAL   ERRORS    WARNINGS  WNS(ns)   TNS(ns)   WHS(ns)   THS(ns)   WPWS(ns)  TPWS(ns)  
                                                                             (hrs:min:sec)   (hrs:min:sec)   TIME (hrs:min:sec)   MEMORY (MB)                                                                
-------------------------------------------------------------------------------------------------------------------------------------------------------------------------------------------------------------------------------
analyze                         Not Run                                                                                           --             0         0         
-------------------------------------------------------------------------------------------------------------------------------------------------------------------------------------------------------------------------------                      
1.2 : Standalone Tasks                                                          
-------------------------------------------------------------------------------------------------------------------------------------------------------------------------------------------------------------------------------
TASK                            STATUS                 LAST RUN              WALL TIME       CPU TIME        WAIT + OVERHEAD      PEAK VIRTUAL   ERRORS    WARNINGS  WNS(ns)   TNS(ns)   WHS(ns)   THS(ns)   WPWS(ns)  TPWS(ns)  
                                                                             (hrs:min:sec)   (hrs:min:sec)   TIME (hrs:min:sec)   MEMORY (MB)                                                                
-------------------------------------------------------------------------------------------------------------------------------------------------------------------------------------------------------------------------------

-------------------------------------------------------------------------------------------------------------------------------------------------------------------------------------------------------------------------------
[*] Executed in current run.                                                                                  

================================================================================================================================================================================================================================
2 : Run Parameters                                                              
================================================================================================================================================================================================================================

Run Directory            : 
Output Directory         : /nfs/site/disks/zsc7.xne_acccip.001/kumarlok/gellakiy/cnic_pss/verif/fpga/vps_dvb/redcomp.out
Configuration File       : 
Start Task               : 
End Task                 : 
RDC File                 : 

================================================================================================================================================================================================================================
3 : Tasks Info                                                                  
================================================================================================================================================================================================================================
================================================================================================================================================================================================================================                     
4 : Compile Tags Info                                                           
================================================================================================================================================================================================================================
