Info: Generated by version: 19.4 build 64
Info: Starting: Create block symbol file (.bsf)
Info: qsys-generate /bata/ksallemi/WORK/intelPSG/uhfi/ip_models_sg10m_19.4/s10_phy_xcvr_fpll_gen.ip --block-symbol-file --output-directory=/bata/ksallemi/WORK/intelPSG/uhfi/ip_models_sg10m_19.4/s10_phy_xcvr_fpll_gen --family="Stratix 10" --part=1SG10MHN3F74C2LG_U1
Info: s10_phy_xcvr_fpll_gen.xcvr_fpll_s10_htile_0: For the selected device(1SG10MHN3F74C2LG_U1), PLL speed grade is 2.
Info: qsys-generate succeeded.
Info: Finished: Create block symbol file (.bsf)
Info: 
Info: Starting: Create HDL design files for synthesis
Info: qsys-generate /bata/ksallemi/WORK/intelPSG/uhfi/ip_models_sg10m_19.4/s10_phy_xcvr_fpll_gen.ip --synthesis=VERILOG --output-directory=/bata/ksallemi/WORK/intelPSG/uhfi/ip_models_sg10m_19.4/s10_phy_xcvr_fpll_gen --family="Stratix 10" --part=1SG10MHN3F74C2LG_U1
Info: s10_phy_xcvr_fpll_gen.xcvr_fpll_s10_htile_0: For the selected device(1SG10MHN3F74C2LG_U1), PLL speed grade is 2.
Info: s10_phy_xcvr_fpll_gen: "Transforming system: s10_phy_xcvr_fpll_gen"
Info: s10_phy_xcvr_fpll_gen: "Naming system components in system: s10_phy_xcvr_fpll_gen"
Info: s10_phy_xcvr_fpll_gen: "Processing generation queue"
Info: s10_phy_xcvr_fpll_gen: "Generating: s10_phy_xcvr_fpll_gen"
Info: s10_phy_xcvr_fpll_gen: "Generating: s10_phy_xcvr_fpll_gen_altera_xcvr_fpll_s10_htile_1911_6tjuk2i"
Info: xcvr_fpll_s10_htile_0: add_fileset_file ./altera_std_synchronizer_nocut.v VERILOG PATH ../../../../primitives/altera_std_synchronizer/altera_std_synchronizer_nocut.v
Info: xcvr_fpll_s10_htile_0: add_fileset_file ./s10_avmm_h.sv SYSTEM_VERILOG PATH ../../../altera_xcvr_native_phy/altera_xcvr_native_s10/source/s10_avmm_h.sv
Info: xcvr_fpll_s10_htile_0: add_fileset_file ./altera_xcvr_native_s10_functions_h.sv SYSTEM_VERILOG PATH ../../../altera_xcvr_native_phy/altera_xcvr_native_s10/source/altera_xcvr_native_s10_functions_h.sv
Info: xcvr_fpll_s10_htile_0: add_fileset_file ./alt_xcvr_native_anlg_reset_seq.sv SYSTEM_VERILOG PATH ../../../altera_xcvr_native_phy/altera_xcvr_native_s10/source/alt_xcvr_native_anlg_reset_seq.sv
Info: xcvr_fpll_s10_htile_0: add_fileset_file ./alt_xcvr_pll_rcfg_arb.sv SYSTEM_VERILOG PATH ../../common/alt_xcvr_pll_rcfg_arb.sv
Info: xcvr_fpll_s10_htile_0: add_fileset_file ./alt_xcvr_pll_embedded_debug.sv SYSTEM_VERILOG PATH ../../common/alt_xcvr_pll_embedded_debug.sv
Info: xcvr_fpll_s10_htile_0: add_fileset_file ./alt_xcvr_pll_avmm_csr.sv SYSTEM_VERILOG PATH ../../common/alt_xcvr_pll_avmm_csr.sv
Info: xcvr_fpll_s10_htile_0: add_fileset_file ./alt_xcvr_resync.sv SYSTEM_VERILOG PATH ../../../../altera_xcvr_generic/ctrl/alt_xcvr_resync.sv
Info: xcvr_fpll_s10_htile_0: add_fileset_file ./alt_xcvr_arbiter.sv SYSTEM_VERILOG PATH ../../../../altera_xcvr_generic/ctrl/alt_xcvr_arbiter.sv
Info: s10_phy_xcvr_fpll_gen: Done "s10_phy_xcvr_fpll_gen" with 2 modules, 14 files
Info: qsys-generate succeeded.
Info: Finished: Create HDL design files for synthesis
