Info: Generated by version: 19.4 build 64
Info: Starting: Create simulation model
Info: qsys-generate /bata/ksallemi/WORK/intelPSG/uhfi/ip_models_sg10m_19.4/s10_phy_xcvr_fpll_gen.ip --simulation=VERILOG --allow-mixed-language-simulation --output-directory=/bata/ksallemi/WORK/intelPSG/uhfi/ip_models_sg10m_19.4/s10_phy_xcvr_fpll_gen --family="Stratix 10" --part=1SG10MHN3F74C2LG_U1
Info: s10_phy_xcvr_fpll_gen.xcvr_fpll_s10_htile_0: For the selected device(1SG10MHN3F74C2LG_U1), PLL speed grade is 2.
Info: s10_phy_xcvr_fpll_gen: "Transforming system: s10_phy_xcvr_fpll_gen"
Info: s10_phy_xcvr_fpll_gen: "Naming system components in system: s10_phy_xcvr_fpll_gen"
Info: s10_phy_xcvr_fpll_gen: "Processing generation queue"
Info: s10_phy_xcvr_fpll_gen: "Generating: s10_phy_xcvr_fpll_gen"
Info: s10_phy_xcvr_fpll_gen: "Generating: s10_phy_xcvr_fpll_gen_altera_xcvr_fpll_s10_htile_1911_6tjuk2i"
Info: xcvr_fpll_s10_htile_0: add_fileset_file ./altera_std_synchronizer_nocut.v VERILOG PATH ../../../../primitives/altera_std_synchronizer/altera_std_synchronizer_nocut.v
Info: xcvr_fpll_s10_htile_0: add_fileset_file ./s10_avmm_h.sv SYSTEM_VERILOG PATH ../../../altera_xcvr_native_phy/altera_xcvr_native_s10/source/s10_avmm_h.sv
Info: xcvr_fpll_s10_htile_0: add_fileset_file ./altera_xcvr_native_s10_functions_h.sv SYSTEM_VERILOG PATH ../../../altera_xcvr_native_phy/altera_xcvr_native_s10/source/altera_xcvr_native_s10_functions_h.sv
Info: xcvr_fpll_s10_htile_0: add_fileset_file ./alt_xcvr_native_anlg_reset_seq.sv SYSTEM_VERILOG PATH ../../../altera_xcvr_native_phy/altera_xcvr_native_s10/source/alt_xcvr_native_anlg_reset_seq.sv
Info: xcvr_fpll_s10_htile_0: add_fileset_file ./alt_xcvr_pll_rcfg_arb.sv SYSTEM_VERILOG PATH ../../common/alt_xcvr_pll_rcfg_arb.sv
Info: xcvr_fpll_s10_htile_0: add_fileset_file ./alt_xcvr_pll_embedded_debug.sv SYSTEM_VERILOG PATH ../../common/alt_xcvr_pll_embedded_debug.sv
Info: xcvr_fpll_s10_htile_0: add_fileset_file ./alt_xcvr_pll_avmm_csr.sv SYSTEM_VERILOG PATH ../../common/alt_xcvr_pll_avmm_csr.sv
Info: xcvr_fpll_s10_htile_0: add_fileset_file ./alt_xcvr_resync.sv SYSTEM_VERILOG PATH ../../../../altera_xcvr_generic/ctrl/alt_xcvr_resync.sv
Info: xcvr_fpll_s10_htile_0: add_fileset_file ./alt_xcvr_arbiter.sv SYSTEM_VERILOG PATH ../../../../altera_xcvr_generic/ctrl/alt_xcvr_arbiter.sv
Info: xcvr_fpll_s10_htile_0: add_fileset_file ./mentor/alt_xcvr_resync.sv SYSTEM_VERILOG_ENCRYPT PATH ../../../../altera_xcvr_generic/mentor/ctrl/alt_xcvr_resync.sv MENTOR_SPECIFIC
Info: xcvr_fpll_s10_htile_0: add_fileset_file ./mentor/alt_xcvr_arbiter.sv SYSTEM_VERILOG_ENCRYPT PATH ../../../../altera_xcvr_generic/mentor/ctrl/alt_xcvr_arbiter.sv MENTOR_SPECIFIC
Info: s10_phy_xcvr_fpll_gen: Done "s10_phy_xcvr_fpll_gen" with 2 modules, 20 files
Info: Generating the following file(s) for MODELSIM simulator in /bata/ksallemi/WORK/intelPSG/uhfi/ip_models_sg10m_19.4/s10_phy_xcvr_fpll_gen/sim/ directory:
Info: 	common/modelsim_files.tcl
Info: Generating the following file(s) for VCSMX simulator in /bata/ksallemi/WORK/intelPSG/uhfi/ip_models_sg10m_19.4/s10_phy_xcvr_fpll_gen/sim/ directory:
Info: 	common/vcsmx_files.tcl
Info: Generating the following file(s) for VCS simulator in /bata/ksallemi/WORK/intelPSG/uhfi/ip_models_sg10m_19.4/s10_phy_xcvr_fpll_gen/sim/ directory:
Info: 	common/vcs_files.tcl
Info: Generating the following file(s) for RIVIERA simulator in /bata/ksallemi/WORK/intelPSG/uhfi/ip_models_sg10m_19.4/s10_phy_xcvr_fpll_gen/sim/ directory:
Info: 	common/riviera_files.tcl
Info: Generating the following file(s) for NCSIM simulator in /bata/ksallemi/WORK/intelPSG/uhfi/ip_models_sg10m_19.4/s10_phy_xcvr_fpll_gen/sim/ directory:
Info: 	common/ncsim_files.tcl
Info: Generating the following file(s) for XCELIUM simulator in /bata/ksallemi/WORK/intelPSG/uhfi/ip_models_sg10m_19.4/s10_phy_xcvr_fpll_gen/sim/ directory:
Info: 	common/xcelium_files.tcl
Info: For information on how to simulate your IP, see the explanatory comments in the simulator-specific subdirectories under /bata/ksallemi/WORK/intelPSG/uhfi/ip_models_sg10m_19.4/s10_phy_xcvr_fpll_gen/sim/.
Info: Regenerate these scripts whenever you make any change to any Quartus-generated IP in your project.
Info: qsys-generate succeeded.
Info: Finished: Create simulation model
Info: Starting: Create Modelsim Project.
Info: sim-script-gen --system-file=/bata/ksallemi/WORK/intelPSG/uhfi/ip_models_sg10m_19.4/s10_phy_xcvr_fpll_gen.ip --output-directory=/bata/ksallemi/WORK/intelPSG/uhfi/ip_models_sg10m_19.4/s10_phy_xcvr_fpll_gen/sim/ --use-relative-paths=true
Info: Generating the following file(s) for MODELSIM simulator in /bata/ksallemi/WORK/intelPSG/uhfi/ip_models_sg10m_19.4/s10_phy_xcvr_fpll_gen/sim/ directory:
Info: 	mentor/msim_setup.tcl
Info: Generating the following file(s) for VCSMX simulator in /bata/ksallemi/WORK/intelPSG/uhfi/ip_models_sg10m_19.4/s10_phy_xcvr_fpll_gen/sim/ directory:
Info: 	synopsys/vcsmx/synopsys_sim.setup
Info: 	synopsys/vcsmx/vcsmx_setup.sh
Info: Generating the following file(s) for VCS simulator in /bata/ksallemi/WORK/intelPSG/uhfi/ip_models_sg10m_19.4/s10_phy_xcvr_fpll_gen/sim/ directory:
Info: 	synopsys/vcs/vcs_setup.sh
Info: Generating the following file(s) for RIVIERA simulator in /bata/ksallemi/WORK/intelPSG/uhfi/ip_models_sg10m_19.4/s10_phy_xcvr_fpll_gen/sim/ directory:
Info: 	aldec/rivierapro_setup.tcl
Info: Generating the following file(s) for NCSIM simulator in /bata/ksallemi/WORK/intelPSG/uhfi/ip_models_sg10m_19.4/s10_phy_xcvr_fpll_gen/sim/ directory:
Info: 	cadence/cds.lib
Info: 	cadence/hdl.var
Info: 	cadence/ncsim_setup.sh
Info: 	3 .cds.lib files in cadence/cds_libs/ directory
Info: Generating the following file(s) for XCELIUM simulator in /bata/ksallemi/WORK/intelPSG/uhfi/ip_models_sg10m_19.4/s10_phy_xcvr_fpll_gen/sim/ directory:
Info: 	xcelium/cds.lib
Info: 	xcelium/hdl.var
Info: 	xcelium/xcelium_setup.sh
Info: 	3 .cds.lib files in xcelium/cds_libs/ directory
Info: For information on how to simulate your IP, see the explanatory comments in the simulator-specific subdirectories under /bata/ksallemi/WORK/intelPSG/uhfi/ip_models_sg10m_19.4/s10_phy_xcvr_fpll_gen/sim/.
Info: Regenerate these scripts whenever you make any change to any Quartus-generated IP in your project.
Info: Finished: Create Modelsim Project.
Info: Starting: Create block symbol file (.bsf)
Info: qsys-generate /bata/ksallemi/WORK/intelPSG/uhfi/ip_models_sg10m_19.4/s10_phy_xcvr_fpll_gen.ip --block-symbol-file --output-directory=/bata/ksallemi/WORK/intelPSG/uhfi/ip_models_sg10m_19.4/s10_phy_xcvr_fpll_gen --family="Stratix 10" --part=1SG10MHN3F74C2LG_U1
Info: s10_phy_xcvr_fpll_gen.xcvr_fpll_s10_htile_0: For the selected device(1SG10MHN3F74C2LG_U1), PLL speed grade is 2.
Info: qsys-generate succeeded.
Info: Finished: Create block symbol file (.bsf)
Info: 
Info: Starting: Create HDL design files for synthesis
Info: qsys-generate /bata/ksallemi/WORK/intelPSG/uhfi/ip_models_sg10m_19.4/s10_phy_xcvr_fpll_gen.ip --synthesis=VERILOG --output-directory=/bata/ksallemi/WORK/intelPSG/uhfi/ip_models_sg10m_19.4/s10_phy_xcvr_fpll_gen --family="Stratix 10" --part=1SG10MHN3F74C2LG_U1
Info: s10_phy_xcvr_fpll_gen.xcvr_fpll_s10_htile_0: For the selected device(1SG10MHN3F74C2LG_U1), PLL speed grade is 2.
Info: s10_phy_xcvr_fpll_gen: "Transforming system: s10_phy_xcvr_fpll_gen"
Info: s10_phy_xcvr_fpll_gen: "Naming system components in system: s10_phy_xcvr_fpll_gen"
Info: s10_phy_xcvr_fpll_gen: "Processing generation queue"
Info: s10_phy_xcvr_fpll_gen: "Generating: s10_phy_xcvr_fpll_gen"
Info: s10_phy_xcvr_fpll_gen: "Generating: s10_phy_xcvr_fpll_gen_altera_xcvr_fpll_s10_htile_1911_6tjuk2i"
Info: xcvr_fpll_s10_htile_0: add_fileset_file ./altera_std_synchronizer_nocut.v VERILOG PATH ../../../../primitives/altera_std_synchronizer/altera_std_synchronizer_nocut.v
Info: xcvr_fpll_s10_htile_0: add_fileset_file ./s10_avmm_h.sv SYSTEM_VERILOG PATH ../../../altera_xcvr_native_phy/altera_xcvr_native_s10/source/s10_avmm_h.sv
Info: xcvr_fpll_s10_htile_0: add_fileset_file ./altera_xcvr_native_s10_functions_h.sv SYSTEM_VERILOG PATH ../../../altera_xcvr_native_phy/altera_xcvr_native_s10/source/altera_xcvr_native_s10_functions_h.sv
Info: xcvr_fpll_s10_htile_0: add_fileset_file ./alt_xcvr_native_anlg_reset_seq.sv SYSTEM_VERILOG PATH ../../../altera_xcvr_native_phy/altera_xcvr_native_s10/source/alt_xcvr_native_anlg_reset_seq.sv
Info: xcvr_fpll_s10_htile_0: add_fileset_file ./alt_xcvr_pll_rcfg_arb.sv SYSTEM_VERILOG PATH ../../common/alt_xcvr_pll_rcfg_arb.sv
Info: xcvr_fpll_s10_htile_0: add_fileset_file ./alt_xcvr_pll_embedded_debug.sv SYSTEM_VERILOG PATH ../../common/alt_xcvr_pll_embedded_debug.sv
Info: xcvr_fpll_s10_htile_0: add_fileset_file ./alt_xcvr_pll_avmm_csr.sv SYSTEM_VERILOG PATH ../../common/alt_xcvr_pll_avmm_csr.sv
Info: xcvr_fpll_s10_htile_0: add_fileset_file ./alt_xcvr_resync.sv SYSTEM_VERILOG PATH ../../../../altera_xcvr_generic/ctrl/alt_xcvr_resync.sv
Info: xcvr_fpll_s10_htile_0: add_fileset_file ./alt_xcvr_arbiter.sv SYSTEM_VERILOG PATH ../../../../altera_xcvr_generic/ctrl/alt_xcvr_arbiter.sv
Info: s10_phy_xcvr_fpll_gen: Done "s10_phy_xcvr_fpll_gen" with 2 modules, 14 files
Info: qsys-generate succeeded.
Info: Finished: Create HDL design files for synthesis
Info: Starting: Generate IP Core Documentation
Info: No documentation filesets were found for components in s10_phy_xcvr_fpll_gen. No files generated.
Info: Finished: Generate IP Core Documentation
