version: (200506)

available memory: 64M bytes
used memory: 81920 bytes [need 80K bytes if disable swap]

used block: 3 [memory(3) file(0)]
                 [ 8K(2) 64K(1) { total 80K bytes } ]
overhead: (9514) bytes for (3) blocks [Average: (3171) bytes/block]

write  => 0(times) 0K(bytes) [0K bytes to file]
read   => 1(times) 24K(bytes) [3K bytes compressed data from file]
access => 338621(times) 2650M(bytes)
          [hit ratio: 99.9997%]

time: write(0) read(0)  unit: second

swap file directory: (/nfs/site/disks/zsc14.xne_cnic.emu-fpga.001/kumarlok/nac_09_06_nvm_debug_partition/physs_eth_standalone/verif/fpga/verdiLog)
used swap file number: (1)



swap file manager:
arrSize: (256)
idxCnt: (4)
closeHead: (1)
closeTail: (2)
openCnt: (2)
fid(3): fd(0) fileName(/nfs/site/disks/zsc14.xne_cnic.emu-fpga.001/kumarlok/i2c_synpsys/output/physs_eth_tb/emu/haps_vcs_emuvcs/synpsys_1/MMG_PSS_SOC/vcs/simv.daidir/kdb.elab++/physs_lib_10m.lib++/phy_regbank.vh.tdc)
	size(3570) lastModTime(1753802655) curModTime(1753802655)
	mode(rb)	hot(0) cool(0) pos(0)
fid(2): fd(22) fileName(/nfs/site/disks/zsc14.xne_cnic.emu-fpga.001/kumarlok/nac_09_06_nvm_debug_partition/physs_eth_standalone/verif/fpga/verdiLog/_swap_0001#640752785#4549)
	size(0) lastModTime(0) curModTime(1753848610)
	mode(w+b)	hot(0) cool(1) pos(0)
fid(1): fd(1073741824) fileName(/nfs/site/disks/zsc14.xne_cnic.emu-fpga.001/kumarlok/i2c_synpsys/output/physs_eth_tb/emu/haps_vcs_emuvcs/synpsys_1/MMG_PSS_SOC/vcs/simv.daidir/kdb.elab++/physs_lib_10m.lib++/physs_eth_tb.sv.tdc)
	size(6874) lastModTime(1753802655) curModTime(1753802655)
	mode(rb)	hot(2) cool(0) pos(0)
fid(0): fd(0) fileName(NULL)
	mode(NULL)	hot(0) cool(0) pos(0)
==================================================
mySelf(0x1ed39750) pre(0x1fc5cd70) next((nil))
version(200506)
date(Sep  2 2024 20:32:07)
