Info: Generated by version: 20.3 build 158
Info: Starting: Create block symbol file (.bsf)
Info: qsys-generate /nfs/site/disks/sdg74_1254/users/kpapte/grr_nacd_1p0_ww33/rtls.prototyping.frio.grr-nac/build/stratix10/latest/pro.20.3/quartus/ip/altera_fifo_1x64/altera_fifo_1x64.ip --block-symbol-file --output-directory=/nfs/site/disks/sdg74_1254/users/kpapte/grr_nacd_1p0_ww33/rtls.prototyping.frio.grr-nac/build/stratix10/latest/pro.20.3/quartus/ip/altera_fifo_1x64/altera_fifo_1x64 --family="Stratix 10" --part=1SG280LU3F50E1VG
: altera_fifo_1x64.fifo_0: Targeting device family: Stratix 10.
: altera_fifo_1x64.fifo_0: Tab: 'SCFIFO Options' is unavailable while using Dual-Clock FIFO.
: altera_fifo_1x64.fifo_0: 'Output register option' is unavailable while using Dual-Clock FIFO.
: altera_fifo_1x64.fifo_0: SDC file will be generated to apply correct constraints. User may experience increase in fitter compilation time
: altera_fifo_1x64.fifo_0: Embedded set_false_path assignment is disabled.
Info: qsys-generate succeeded.
Info: Finished: Create block symbol file (.bsf)
Info: 
Info: Starting: Create HDL design files for synthesis
Info: qsys-generate /nfs/site/disks/sdg74_1254/users/kpapte/grr_nacd_1p0_ww33/rtls.prototyping.frio.grr-nac/build/stratix10/latest/pro.20.3/quartus/ip/altera_fifo_1x64/altera_fifo_1x64.ip --synthesis=VERILOG --output-directory=/nfs/site/disks/sdg74_1254/users/kpapte/grr_nacd_1p0_ww33/rtls.prototyping.frio.grr-nac/build/stratix10/latest/pro.20.3/quartus/ip/altera_fifo_1x64/altera_fifo_1x64 --family="Stratix 10" --part=1SG280LU3F50E1VG
: altera_fifo_1x64.fifo_0: Targeting device family: Stratix 10.
: altera_fifo_1x64.fifo_0: Tab: 'SCFIFO Options' is unavailable while using Dual-Clock FIFO.
: altera_fifo_1x64.fifo_0: 'Output register option' is unavailable while using Dual-Clock FIFO.
: altera_fifo_1x64.fifo_0: SDC file will be generated to apply correct constraints. User may experience increase in fitter compilation time
: altera_fifo_1x64.fifo_0: Embedded set_false_path assignment is disabled.
Info: altera_fifo_1x64: "Transforming system: altera_fifo_1x64"
Info: altera_fifo_1x64: "Naming system components in system: altera_fifo_1x64"
Info: altera_fifo_1x64: "Processing generation queue"
Info: altera_fifo_1x64: "Generating: altera_fifo_1x64"
Info: altera_fifo_1x64: "Generating: altera_fifo_1x64_fifo_1910_7rulsyy"
Info: altera_fifo_1x64: Done "altera_fifo_1x64" with 2 modules, 3 files
Info: qsys-generate succeeded.
Info: Finished: Create HDL design files for synthesis
