Info: Generated by version: 24.1 build 115
Info: Starting: Create simulation model
Info: qsys-generate /nfs/site/disks/zsc14.xne_cnic.emu-fpga.001/kumarlok/nac_09_06_nvm_debug_partition/physs_eth_standalone/verif/fpga/vps_dvb/build_input_dir/IP_FILES/i2c_master.ip --simulation=VERILOG --allow-mixed-language-simulation --simulator=VCS --output-directory=/nfs/site/disks/zsc14.xne_cnic.emu-fpga.001/kumarlok/nac_09_06_nvm_debug_partition/physs_eth_standalone/verif/fpga/vps_dvb/build_input_dir/IP_FILES/i2c_master --family="Stratix 10" --part=1SG10MHN3F74C2LG_U2
Info: Skipping generation of i2c_master: files already generated.
Info: Finished: Create simulation model
Info: Starting: Create simulation script
Info: sim-script-gen --system-file=/nfs/site/disks/zsc14.xne_cnic.emu-fpga.001/kumarlok/nac_09_06_nvm_debug_partition/physs_eth_standalone/verif/fpga/vps_dvb/build_input_dir/IP_FILES/i2c_master.ip --simulator=VCS --output-directory=/nfs/site/disks/zsc14.xne_cnic.emu-fpga.001/kumarlok/nac_09_06_nvm_debug_partition/physs_eth_standalone/verif/fpga/vps_dvb/build_input_dir/IP_FILES/i2c_master/sim/ --use-relative-paths=true
Info: Generating the following file(s) for VCS simulator in /nfs/site/disks/zsc14.xne_cnic.emu-fpga.001/kumarlok/nac_09_06_nvm_debug_partition/physs_eth_standalone/verif/fpga/vps_dvb/build_input_dir/IP_FILES/i2c_master/sim/ directory:
Info: 	synopsys/vcs/vcs_setup.sh
Info: For information on how to simulate your IP, see the explanatory comments in the simulator-specific subdirectories under /nfs/site/disks/zsc14.xne_cnic.emu-fpga.001/kumarlok/nac_09_06_nvm_debug_partition/physs_eth_standalone/verif/fpga/vps_dvb/build_input_dir/IP_FILES/i2c_master/sim/.
Info: Regenerate these scripts whenever you make any change to any Quartus-generated IP in your project.
Info: Finished: Create simulation script
Info: 
Info: Starting: Create testbench Platform Designer system
Info: /nfs/site/disks/zsc14.xne_cnic.emu-fpga.001/kumarlok/nac_09_06_nvm_debug_partition/physs_eth_standalone/verif/fpga/vps_dvb/build_input_dir/IP_FILES/i2c_master_tb/i2c_master.ipx
Info: qsys-generate /nfs/site/disks/zsc14.xne_cnic.emu-fpga.001/kumarlok/nac_09_06_nvm_debug_partition/physs_eth_standalone/verif/fpga/vps_dvb/build_input_dir/IP_FILES/i2c_master.ip --testbench=STANDARD --output-directory=/nfs/site/disks/zsc14.xne_cnic.emu-fpga.001/kumarlok/nac_09_06_nvm_debug_partition/physs_eth_standalone/verif/fpga/vps_dvb/build_input_dir/IP_FILES --family="Stratix 10" --part=1SG10MHN3F74C2LG_U2
Info: Loading IP catalog for testbench.
Info: Running script /nfs/site/disks/crt_tools_079/altera/quartus_prime_pro/24.1/qsys/lib/tbgen.tcl
Info: send_message Info TB_Gen: QSYS Testbench Generator Rev: $Revision: #1 $
Info: TB_Gen: QSYS Testbench Generator Rev: $Revision: #1 $
Info: get_module_property NAME
Info: send_message Info TB_Gen: System design is: i2c_master
Info: TB_Gen: System design is: i2c_master
Info: get_interfaces 
Info: get_connections 
Info: get_interface_property clock EXPORT_OF
Info: get_instance_property i2cslave_to_avlmm_bridge_0 CLASS_NAME
Info: get_instance_property i2cslave_to_avlmm_bridge_0 CLASS_NAME
Info: get_instance_property i2cslave_to_avlmm_bridge_0 CLASS_NAME
Info: get_instance_assignment i2cslave_to_avlmm_bridge_0 testbench.partner.map.clock
Info: get_interface_property avalon_master EXPORT_OF
Info: get_instance_property i2cslave_to_avlmm_bridge_0 CLASS_NAME
Info: get_instance_property i2cslave_to_avlmm_bridge_0 CLASS_NAME
Info: get_instance_property i2cslave_to_avlmm_bridge_0 CLASS_NAME
Info: get_instance_assignment i2cslave_to_avlmm_bridge_0 testbench.partner.map.avalon_master
Info: get_interface_property reset EXPORT_OF
Info: get_instance_property i2cslave_to_avlmm_bridge_0 CLASS_NAME
Info: get_instance_property i2cslave_to_avlmm_bridge_0 CLASS_NAME
Info: get_instance_property i2cslave_to_avlmm_bridge_0 CLASS_NAME
Info: get_instance_assignment i2cslave_to_avlmm_bridge_0 testbench.partner.map.reset
Info: get_interface_property conduit_end EXPORT_OF
Info: get_instance_property i2cslave_to_avlmm_bridge_0 CLASS_NAME
Info: get_instance_property i2cslave_to_avlmm_bridge_0 CLASS_NAME
Info: get_instance_property i2cslave_to_avlmm_bridge_0 CLASS_NAME
Info: get_instance_assignment i2cslave_to_avlmm_bridge_0 testbench.partner.map.conduit_end
Info: get_module_property FILE
Info: send_message Info TB_Gen: Creating testbench system : i2c_master_tb with all standard BFMs
Info: TB_Gen: Creating testbench system : i2c_master_tb with all standard BFMs
Info: create_system i2c_master_tb
Info: add_component i2c_master_inst /nfs/site/disks/zsc14.xne_cnic.emu-fpga.001/kumarlok/nac_09_06_nvm_debug_partition/physs_eth_standalone/verif/fpga/vps_dvb/build_input_dir/IP_FILES/i2c_master.ip
Info: i2c_master_inst: Generic Component instance footprint reloaded.
Info: send_message Info TB_Gen: Saving testbench system: i2c_master_tb.qsys
Info: TB_Gen: Saving testbench system: i2c_master_tb.qsys
Info: save_system i2c_master_tb.qsys
Progress: Saving changes to i2c_master_tb.qsys
Info: All modules have been converted to Generic Components.
Info: set_use_testbench_naming_pattern true i2c_master
Info: get_instance_property i2c_master_inst CLASS_NAME
Info: load_component i2c_master_inst
Info: get_component_interfaces 
Info: get_instance_property i2c_master_inst CLASS_NAME
Info: load_component i2c_master_inst
Info: get_component_interface_property clock CLASS_NAME
Info: get_instance_property i2c_master_inst CLASS_NAME
Info: load_component i2c_master_inst
Info: get_component_interface_property avalon_master CLASS_NAME
Info: get_instance_property i2c_master_inst CLASS_NAME
Info: load_component i2c_master_inst
Info: get_component_interface_property reset CLASS_NAME
Info: get_instance_property i2c_master_inst CLASS_NAME
Info: load_component i2c_master_inst
Info: get_component_interface_property conduit_end CLASS_NAME
Info: get_instance_property i2c_master_inst CLASS_NAME
Info: load_component i2c_master_inst
Info: get_component_interface_property clock CLASS_NAME
Info: send_message Info TB_Gen: clock_sink found: clock
Info: TB_Gen: clock_sink found: clock
Info: get_instance_property i2c_master_inst CLASS_NAME
Info: load_component i2c_master_inst
Info: get_component_interface_property clock CLASS_NAME
Info: add_component i2c_master_inst_clock_bfm i2c_master_inst_clock_bfm_ip.ip altera_avalon_clock_source i2c_master_inst_clock_bfm
Info: i2c_master_inst_clock_bfm: Generic Component instance footprint reloaded.
Info: load_component i2c_master_inst_clock_bfm
Info: get_component_property CLASS_NAME
Info: get_instance_property i2c_master_inst CLASS_NAME
Info: load_component i2c_master_inst
Info: get_component_interface_parameter_value clock clockRate
Info: send_message Warning TB_Gen: clockRate is less than 1Hz; setting to 50MHz
Warning: TB_Gen: clockRate is less than 1Hz; setting to 50MHz
Info: load_component i2c_master_inst_clock_bfm
Info: set_component_parameter_value CLOCK_RATE 50000000
Info: set_component_parameter_value CLOCK_UNIT 1
Info: save_component 
Info: load_component i2c_master_inst_clock_bfm
Info: get_component_property CLASS_NAME
Info: get_instance_property i2c_master_inst CLASS_NAME
Info: load_component i2c_master_inst
Info: get_component_interface_property clock CLASS_NAME
Info: get_instance_property i2c_master_inst_clock_bfm CLASS_NAME
Info: load_component i2c_master_inst_clock_bfm
Info: get_component_interfaces 
Info: get_instance_property i2c_master_inst_clock_bfm CLASS_NAME
Info: load_component i2c_master_inst_clock_bfm
Info: get_component_interface_property clk CLASS_NAME
Info: add_connection i2c_master_inst_clock_bfm.clk i2c_master_inst.clock
Info: get_instance_property i2c_master_inst CLASS_NAME
Info: load_component i2c_master_inst
Info: get_component_interface_property reset CLASS_NAME
Info: send_message Info TB_Gen: reset_sink found: reset
Info: TB_Gen: reset_sink found: reset
Info: get_instance_property i2c_master_inst CLASS_NAME
Info: load_component i2c_master_inst
Info: get_component_interface_property reset CLASS_NAME
Info: add_component i2c_master_inst_reset_bfm i2c_master_inst_reset_bfm_ip.ip altera_avalon_reset_source i2c_master_inst_reset_bfm
Info: i2c_master_inst_reset_bfm: Generic Component instance footprint reloaded.
Info: load_component i2c_master_inst_reset_bfm
Info: get_component_property CLASS_NAME
Info: get_instance_property i2c_master_inst CLASS_NAME
Info: load_component i2c_master_inst
Info: get_component_interface_ports reset
Info: get_instance_property i2c_master_inst CLASS_NAME
Info: load_component i2c_master_inst
Info: get_component_interface_port_property reset rst_n ROLE
Info: get_instance_property i2c_master_inst CLASS_NAME
Info: load_component i2c_master_inst
Info: get_component_interface_port_property reset rst_n ROLE
Info: load_component i2c_master_inst_reset_bfm
Info: set_component_parameter_value ASSERT_HIGH_RESET 0
Info: set_component_parameter_value INITIAL_RESET_CYCLES 50
Info: save_component 
Info: load_component i2c_master_inst_reset_bfm
Info: get_component_property CLASS_NAME
Info: get_instance_property i2c_master_inst_reset_bfm CLASS_NAME
Info: load_component i2c_master_inst_reset_bfm
Info: get_component_interfaces 
Info: get_instance_property i2c_master_inst_reset_bfm CLASS_NAME
Info: load_component i2c_master_inst_reset_bfm
Info: get_component_interface_property reset CLASS_NAME
Info: get_instance_property i2c_master_inst_reset_bfm CLASS_NAME
Info: load_component i2c_master_inst_reset_bfm
Info: get_component_interface_property clk CLASS_NAME
Info: load_component i2c_master_inst_reset_bfm
Info: get_component_property CLASS_NAME
Info: get_instance_property i2c_master_inst CLASS_NAME
Info: load_component i2c_master_inst
Info: get_component_interface_parameter_value reset associatedClock
Info: get_instance_property i2c_master_inst CLASS_NAME
Info: load_component i2c_master_inst
Info: get_component_interface_property clock CLASS_NAME
Info: get_instance_property i2c_master_inst_clock_bfm CLASS_NAME
Info: load_component i2c_master_inst_clock_bfm
Info: get_component_interfaces 
Info: get_instance_property i2c_master_inst_clock_bfm CLASS_NAME
Info: load_component i2c_master_inst_clock_bfm
Info: get_component_interface_property clk CLASS_NAME
Info: add_connection i2c_master_inst_clock_bfm.clk i2c_master_inst_reset_bfm.clk
Info: get_instance_property i2c_master_inst CLASS_NAME
Info: load_component i2c_master_inst
Info: get_component_interface_property reset CLASS_NAME
Info: get_instance_property i2c_master_inst_reset_bfm CLASS_NAME
Info: load_component i2c_master_inst_reset_bfm
Info: get_component_interfaces 
Info: get_instance_property i2c_master_inst_reset_bfm CLASS_NAME
Info: load_component i2c_master_inst_reset_bfm
Info: get_component_interface_property reset CLASS_NAME
Info: get_instance_property i2c_master_inst_reset_bfm CLASS_NAME
Info: load_component i2c_master_inst_reset_bfm
Info: get_component_interface_property clk CLASS_NAME
Info: add_connection i2c_master_inst_reset_bfm.reset i2c_master_inst.reset
Info: get_instance_property i2c_master_inst CLASS_NAME
Info: load_component i2c_master_inst
Info: get_component_interface_property avalon_master CLASS_NAME
Info: send_message Info TB_Gen: avalon_master found: avalon_master
Info: TB_Gen: avalon_master found: avalon_master
Info: get_instance_property i2c_master_inst CLASS_NAME
Info: load_component i2c_master_inst
Info: get_component_interface_property avalon_master CLASS_NAME
Info: add_component i2c_master_inst_avalon_master_bfm i2c_master_inst_avalon_master_bfm_ip.ip altera_avalon_mm_slave_bfm i2c_master_inst_avalon_master_bfm
Info: i2c_master_inst_avalon_master_bfm: Generic Component instance footprint reloaded.
Info: load_component i2c_master_inst_avalon_master_bfm
Info: get_component_property CLASS_NAME
Info: get_instance_property i2c_master_inst CLASS_NAME
Info: load_component i2c_master_inst
Info: get_component_interface_parameter_value avalon_master bitsPerSymbol
Info: get_instance_property i2c_master_inst CLASS_NAME
Info: load_component i2c_master_inst
Info: get_component_interface_parameter_value avalon_master addressUnits
Info: get_instance_property i2c_master_inst CLASS_NAME
Info: load_component i2c_master_inst
Info: get_component_interface_parameter_value avalon_master burstOnBurstBoundariesOnly
Info: get_instance_property i2c_master_inst CLASS_NAME
Info: load_component i2c_master_inst
Info: get_component_interface_parameter_value avalon_master linewrapBursts
Info: get_instance_property i2c_master_inst CLASS_NAME
Info: load_component i2c_master_inst
Info: get_component_interface_parameter_value avalon_master readLatency
Info: get_instance_property i2c_master_inst CLASS_NAME
Info: load_component i2c_master_inst
Info: get_component_interface_parameter_value avalon_master maximumPendingReadTransactions
Info: get_instance_property i2c_master_inst CLASS_NAME
Info: load_component i2c_master_inst
Info: get_component_interface_parameter_value avalon_master maximumPendingWriteTransactions
Info: get_instance_property i2c_master_inst CLASS_NAME
Info: load_component i2c_master_inst
Info: get_component_interface_parameter_value avalon_master readWaitTime
Info: get_instance_property i2c_master_inst CLASS_NAME
Info: load_component i2c_master_inst
Info: get_component_interface_parameter_value avalon_master writeWaitTime
Info: get_instance_property i2c_master_inst CLASS_NAME
Info: load_component i2c_master_inst
Info: get_component_interface_property avalon_master CLASS_NAME
Info: get_instance_property i2c_master_inst CLASS_NAME
Info: load_component i2c_master_inst
Info: get_component_interface_ports avalon_master
Info: get_instance_property i2c_master_inst CLASS_NAME
Info: load_component i2c_master_inst
Info: get_component_interface_port_property avalon_master address ROLE
Info: get_instance_property i2c_master_inst CLASS_NAME
Info: load_component i2c_master_inst
Info: get_component_interface_port_property avalon_master address WIDTH
Info: get_instance_property i2c_master_inst CLASS_NAME
Info: load_component i2c_master_inst
Info: get_component_interface_port_property avalon_master read ROLE
Info: get_instance_property i2c_master_inst CLASS_NAME
Info: load_component i2c_master_inst
Info: get_component_interface_port_property avalon_master readdata ROLE
Info: get_instance_property i2c_master_inst CLASS_NAME
Info: load_component i2c_master_inst
Info: get_component_interface_port_property avalon_master readdata WIDTH
Info: get_instance_property i2c_master_inst CLASS_NAME
Info: load_component i2c_master_inst
Info: get_component_interface_port_property avalon_master readdatavalid ROLE
Info: get_instance_property i2c_master_inst CLASS_NAME
Info: load_component i2c_master_inst
Info: get_component_interface_port_property avalon_master waitrequest ROLE
Info: get_instance_property i2c_master_inst CLASS_NAME
Info: load_component i2c_master_inst
Info: get_component_interface_port_property avalon_master write ROLE
Info: get_instance_property i2c_master_inst CLASS_NAME
Info: load_component i2c_master_inst
Info: get_component_interface_port_property avalon_master byteenable ROLE
Info: get_instance_property i2c_master_inst CLASS_NAME
Info: load_component i2c_master_inst
Info: get_component_interface_port_property avalon_master writedata ROLE
Info: get_instance_property i2c_master_inst CLASS_NAME
Info: load_component i2c_master_inst
Info: get_component_interface_port_property avalon_master writedata WIDTH
Info: load_component i2c_master_inst_avalon_master_bfm
Info: set_component_parameter_value AV_SYMBOL_W 8
Info: set_component_parameter_value ADDRESS_UNITS SYMBOLS
Info: set_component_parameter_value AV_BURST_BNDR_ONLY 0
Info: set_component_parameter_value AV_BURST_LINEWRAP 0
Info: set_component_parameter_value AV_FIX_READ_LATENCY 0
Info: set_component_parameter_value AV_MAX_PENDING_READS 64
Info: set_component_parameter_value AV_MAX_PENDING_WRITES 0
Info: set_component_parameter_value AV_READ_WAIT_TIME 1
Info: set_component_parameter_value AV_WRITE_WAIT_TIME 0
Info: set_component_parameter_value REGISTER_WAITREQUEST 0
Info: set_component_parameter_value AV_ADDRESS_W 32
Info: set_component_parameter_value USE_ADDRESS 1
Info: set_component_parameter_value AV_BURSTCOUNT_W 1
Info: set_component_parameter_value USE_BURSTCOUNT 0
Info: set_component_parameter_value AV_NUMSYMBOLS 4
Info: set_component_parameter_value USE_READ_DATA 1
Info: set_component_parameter_value USE_WRITE_DATA 1
Info: set_component_parameter_value USE_BEGIN_TRANSFER 0
Info: set_component_parameter_value USE_BEGIN_BURST_TRANSFER 0
Info: set_component_parameter_value USE_WAIT_REQUEST 1
Info: set_component_parameter_value USE_WRITE 1
Info: set_component_parameter_value USE_READ 1
Info: set_component_parameter_value USE_BYTE_ENABLE 1
Info: set_component_parameter_value USE_READ_DATA_VALID 1
Info: set_component_parameter_value USE_ARBITERLOCK 0
Info: set_component_parameter_value USE_DEBUGACCESS 0
Info: set_component_parameter_value USE_TRANSACTIONID 0
Info: set_component_parameter_value AV_READRESPONSE_W 1
Info: set_component_parameter_value USE_READRESPONSE 0
Info: set_component_parameter_value AV_WRITERESPONSE_W 1
Info: set_component_parameter_value USE_WRITERESPONSE 0
Info: set_component_parameter_value USE_CLKEN 0
Info: save_component 
Info: load_component i2c_master_inst_avalon_master_bfm
Info: set_component_parameter_value VHDL_ID 0
Info: save_component 
Info: load_component i2c_master_inst_avalon_master_bfm
Info: get_component_property CLASS_NAME
Info: get_instance_property i2c_master_inst_avalon_master_bfm CLASS_NAME
Info: load_component i2c_master_inst_avalon_master_bfm
Info: get_component_interfaces 
Info: get_instance_property i2c_master_inst_avalon_master_bfm CLASS_NAME
Info: load_component i2c_master_inst_avalon_master_bfm
Info: get_component_interface_property clk CLASS_NAME
Info: get_instance_property i2c_master_inst_avalon_master_bfm CLASS_NAME
Info: load_component i2c_master_inst_avalon_master_bfm
Info: get_component_interface_property clk_reset CLASS_NAME
Info: get_instance_property i2c_master_inst_avalon_master_bfm CLASS_NAME
Info: load_component i2c_master_inst_avalon_master_bfm
Info: get_component_interface_property s0 CLASS_NAME
Info: load_component i2c_master_inst_avalon_master_bfm
Info: get_component_property CLASS_NAME
Info: get_instance_property i2c_master_inst CLASS_NAME
Info: load_component i2c_master_inst
Info: get_component_interface_parameter_value avalon_master associatedClock
Info: get_instance_property i2c_master_inst CLASS_NAME
Info: load_component i2c_master_inst
Info: get_component_interface_property clock CLASS_NAME
Info: get_instance_property i2c_master_inst_clock_bfm CLASS_NAME
Info: load_component i2c_master_inst_clock_bfm
Info: get_component_interfaces 
Info: get_instance_property i2c_master_inst_clock_bfm CLASS_NAME
Info: load_component i2c_master_inst_clock_bfm
Info: get_component_interface_property clk CLASS_NAME
Info: add_connection i2c_master_inst_clock_bfm.clk i2c_master_inst_avalon_master_bfm.clk
Info: get_instance_property i2c_master_inst_avalon_master_bfm CLASS_NAME
Info: load_component i2c_master_inst_avalon_master_bfm
Info: get_component_interfaces 
Info: get_instance_property i2c_master_inst_avalon_master_bfm CLASS_NAME
Info: load_component i2c_master_inst_avalon_master_bfm
Info: get_component_interface_property clk CLASS_NAME
Info: get_instance_property i2c_master_inst_avalon_master_bfm CLASS_NAME
Info: load_component i2c_master_inst_avalon_master_bfm
Info: get_component_interface_property clk_reset CLASS_NAME
Info: get_instance_property i2c_master_inst_avalon_master_bfm CLASS_NAME
Info: load_component i2c_master_inst_avalon_master_bfm
Info: get_component_interface_property s0 CLASS_NAME
Info: load_component i2c_master_inst_avalon_master_bfm
Info: get_component_property CLASS_NAME
Info: get_instance_property i2c_master_inst CLASS_NAME
Info: load_component i2c_master_inst
Info: get_component_interface_parameter_value avalon_master associatedReset
Info: get_instance_property i2c_master_inst CLASS_NAME
Info: load_component i2c_master_inst
Info: get_component_interface_property reset CLASS_NAME
Info: get_instance_property i2c_master_inst_reset_bfm CLASS_NAME
Info: load_component i2c_master_inst_reset_bfm
Info: get_component_interfaces 
Info: get_instance_property i2c_master_inst_reset_bfm CLASS_NAME
Info: load_component i2c_master_inst_reset_bfm
Info: get_component_interface_property reset CLASS_NAME
Info: get_instance_property i2c_master_inst_reset_bfm CLASS_NAME
Info: load_component i2c_master_inst_reset_bfm
Info: get_component_interface_property clk CLASS_NAME
Info: add_connection i2c_master_inst_reset_bfm.reset i2c_master_inst_avalon_master_bfm.clk_reset
Info: get_instance_property i2c_master_inst CLASS_NAME
Info: load_component i2c_master_inst
Info: get_component_interface_property avalon_master CLASS_NAME
Info: get_instance_property i2c_master_inst_avalon_master_bfm CLASS_NAME
Info: load_component i2c_master_inst_avalon_master_bfm
Info: get_component_interfaces 
Info: get_instance_property i2c_master_inst_avalon_master_bfm CLASS_NAME
Info: load_component i2c_master_inst_avalon_master_bfm
Info: get_component_interface_property clk CLASS_NAME
Info: get_instance_property i2c_master_inst_avalon_master_bfm CLASS_NAME
Info: load_component i2c_master_inst_avalon_master_bfm
Info: get_component_interface_property clk_reset CLASS_NAME
Info: get_instance_property i2c_master_inst_avalon_master_bfm CLASS_NAME
Info: load_component i2c_master_inst_avalon_master_bfm
Info: get_component_interface_property s0 CLASS_NAME
Info: add_connection i2c_master_inst.avalon_master i2c_master_inst_avalon_master_bfm.s0
Info: get_instance_property i2c_master_inst CLASS_NAME
Info: load_component i2c_master_inst
Info: get_component_interface_property conduit_end CLASS_NAME
Info: send_message Info TB_Gen: conduit_end found: conduit_end
Info: TB_Gen: conduit_end found: conduit_end
Info: get_instance_property i2c_master_inst CLASS_NAME
Info: load_component i2c_master_inst
Info: get_component_interface_property conduit_end CLASS_NAME
Info: add_component i2c_master_inst_conduit_end_bfm i2c_master_inst_conduit_end_bfm_ip.ip altera_conduit_bfm i2c_master_inst_conduit_end_bfm
Info: i2c_master_inst_conduit_end_bfm: Generic Component instance footprint reloaded.
Info: load_component i2c_master_inst_conduit_end_bfm
Info: get_component_property CLASS_NAME
Info: get_instance_property i2c_master_inst CLASS_NAME
Info: load_component i2c_master_inst
Info: get_component_interface_parameter_value conduit_end associatedClock
Info: get_instance_property i2c_master_inst CLASS_NAME
Info: load_component i2c_master_inst
Info: get_component_interface_parameter_value conduit_end associatedReset
Info: get_instance_property i2c_master_inst CLASS_NAME
Info: load_component i2c_master_inst
Info: get_component_interface_ports conduit_end
Info: get_instance_property i2c_master_inst CLASS_NAME
Info: load_component i2c_master_inst
Info: get_component_interface_port_property conduit_end i2c_data_in ROLE
Info: get_instance_property i2c_master_inst CLASS_NAME
Info: load_component i2c_master_inst
Info: get_component_interface_port_property conduit_end i2c_data_in WIDTH
Info: get_instance_property i2c_master_inst CLASS_NAME
Info: load_component i2c_master_inst
Info: get_component_interface_port_property conduit_end i2c_data_in DIRECTION
Info: get_instance_property i2c_master_inst CLASS_NAME
Info: load_component i2c_master_inst
Info: get_component_interface_port_property conduit_end i2c_clk_in ROLE
Info: get_instance_property i2c_master_inst CLASS_NAME
Info: load_component i2c_master_inst
Info: get_component_interface_port_property conduit_end i2c_clk_in WIDTH
Info: get_instance_property i2c_master_inst CLASS_NAME
Info: load_component i2c_master_inst
Info: get_component_interface_port_property conduit_end i2c_clk_in DIRECTION
Info: get_instance_property i2c_master_inst CLASS_NAME
Info: load_component i2c_master_inst
Info: get_component_interface_port_property conduit_end i2c_data_oe ROLE
Info: get_instance_property i2c_master_inst CLASS_NAME
Info: load_component i2c_master_inst
Info: get_component_interface_port_property conduit_end i2c_data_oe WIDTH
Info: get_instance_property i2c_master_inst CLASS_NAME
Info: load_component i2c_master_inst
Info: get_component_interface_port_property conduit_end i2c_data_oe DIRECTION
Info: get_instance_property i2c_master_inst CLASS_NAME
Info: load_component i2c_master_inst
Info: get_component_interface_port_property conduit_end i2c_clk_oe ROLE
Info: get_instance_property i2c_master_inst CLASS_NAME
Info: load_component i2c_master_inst
Info: get_component_interface_port_property conduit_end i2c_clk_oe WIDTH
Info: get_instance_property i2c_master_inst CLASS_NAME
Info: load_component i2c_master_inst
Info: get_component_interface_port_property conduit_end i2c_clk_oe DIRECTION
Info: load_component i2c_master_inst_conduit_end_bfm
Info: set_component_parameter_value CLOCKED_SIGNAL 0
Info: set_component_parameter_value ENABLE_RESET 0
Info: set_component_parameter_value SIGNAL_ROLES conduit_data_in conduit_clk_in conduit_data_oe conduit_clk_oe
Info: set_component_parameter_value SIGNAL_WIDTHS 1 1 1 1
Info: set_component_parameter_value SIGNAL_DIRECTIONS output output input input
Info: save_component 
Info: load_component i2c_master_inst_conduit_end_bfm
Info: get_component_property CLASS_NAME
Info: get_instance_property i2c_master_inst CLASS_NAME
Info: load_component i2c_master_inst
Info: get_component_interface_property conduit_end CLASS_NAME
Info: get_instance_property i2c_master_inst_conduit_end_bfm CLASS_NAME
Info: load_component i2c_master_inst_conduit_end_bfm
Info: get_component_interfaces 
Info: get_instance_property i2c_master_inst_conduit_end_bfm CLASS_NAME
Info: load_component i2c_master_inst_conduit_end_bfm
Info: get_component_interface_property conduit CLASS_NAME
Info: add_connection i2c_master_inst_conduit_end_bfm.conduit i2c_master_inst.conduit_end
Info: send_message Info TB_Gen: Saving testbench system: i2c_master_tb.qsys
Info: TB_Gen: Saving testbench system: i2c_master_tb.qsys
Info: save_system i2c_master_tb.qsys
Progress: Saving changes to i2c_master_tb.qsys
Info: All modules have been converted to Generic Components.
Info: send_message Info TB_Gen: TBGEN SUCCESSFUL
Info: TB_Gen: TBGEN SUCCESSFUL
Info: Testbench system: /nfs/site/disks/zsc14.xne_cnic.emu-fpga.001/kumarlok/nac_09_06_nvm_debug_partition/physs_eth_standalone/verif/fpga/vps_dvb/build_input_dir/IP_FILES/i2c_master_tb/i2c_master_tb.qsys
Info: Done
Info: Saving generation log to /nfs/site/disks/zsc14.xne_cnic.emu-fpga.001/kumarlok/nac_09_06_nvm_debug_partition/physs_eth_standalone/verif/fpga/vps_dvb/build_input_dir/IP_FILES/i2c_master_tb/ip/i2c_master_tb/i2c_master_tb/i2c_master_inst_avalon_master_bfm_ip_generation.rpt
Info: Generated by version: 24.1 build 115
Info: Starting: Create simulation model
Info: qsys-generate /nfs/site/disks/zsc14.xne_cnic.emu-fpga.001/kumarlok/nac_09_06_nvm_debug_partition/physs_eth_standalone/verif/fpga/vps_dvb/build_input_dir/IP_FILES/i2c_master_tb/ip/i2c_master_tb/i2c_master_inst_avalon_master_bfm_ip.ip --simulation=VERILOG --allow-mixed-language-simulation --simulator=VCS --output-directory=/nfs/site/disks/zsc14.xne_cnic.emu-fpga.001/kumarlok/nac_09_06_nvm_debug_partition/physs_eth_standalone/verif/fpga/vps_dvb/build_input_dir/IP_FILES/i2c_master_tb/ip/i2c_master_tb/i2c_master_inst_avalon_master_bfm_ip --family="Stratix 10" --part=1SG10MHN3F74C2LG_U2
Info: i2c_master_inst_avalon_master_bfm_ip: "Transforming system: i2c_master_inst_avalon_master_bfm_ip"
Info: i2c_master_inst_avalon_master_bfm_ip: "Naming system components in system: i2c_master_inst_avalon_master_bfm_ip"
Info: i2c_master_inst_avalon_master_bfm_ip: "Processing generation queue"
Info: i2c_master_inst_avalon_master_bfm_ip: "Generating: i2c_master_inst_avalon_master_bfm_ip"
Info: i2c_master_inst_avalon_master_bfm_ip: "Generating: altera_avalon_mm_slave_bfm"
Info: i2c_master_inst_avalon_master_bfm_ip: Done "i2c_master_inst_avalon_master_bfm_ip" with 2 modules, 5 files
Info: Generating the following file(s) for VCS simulator in /nfs/site/disks/zsc14.xne_cnic.emu-fpga.001/kumarlok/nac_09_06_nvm_debug_partition/physs_eth_standalone/verif/fpga/vps_dvb/build_input_dir/IP_FILES/i2c_master_tb/ip/i2c_master_tb/i2c_master_inst_avalon_master_bfm_ip/sim/ directory:
Info: 	common/vcs_files.tcl
Info: For information on how to simulate your IP, see the explanatory comments in the simulator-specific subdirectories under /nfs/site/disks/zsc14.xne_cnic.emu-fpga.001/kumarlok/nac_09_06_nvm_debug_partition/physs_eth_standalone/verif/fpga/vps_dvb/build_input_dir/IP_FILES/i2c_master_tb/ip/i2c_master_tb/i2c_master_inst_avalon_master_bfm_ip/sim/.
Info: Regenerate these scripts whenever you make any change to any Quartus-generated IP in your project.
Info: Finished: Create simulation model
Info: Generation of /nfs/site/disks/zsc14.xne_cnic.emu-fpga.001/kumarlok/nac_09_06_nvm_debug_partition/physs_eth_standalone/verif/fpga/vps_dvb/build_input_dir/IP_FILES/i2c_master_tb/ip/i2c_master_tb/i2c_master_inst_avalon_master_bfm_ip.ip (i2c_master_inst_avalon_master_bfm_ip) took 128 ms
Info: 
Info: Saving generation log to /nfs/site/disks/zsc14.xne_cnic.emu-fpga.001/kumarlok/nac_09_06_nvm_debug_partition/physs_eth_standalone/verif/fpga/vps_dvb/build_input_dir/IP_FILES/i2c_master_tb/ip/i2c_master_tb/i2c_master_tb/i2c_master_inst_reset_bfm_ip_generation.rpt
Info: Generated by version: 24.1 build 115
Info: Starting: Create simulation model
Info: qsys-generate /nfs/site/disks/zsc14.xne_cnic.emu-fpga.001/kumarlok/nac_09_06_nvm_debug_partition/physs_eth_standalone/verif/fpga/vps_dvb/build_input_dir/IP_FILES/i2c_master_tb/ip/i2c_master_tb/i2c_master_inst_reset_bfm_ip.ip --simulation=VERILOG --allow-mixed-language-simulation --simulator=VCS --output-directory=/nfs/site/disks/zsc14.xne_cnic.emu-fpga.001/kumarlok/nac_09_06_nvm_debug_partition/physs_eth_standalone/verif/fpga/vps_dvb/build_input_dir/IP_FILES/i2c_master_tb/ip/i2c_master_tb/i2c_master_inst_reset_bfm_ip --family="Stratix 10" --part=1SG10MHN3F74C2LG_U2
Info: i2c_master_inst_reset_bfm_ip.i2c_master_inst_reset_bfm: Elaborate: altera_reset_source
Info: i2c_master_inst_reset_bfm_ip.i2c_master_inst_reset_bfm:            $Revision: #1 $
Info: i2c_master_inst_reset_bfm_ip.i2c_master_inst_reset_bfm:            $Date: 2024/02/01 $
Info: i2c_master_inst_reset_bfm_ip.i2c_master_inst_reset_bfm: Reset is negatively asserted.
Info: i2c_master_inst_reset_bfm_ip: "Transforming system: i2c_master_inst_reset_bfm_ip"
Info: i2c_master_inst_reset_bfm_ip: "Naming system components in system: i2c_master_inst_reset_bfm_ip"
Info: i2c_master_inst_reset_bfm_ip: "Processing generation queue"
Info: i2c_master_inst_reset_bfm_ip: "Generating: i2c_master_inst_reset_bfm_ip"
Info: i2c_master_inst_reset_bfm_ip: "Generating: altera_avalon_reset_source"
Info: i2c_master_inst_reset_bfm_ip: Done "i2c_master_inst_reset_bfm_ip" with 2 modules, 3 files
Info: Generating the following file(s) for VCS simulator in /nfs/site/disks/zsc14.xne_cnic.emu-fpga.001/kumarlok/nac_09_06_nvm_debug_partition/physs_eth_standalone/verif/fpga/vps_dvb/build_input_dir/IP_FILES/i2c_master_tb/ip/i2c_master_tb/i2c_master_inst_reset_bfm_ip/sim/ directory:
Info: 	common/vcs_files.tcl
Info: For information on how to simulate your IP, see the explanatory comments in the simulator-specific subdirectories under /nfs/site/disks/zsc14.xne_cnic.emu-fpga.001/kumarlok/nac_09_06_nvm_debug_partition/physs_eth_standalone/verif/fpga/vps_dvb/build_input_dir/IP_FILES/i2c_master_tb/ip/i2c_master_tb/i2c_master_inst_reset_bfm_ip/sim/.
Info: Regenerate these scripts whenever you make any change to any Quartus-generated IP in your project.
Info: Finished: Create simulation model
Info: Generation of /nfs/site/disks/zsc14.xne_cnic.emu-fpga.001/kumarlok/nac_09_06_nvm_debug_partition/physs_eth_standalone/verif/fpga/vps_dvb/build_input_dir/IP_FILES/i2c_master_tb/ip/i2c_master_tb/i2c_master_inst_reset_bfm_ip.ip (i2c_master_inst_reset_bfm_ip) took 73 ms
Info: 
Info: Saving generation log to /nfs/site/disks/zsc14.xne_cnic.emu-fpga.001/kumarlok/nac_09_06_nvm_debug_partition/physs_eth_standalone/verif/fpga/vps_dvb/build_input_dir/IP_FILES/i2c_master_tb/ip/i2c_master_tb/i2c_master_tb/i2c_master_inst_conduit_end_bfm_ip_generation.rpt
Info: Generated by version: 24.1 build 115
Info: Starting: Create simulation model
Info: qsys-generate /nfs/site/disks/zsc14.xne_cnic.emu-fpga.001/kumarlok/nac_09_06_nvm_debug_partition/physs_eth_standalone/verif/fpga/vps_dvb/build_input_dir/IP_FILES/i2c_master_tb/ip/i2c_master_tb/i2c_master_inst_conduit_end_bfm_ip.ip --simulation=VERILOG --allow-mixed-language-simulation --simulator=VCS --output-directory=/nfs/site/disks/zsc14.xne_cnic.emu-fpga.001/kumarlok/nac_09_06_nvm_debug_partition/physs_eth_standalone/verif/fpga/vps_dvb/build_input_dir/IP_FILES/i2c_master_tb/ip/i2c_master_tb/i2c_master_inst_conduit_end_bfm_ip --family="Stratix 10" --part=1SG10MHN3F74C2LG_U2
Info: i2c_master_inst_conduit_end_bfm_ip: "Transforming system: i2c_master_inst_conduit_end_bfm_ip"
Info: i2c_master_inst_conduit_end_bfm_ip: "Naming system components in system: i2c_master_inst_conduit_end_bfm_ip"
Info: i2c_master_inst_conduit_end_bfm_ip: "Processing generation queue"
Info: i2c_master_inst_conduit_end_bfm_ip: "Generating: i2c_master_inst_conduit_end_bfm_ip"
Info: i2c_master_inst_conduit_end_bfm_ip: "Generating: i2c_master_inst_conduit_end_bfm_ip_altera_conduit_bfm_191_tdqh7na"
Info: i2c_master_inst_conduit_end_bfm_ip: Done "i2c_master_inst_conduit_end_bfm_ip" with 2 modules, 3 files
Info: Generating the following file(s) for VCS simulator in /nfs/site/disks/zsc14.xne_cnic.emu-fpga.001/kumarlok/nac_09_06_nvm_debug_partition/physs_eth_standalone/verif/fpga/vps_dvb/build_input_dir/IP_FILES/i2c_master_tb/ip/i2c_master_tb/i2c_master_inst_conduit_end_bfm_ip/sim/ directory:
Info: 	common/vcs_files.tcl
Info: For information on how to simulate your IP, see the explanatory comments in the simulator-specific subdirectories under /nfs/site/disks/zsc14.xne_cnic.emu-fpga.001/kumarlok/nac_09_06_nvm_debug_partition/physs_eth_standalone/verif/fpga/vps_dvb/build_input_dir/IP_FILES/i2c_master_tb/ip/i2c_master_tb/i2c_master_inst_conduit_end_bfm_ip/sim/.
Info: Regenerate these scripts whenever you make any change to any Quartus-generated IP in your project.
Info: Finished: Create simulation model
Info: Generation of /nfs/site/disks/zsc14.xne_cnic.emu-fpga.001/kumarlok/nac_09_06_nvm_debug_partition/physs_eth_standalone/verif/fpga/vps_dvb/build_input_dir/IP_FILES/i2c_master_tb/ip/i2c_master_tb/i2c_master_inst_conduit_end_bfm_ip.ip (i2c_master_inst_conduit_end_bfm_ip) took 84 ms
Info: 
Info: Saving generation log to /nfs/site/disks/zsc14.xne_cnic.emu-fpga.001/kumarlok/nac_09_06_nvm_debug_partition/physs_eth_standalone/verif/fpga/vps_dvb/build_input_dir/IP_FILES/i2c_master_tb/ip/i2c_master_tb/i2c_master_tb/i2c_master_inst_clock_bfm_ip_generation.rpt
Info: Generated by version: 24.1 build 115
Info: Starting: Create simulation model
Info: qsys-generate /nfs/site/disks/zsc14.xne_cnic.emu-fpga.001/kumarlok/nac_09_06_nvm_debug_partition/physs_eth_standalone/verif/fpga/vps_dvb/build_input_dir/IP_FILES/i2c_master_tb/ip/i2c_master_tb/i2c_master_inst_clock_bfm_ip.ip --simulation=VERILOG --allow-mixed-language-simulation --simulator=VCS --output-directory=/nfs/site/disks/zsc14.xne_cnic.emu-fpga.001/kumarlok/nac_09_06_nvm_debug_partition/physs_eth_standalone/verif/fpga/vps_dvb/build_input_dir/IP_FILES/i2c_master_tb/ip/i2c_master_tb/i2c_master_inst_clock_bfm_ip --family="Stratix 10" --part=1SG10MHN3F74C2LG_U2
Info: i2c_master_inst_clock_bfm_ip.i2c_master_inst_clock_bfm: Elaborate: altera_clock_source
Info: i2c_master_inst_clock_bfm_ip.i2c_master_inst_clock_bfm:            $Revision: #1 $
Info: i2c_master_inst_clock_bfm_ip.i2c_master_inst_clock_bfm:            $Date: 2024/02/01 $
Info: i2c_master_inst_clock_bfm_ip: "Transforming system: i2c_master_inst_clock_bfm_ip"
Info: i2c_master_inst_clock_bfm_ip: "Naming system components in system: i2c_master_inst_clock_bfm_ip"
Info: i2c_master_inst_clock_bfm_ip: "Processing generation queue"
Info: i2c_master_inst_clock_bfm_ip: "Generating: i2c_master_inst_clock_bfm_ip"
Info: i2c_master_inst_clock_bfm_ip: "Generating: altera_avalon_clock_source"
Info: i2c_master_inst_clock_bfm_ip: Done "i2c_master_inst_clock_bfm_ip" with 2 modules, 3 files
Info: Generating the following file(s) for VCS simulator in /nfs/site/disks/zsc14.xne_cnic.emu-fpga.001/kumarlok/nac_09_06_nvm_debug_partition/physs_eth_standalone/verif/fpga/vps_dvb/build_input_dir/IP_FILES/i2c_master_tb/ip/i2c_master_tb/i2c_master_inst_clock_bfm_ip/sim/ directory:
Info: 	common/vcs_files.tcl
Info: For information on how to simulate your IP, see the explanatory comments in the simulator-specific subdirectories under /nfs/site/disks/zsc14.xne_cnic.emu-fpga.001/kumarlok/nac_09_06_nvm_debug_partition/physs_eth_standalone/verif/fpga/vps_dvb/build_input_dir/IP_FILES/i2c_master_tb/ip/i2c_master_tb/i2c_master_inst_clock_bfm_ip/sim/.
Info: Regenerate these scripts whenever you make any change to any Quartus-generated IP in your project.
Info: Finished: Create simulation model
Info: Generation of /nfs/site/disks/zsc14.xne_cnic.emu-fpga.001/kumarlok/nac_09_06_nvm_debug_partition/physs_eth_standalone/verif/fpga/vps_dvb/build_input_dir/IP_FILES/i2c_master_tb/ip/i2c_master_tb/i2c_master_inst_clock_bfm_ip.ip (i2c_master_inst_clock_bfm_ip) took 48 ms
Info: 
Info: Saving generation log to /nfs/site/disks/zsc14.xne_cnic.emu-fpga.001/kumarlok/nac_09_06_nvm_debug_partition/physs_eth_standalone/verif/fpga/vps_dvb/build_input_dir/IP_FILES/i2c_master_tb/i2c_master_generation.rpt
Info: Generated by version: 24.1 build 115
Info: Starting: Create simulation model
Info: qsys-generate /nfs/site/disks/zsc14.xne_cnic.emu-fpga.001/kumarlok/nac_09_06_nvm_debug_partition/physs_eth_standalone/verif/fpga/vps_dvb/build_input_dir/IP_FILES/i2c_master.ip --simulation=VERILOG --allow-mixed-language-simulation --simulator=VCS --output-directory=/nfs/site/disks/zsc14.xne_cnic.emu-fpga.001/kumarlok/nac_09_06_nvm_debug_partition/physs_eth_standalone/verif/fpga/vps_dvb/build_input_dir/IP_FILES/i2c_master --family="Stratix 10" --part=1SG10MHN3F74C2LG_U2
Info: Skipping generation of i2c_master: files already generated.
Info: Finished: Create simulation model
Info: Generation of /nfs/site/disks/zsc14.xne_cnic.emu-fpga.001/kumarlok/nac_09_06_nvm_debug_partition/physs_eth_standalone/verif/fpga/vps_dvb/build_input_dir/IP_FILES/i2c_master.ip (i2c_master) took 34 ms
Info: 
Info: qsys-generate /nfs/site/disks/zsc14.xne_cnic.emu-fpga.001/kumarlok/nac_09_06_nvm_debug_partition/physs_eth_standalone/verif/fpga/vps_dvb/build_input_dir/IP_FILES/i2c_master.ip --simulation=VERILOG --allow-mixed-language-simulation --testbench=STANDARD --testbench-simulation=VERILOG --allow-mixed-language-testbench-simulation --output-directory=/nfs/site/disks/zsc14.xne_cnic.emu-fpga.001/kumarlok/nac_09_06_nvm_debug_partition/physs_eth_standalone/verif/fpga/vps_dvb/build_input_dir/IP_FILES/i2c_master_tb/i2c_master_tb --family="Stratix 10" --part=1SG10MHN3F74C2LG_U2
Progress: Loading i2c_master_tb/i2c_master_tb.qsys
Progress: Reading input file
Progress: Parameterizing module i2c_master_inst
Progress: Parameterizing module i2c_master_inst_avalon_master_bfm
Progress: Parameterizing module i2c_master_inst_clock_bfm
Progress: Parameterizing module i2c_master_inst_conduit_end_bfm
Progress: Parameterizing module i2c_master_inst_reset_bfm
Progress: Building connections
Progress: Parameterizing connections
Progress: Validating
Progress: Done reading input file
Info: i2c_master_tb: "Transforming system: i2c_master_tb"
Info: i2c_master_tb: "Naming system components in system: i2c_master_tb"
Info: i2c_master_tb: "Processing generation queue"
Info: i2c_master_tb: "Generating: i2c_master_tb"
Info: i2c_master_tb: "Generating: i2c_master"
Info: i2c_master_tb: "Generating: i2c_master_inst_avalon_master_bfm_ip"
Info: i2c_master_tb: "Generating: i2c_master_inst_clock_bfm_ip"
Info: i2c_master_tb: "Generating: i2c_master_inst_conduit_end_bfm_ip"
Info: i2c_master_tb: "Generating: i2c_master_inst_reset_bfm_ip"
Info: i2c_master_tb: Done "i2c_master_tb" with 6 modules, 1 files
Info: Generating the following file(s) for VCSMX simulator in /nfs/site/disks/zsc14.xne_cnic.emu-fpga.001/kumarlok/nac_09_06_nvm_debug_partition/physs_eth_standalone/verif/fpga/vps_dvb/build_input_dir/IP_FILES/i2c_master_tb/i2c_master_tb/sim/ directory:
Info: 	common/vcsmx_files.tcl
Info: Generating the following file(s) for VCS simulator in /nfs/site/disks/zsc14.xne_cnic.emu-fpga.001/kumarlok/nac_09_06_nvm_debug_partition/physs_eth_standalone/verif/fpga/vps_dvb/build_input_dir/IP_FILES/i2c_master_tb/i2c_master_tb/sim/ directory:
Info: 	common/vcs_files.tcl
Info: Generating the following file(s) for XCELIUM simulator in /nfs/site/disks/zsc14.xne_cnic.emu-fpga.001/kumarlok/nac_09_06_nvm_debug_partition/physs_eth_standalone/verif/fpga/vps_dvb/build_input_dir/IP_FILES/i2c_master_tb/i2c_master_tb/sim/ directory:
Info: 	common/xcelium_files.tcl
Info: Generating the following file(s) for RIVIERA simulator in /nfs/site/disks/zsc14.xne_cnic.emu-fpga.001/kumarlok/nac_09_06_nvm_debug_partition/physs_eth_standalone/verif/fpga/vps_dvb/build_input_dir/IP_FILES/i2c_master_tb/i2c_master_tb/sim/ directory:
Info: 	common/riviera_files.tcl
Info: Generating the following file(s) for MODELSIM simulator in /nfs/site/disks/zsc14.xne_cnic.emu-fpga.001/kumarlok/nac_09_06_nvm_debug_partition/physs_eth_standalone/verif/fpga/vps_dvb/build_input_dir/IP_FILES/i2c_master_tb/i2c_master_tb/sim/ directory:
Info: 	common/modelsim_files.tcl
Info: For information on how to simulate your IP, see the explanatory comments in the simulator-specific subdirectories under /nfs/site/disks/zsc14.xne_cnic.emu-fpga.001/kumarlok/nac_09_06_nvm_debug_partition/physs_eth_standalone/verif/fpga/vps_dvb/build_input_dir/IP_FILES/i2c_master_tb/i2c_master_tb/sim/.
Info: Regenerate these scripts whenever you make any change to any Quartus-generated IP in your project.
Info: sim-script-gen --system-file=/nfs/site/disks/zsc14.xne_cnic.emu-fpga.001/kumarlok/nac_09_06_nvm_debug_partition/physs_eth_standalone/verif/fpga/vps_dvb/build_input_dir/IP_FILES/i2c_master_tb/i2c_master_tb.qsys --output-directory=/nfs/site/disks/zsc14.xne_cnic.emu-fpga.001/kumarlok/nac_09_06_nvm_debug_partition/physs_eth_standalone/verif/fpga/vps_dvb/build_input_dir/IP_FILES/i2c_master_tb/i2c_master_tb/sim/ --use-relative-paths=true
Info: Generating the following file(s) for VCSMX simulator in /nfs/site/disks/zsc14.xne_cnic.emu-fpga.001/kumarlok/nac_09_06_nvm_debug_partition/physs_eth_standalone/verif/fpga/vps_dvb/build_input_dir/IP_FILES/i2c_master_tb/i2c_master_tb/sim/ directory:
Info: 	synopsys/vcsmx/synopsys_sim.setup
Info: 	synopsys/vcsmx/vcsmx_setup.sh
Info: Generating the following file(s) for VCS simulator in /nfs/site/disks/zsc14.xne_cnic.emu-fpga.001/kumarlok/nac_09_06_nvm_debug_partition/physs_eth_standalone/verif/fpga/vps_dvb/build_input_dir/IP_FILES/i2c_master_tb/i2c_master_tb/sim/ directory:
Info: 	synopsys/vcs/vcs_setup.sh
Info: Generating the following file(s) for XCELIUM simulator in /nfs/site/disks/zsc14.xne_cnic.emu-fpga.001/kumarlok/nac_09_06_nvm_debug_partition/physs_eth_standalone/verif/fpga/vps_dvb/build_input_dir/IP_FILES/i2c_master_tb/i2c_master_tb/sim/ directory:
Info: 	xcelium/cds.lib
Info: 	xcelium/hdl.var
Info: 	xcelium/xcelium_setup.sh
Info: 	1 .cds.lib files in xcelium/cds_libs/ directory
Info: Generating the following file(s) for RIVIERA simulator in /nfs/site/disks/zsc14.xne_cnic.emu-fpga.001/kumarlok/nac_09_06_nvm_debug_partition/physs_eth_standalone/verif/fpga/vps_dvb/build_input_dir/IP_FILES/i2c_master_tb/i2c_master_tb/sim/ directory:
Info: 	aldec/rivierapro_setup.tcl
Info: Generating the following file(s) for MODELSIM simulator in /nfs/site/disks/zsc14.xne_cnic.emu-fpga.001/kumarlok/nac_09_06_nvm_debug_partition/physs_eth_standalone/verif/fpga/vps_dvb/build_input_dir/IP_FILES/i2c_master_tb/i2c_master_tb/sim/ directory:
Info: 	mentor/msim_setup.tcl
Info: For information on how to simulate your IP, see the explanatory comments in the simulator-specific subdirectories under /nfs/site/disks/zsc14.xne_cnic.emu-fpga.001/kumarlok/nac_09_06_nvm_debug_partition/physs_eth_standalone/verif/fpga/vps_dvb/build_input_dir/IP_FILES/i2c_master_tb/i2c_master_tb/sim/.
Info: Regenerate these scripts whenever you make any change to any Quartus-generated IP in your project.
Info: Finished: Create testbench Platform Designer system
