Info: Generated by version: 23.3 build 104
Info: Starting: Create simulation model
Info: qsys-generate /nfs/site/disks/xne_tip_0003/urukunda/quartus_20_3_grr/serdes_tbi_loopback_fifo/serdes_tbi_loopback_fifo.ip --simulation=VERILOG --allow-mixed-language-simulation --output-directory=/nfs/site/disks/xne_tip_0003/urukunda/quartus_20_3_grr/serdes_tbi_loopback_fifo/serdes_tbi_loopback_fifo --family="Stratix 10" --part=1SG10MHN3F74C2LG_U1
: serdes_tbi_loopback_fifo.fifo_0: Targeting device family: Stratix 10.
: serdes_tbi_loopback_fifo.fifo_0: Tab: 'SCFIFO Options' is unavailable while using Dual-Clock FIFO.
: serdes_tbi_loopback_fifo.fifo_0: 'Output register option' is unavailable while using Dual-Clock FIFO.
: serdes_tbi_loopback_fifo.fifo_0: SDC file will be generated to apply correct constraints. User may experience increase in fitter compilation time
: serdes_tbi_loopback_fifo.fifo_0: Embedded set_false_path assignment is disabled.
Info: serdes_tbi_loopback_fifo: "Transforming system: serdes_tbi_loopback_fifo"
Info: serdes_tbi_loopback_fifo: "Naming system components in system: serdes_tbi_loopback_fifo"
Info: serdes_tbi_loopback_fifo: "Processing generation queue"
Info: serdes_tbi_loopback_fifo: "Generating: serdes_tbi_loopback_fifo"
Info: serdes_tbi_loopback_fifo: "Generating: serdes_tbi_loopback_fifo_fifo_1923_titfvra"
Info: serdes_tbi_loopback_fifo: Done "serdes_tbi_loopback_fifo" with 2 modules, 3 files
Info: Generating the following file(s) for XCELIUM simulator in /nfs/site/disks/xne_tip_0003/urukunda/quartus_20_3_grr/serdes_tbi_loopback_fifo/serdes_tbi_loopback_fifo/sim/ directory:
Info: 	common/xcelium_files.tcl
Info: Generating the following file(s) for VCS simulator in /nfs/site/disks/xne_tip_0003/urukunda/quartus_20_3_grr/serdes_tbi_loopback_fifo/serdes_tbi_loopback_fifo/sim/ directory:
Info: 	common/vcs_files.tcl
Info: Generating the following file(s) for MODELSIM simulator in /nfs/site/disks/xne_tip_0003/urukunda/quartus_20_3_grr/serdes_tbi_loopback_fifo/serdes_tbi_loopback_fifo/sim/ directory:
Info: 	common/modelsim_files.tcl
Info: Generating the following file(s) for RIVIERA simulator in /nfs/site/disks/xne_tip_0003/urukunda/quartus_20_3_grr/serdes_tbi_loopback_fifo/serdes_tbi_loopback_fifo/sim/ directory:
Info: 	common/riviera_files.tcl
Info: Generating the following file(s) for VCSMX simulator in /nfs/site/disks/xne_tip_0003/urukunda/quartus_20_3_grr/serdes_tbi_loopback_fifo/serdes_tbi_loopback_fifo/sim/ directory:
Info: 	common/vcsmx_files.tcl
Info: For information on how to simulate your IP, see the explanatory comments in the simulator-specific subdirectories under /nfs/site/disks/xne_tip_0003/urukunda/quartus_20_3_grr/serdes_tbi_loopback_fifo/serdes_tbi_loopback_fifo/sim/.
Info: Regenerate these scripts whenever you make any change to any Quartus-generated IP in your project.
Info: Finished: Create simulation model
Info: Starting: Create simulation script
Info: sim-script-gen --system-file=/nfs/site/disks/xne_tip_0003/urukunda/quartus_20_3_grr/serdes_tbi_loopback_fifo/serdes_tbi_loopback_fifo.ip --output-directory=/nfs/site/disks/xne_tip_0003/urukunda/quartus_20_3_grr/serdes_tbi_loopback_fifo/serdes_tbi_loopback_fifo/sim/ --use-relative-paths=true
Info: Generating the following file(s) for XCELIUM simulator in /nfs/site/disks/xne_tip_0003/urukunda/quartus_20_3_grr/serdes_tbi_loopback_fifo/serdes_tbi_loopback_fifo/sim/ directory:
Info: 	xcelium/cds.lib
Info: 	xcelium/hdl.var
Info: 	xcelium/xcelium_setup.sh
Info: 	2 .cds.lib files in xcelium/cds_libs/ directory
Info: Generating the following file(s) for VCS simulator in /nfs/site/disks/xne_tip_0003/urukunda/quartus_20_3_grr/serdes_tbi_loopback_fifo/serdes_tbi_loopback_fifo/sim/ directory:
Info: 	synopsys/vcs/vcs_setup.sh
Info: Generating the following file(s) for MODELSIM simulator in /nfs/site/disks/xne_tip_0003/urukunda/quartus_20_3_grr/serdes_tbi_loopback_fifo/serdes_tbi_loopback_fifo/sim/ directory:
Info: 	mentor/msim_setup.tcl
Info: Generating the following file(s) for RIVIERA simulator in /nfs/site/disks/xne_tip_0003/urukunda/quartus_20_3_grr/serdes_tbi_loopback_fifo/serdes_tbi_loopback_fifo/sim/ directory:
Info: 	aldec/rivierapro_setup.tcl
Info: Generating the following file(s) for VCSMX simulator in /nfs/site/disks/xne_tip_0003/urukunda/quartus_20_3_grr/serdes_tbi_loopback_fifo/serdes_tbi_loopback_fifo/sim/ directory:
Info: 	synopsys/vcsmx/synopsys_sim.setup
Info: 	synopsys/vcsmx/vcsmx_setup.sh
Info: For information on how to simulate your IP, see the explanatory comments in the simulator-specific subdirectories under /nfs/site/disks/xne_tip_0003/urukunda/quartus_20_3_grr/serdes_tbi_loopback_fifo/serdes_tbi_loopback_fifo/sim/.
Info: Regenerate these scripts whenever you make any change to any Quartus-generated IP in your project.
Info: Finished: Create simulation script
Info: Starting: Create block symbol file (.bsf)
Info: qsys-generate /nfs/site/disks/xne_tip_0003/urukunda/quartus_20_3_grr/serdes_tbi_loopback_fifo/serdes_tbi_loopback_fifo.ip --block-symbol-file --output-directory=/nfs/site/disks/xne_tip_0003/urukunda/quartus_20_3_grr/serdes_tbi_loopback_fifo/serdes_tbi_loopback_fifo --family="Stratix 10" --part=1SG10MHN3F74C2LG_U1
: serdes_tbi_loopback_fifo.fifo_0: Targeting device family: Stratix 10.
: serdes_tbi_loopback_fifo.fifo_0: Tab: 'SCFIFO Options' is unavailable while using Dual-Clock FIFO.
: serdes_tbi_loopback_fifo.fifo_0: 'Output register option' is unavailable while using Dual-Clock FIFO.
: serdes_tbi_loopback_fifo.fifo_0: SDC file will be generated to apply correct constraints. User may experience increase in fitter compilation time
: serdes_tbi_loopback_fifo.fifo_0: Embedded set_false_path assignment is disabled.
Info: Finished: Create block symbol file (.bsf)
Info: 
Info: Starting: Create HDL design files for synthesis
Info: qsys-generate /nfs/site/disks/xne_tip_0003/urukunda/quartus_20_3_grr/serdes_tbi_loopback_fifo/serdes_tbi_loopback_fifo.ip --synthesis=VERILOG --output-directory=/nfs/site/disks/xne_tip_0003/urukunda/quartus_20_3_grr/serdes_tbi_loopback_fifo/serdes_tbi_loopback_fifo --family="Stratix 10" --part=1SG10MHN3F74C2LG_U1
: serdes_tbi_loopback_fifo.fifo_0: Targeting device family: Stratix 10.
: serdes_tbi_loopback_fifo.fifo_0: Tab: 'SCFIFO Options' is unavailable while using Dual-Clock FIFO.
: serdes_tbi_loopback_fifo.fifo_0: 'Output register option' is unavailable while using Dual-Clock FIFO.
: serdes_tbi_loopback_fifo.fifo_0: SDC file will be generated to apply correct constraints. User may experience increase in fitter compilation time
: serdes_tbi_loopback_fifo.fifo_0: Embedded set_false_path assignment is disabled.
Info: serdes_tbi_loopback_fifo: "Transforming system: serdes_tbi_loopback_fifo"
Info: serdes_tbi_loopback_fifo: "Naming system components in system: serdes_tbi_loopback_fifo"
Info: serdes_tbi_loopback_fifo: "Processing generation queue"
Info: serdes_tbi_loopback_fifo: "Generating: serdes_tbi_loopback_fifo"
Info: serdes_tbi_loopback_fifo: "Generating: serdes_tbi_loopback_fifo_fifo_1923_titfvra"
Info: serdes_tbi_loopback_fifo: Done "serdes_tbi_loopback_fifo" with 2 modules, 3 files
Info: Finished: Create HDL design files for synthesis
