Info: Generated by version: 23.3 build 104
Info: Starting: Create simulation model
Info: qsys-generate /nfs/site/disks/xne_tip_0003/urukunda/quartus_20_3_grr/serdes_tbi_loopback_fifo/serdes_tbi_loopback_fifo.ip --simulation=VERILOG --allow-mixed-language-simulation --simulator=VCS --output-directory=/nfs/site/disks/xne_tip_0003/urukunda/quartus_20_3_grr/serdes_tbi_loopback_fifo/serdes_tbi_loopback_fifo --family="Stratix 10" --part=1SG10MHN3F74C2LG_U1
: serdes_tbi_loopback_fifo.fifo_0: Targeting device family: Stratix 10.
: serdes_tbi_loopback_fifo.fifo_0: Tab: 'SCFIFO Options' is unavailable while using Dual-Clock FIFO.
: serdes_tbi_loopback_fifo.fifo_0: 'Output register option' is unavailable while using Dual-Clock FIFO.
: serdes_tbi_loopback_fifo.fifo_0: SDC file will be generated to apply correct constraints. User may experience increase in fitter compilation time
: serdes_tbi_loopback_fifo.fifo_0: Embedded set_false_path assignment is disabled.
Info: Skipping generation of serdes_tbi_loopback_fifo: files already generated.
Info: Finished: Create simulation model
Info: Starting: Create simulation script
Info: sim-script-gen --system-file=/nfs/site/disks/xne_tip_0003/urukunda/quartus_20_3_grr/serdes_tbi_loopback_fifo/serdes_tbi_loopback_fifo.ip --simulator=VCS --output-directory=/nfs/site/disks/xne_tip_0003/urukunda/quartus_20_3_grr/serdes_tbi_loopback_fifo/serdes_tbi_loopback_fifo/sim/ --use-relative-paths=true
Info: Generating the following file(s) for VCS simulator in /nfs/site/disks/xne_tip_0003/urukunda/quartus_20_3_grr/serdes_tbi_loopback_fifo/serdes_tbi_loopback_fifo/sim/ directory:
Info: 	synopsys/vcs/vcs_setup.sh
Info: For information on how to simulate your IP, see the explanatory comments in the simulator-specific subdirectories under /nfs/site/disks/xne_tip_0003/urukunda/quartus_20_3_grr/serdes_tbi_loopback_fifo/serdes_tbi_loopback_fifo/sim/.
Info: Regenerate these scripts whenever you make any change to any Quartus-generated IP in your project.
Info: Finished: Create simulation script
Info: Starting: Create block symbol file (.bsf)
Info: qsys-generate /nfs/site/disks/xne_tip_0003/urukunda/quartus_20_3_grr/serdes_tbi_loopback_fifo/serdes_tbi_loopback_fifo.ip --block-symbol-file --output-directory=/nfs/site/disks/xne_tip_0003/urukunda/quartus_20_3_grr/serdes_tbi_loopback_fifo/serdes_tbi_loopback_fifo --family="Stratix 10" --part=1SG10MHN3F74C2LG_U1
: serdes_tbi_loopback_fifo.fifo_0: Targeting device family: Stratix 10.
: serdes_tbi_loopback_fifo.fifo_0: Tab: 'SCFIFO Options' is unavailable while using Dual-Clock FIFO.
: serdes_tbi_loopback_fifo.fifo_0: 'Output register option' is unavailable while using Dual-Clock FIFO.
: serdes_tbi_loopback_fifo.fifo_0: SDC file will be generated to apply correct constraints. User may experience increase in fitter compilation time
: serdes_tbi_loopback_fifo.fifo_0: Embedded set_false_path assignment is disabled.
Info: Finished: Create block symbol file (.bsf)
Info: 
Info: Starting: Create HDL design files for synthesis
Info: qsys-generate /nfs/site/disks/xne_tip_0003/urukunda/quartus_20_3_grr/serdes_tbi_loopback_fifo/serdes_tbi_loopback_fifo.ip --synthesis=VERILOG --output-directory=/nfs/site/disks/xne_tip_0003/urukunda/quartus_20_3_grr/serdes_tbi_loopback_fifo/serdes_tbi_loopback_fifo --family="Stratix 10" --part=1SG10MHN3F74C2LG_U1
: serdes_tbi_loopback_fifo.fifo_0: Targeting device family: Stratix 10.
: serdes_tbi_loopback_fifo.fifo_0: Tab: 'SCFIFO Options' is unavailable while using Dual-Clock FIFO.
: serdes_tbi_loopback_fifo.fifo_0: 'Output register option' is unavailable while using Dual-Clock FIFO.
: serdes_tbi_loopback_fifo.fifo_0: SDC file will be generated to apply correct constraints. User may experience increase in fitter compilation time
: serdes_tbi_loopback_fifo.fifo_0: Embedded set_false_path assignment is disabled.
Info: Skipping generation of serdes_tbi_loopback_fifo: files already generated.
Info: Finished: Create HDL design files for synthesis
Info: Starting: Generate IP Core Documentation
Info: No documentation filesets were found for components in serdes_tbi_loopback_fifo. No files generated.
Info: Finished: Generate IP Core Documentation
