Info: Generated by version: 23.3 build 104
Info: Starting: Create simulation model
Info: qsys-generate /nfs/site/disks/xne_tip_0003/urukunda/quartus_20_3_grr/s10_fpll_ref125Mhz_625Mhz/s10_fpll_ref125Mhz_625Mhz.ip --simulation=VERILOG --allow-mixed-language-simulation --simulator=VCS --output-directory=/nfs/site/disks/xne_tip_0003/urukunda/quartus_20_3_grr/s10_fpll_ref125Mhz_625Mhz/s10_fpll_ref125Mhz_625Mhz --family="Stratix 10" --part=1SG10MHN3F74C2LG_U1
Info: s10_fpll_ref125Mhz_625Mhz.xcvr_fpll_s10_htile_0: For the selected device(1SG10MHN3F74C2LG_U1), PLL speed grade is 2.
Info: Skipping generation of s10_fpll_ref125Mhz_625Mhz: files already generated.
Info: Finished: Create simulation model
Info: Starting: Create simulation script
Info: sim-script-gen --system-file=/nfs/site/disks/xne_tip_0003/urukunda/quartus_20_3_grr/s10_fpll_ref125Mhz_625Mhz/s10_fpll_ref125Mhz_625Mhz.ip --simulator=VCS --output-directory=/nfs/site/disks/xne_tip_0003/urukunda/quartus_20_3_grr/s10_fpll_ref125Mhz_625Mhz/s10_fpll_ref125Mhz_625Mhz/sim/ --use-relative-paths=true
Info: Generating the following file(s) for VCS simulator in /nfs/site/disks/xne_tip_0003/urukunda/quartus_20_3_grr/s10_fpll_ref125Mhz_625Mhz/s10_fpll_ref125Mhz_625Mhz/sim/ directory:
Info: 	synopsys/vcs/vcs_setup.sh
Info: For information on how to simulate your IP, see the explanatory comments in the simulator-specific subdirectories under /nfs/site/disks/xne_tip_0003/urukunda/quartus_20_3_grr/s10_fpll_ref125Mhz_625Mhz/s10_fpll_ref125Mhz_625Mhz/sim/.
Info: Regenerate these scripts whenever you make any change to any Quartus-generated IP in your project.
Info: Finished: Create simulation script
Info: Starting: Create block symbol file (.bsf)
Info: qsys-generate /nfs/site/disks/xne_tip_0003/urukunda/quartus_20_3_grr/s10_fpll_ref125Mhz_625Mhz/s10_fpll_ref125Mhz_625Mhz.ip --block-symbol-file --output-directory=/nfs/site/disks/xne_tip_0003/urukunda/quartus_20_3_grr/s10_fpll_ref125Mhz_625Mhz/s10_fpll_ref125Mhz_625Mhz --family="Stratix 10" --part=1SG10MHN3F74C2LG_U1
Info: s10_fpll_ref125Mhz_625Mhz.xcvr_fpll_s10_htile_0: For the selected device(1SG10MHN3F74C2LG_U1), PLL speed grade is 2.
Info: Finished: Create block symbol file (.bsf)
Info: 
Info: Starting: Create HDL design files for synthesis
Info: qsys-generate /nfs/site/disks/xne_tip_0003/urukunda/quartus_20_3_grr/s10_fpll_ref125Mhz_625Mhz/s10_fpll_ref125Mhz_625Mhz.ip --synthesis=VERILOG --output-directory=/nfs/site/disks/xne_tip_0003/urukunda/quartus_20_3_grr/s10_fpll_ref125Mhz_625Mhz/s10_fpll_ref125Mhz_625Mhz --family="Stratix 10" --part=1SG10MHN3F74C2LG_U1
Info: s10_fpll_ref125Mhz_625Mhz.xcvr_fpll_s10_htile_0: For the selected device(1SG10MHN3F74C2LG_U1), PLL speed grade is 2.
Info: Skipping generation of s10_fpll_ref125Mhz_625Mhz: files already generated.
Info: Finished: Create HDL design files for synthesis
Info: Starting: Generate IP Core Documentation
Info: No documentation filesets were found for components in s10_fpll_ref125Mhz_625Mhz. No files generated.
Info: Finished: Generate IP Core Documentation
