Info: Generated by version: 20.3 build 158
Info: Starting: Create block symbol file (.bsf)
Info: qsys-generate /nfs/site/disks/sdg74_1254/users/kpapte/grr_nacd_1p0_ww33/rtls.prototyping.frio.grr-nac/build/stratix10/latest/pro.20.3/quartus/ip/pcie_gen2_fPLL/pcie_gen2_fPLL.ip --block-symbol-file --output-directory=/nfs/site/disks/sdg74_1254/users/kpapte/grr_nacd_1p0_ww33/rtls.prototyping.frio.grr-nac/build/stratix10/latest/pro.20.3/quartus/ip/pcie_gen2_fPLL/pcie_gen2_fPLL --family="Stratix 10" --part=1SG280LU3F50E1VG
Info: pcie_gen2_fPLL.xcvr_fpll_s10_htile_0: For the selected device(1SG280LU3F50E1VG), PLL speed grade is 3.
Info: qsys-generate succeeded.
Info: Finished: Create block symbol file (.bsf)
Info: 
Info: Starting: Create HDL design files for synthesis
Info: qsys-generate /nfs/site/disks/sdg74_1254/users/kpapte/grr_nacd_1p0_ww33/rtls.prototyping.frio.grr-nac/build/stratix10/latest/pro.20.3/quartus/ip/pcie_gen2_fPLL/pcie_gen2_fPLL.ip --synthesis=VERILOG --output-directory=/nfs/site/disks/sdg74_1254/users/kpapte/grr_nacd_1p0_ww33/rtls.prototyping.frio.grr-nac/build/stratix10/latest/pro.20.3/quartus/ip/pcie_gen2_fPLL/pcie_gen2_fPLL --family="Stratix 10" --part=1SG280LU3F50E1VG
Info: pcie_gen2_fPLL.xcvr_fpll_s10_htile_0: For the selected device(1SG280LU3F50E1VG), PLL speed grade is 3.
Info: pcie_gen2_fPLL: "Transforming system: pcie_gen2_fPLL"
Info: pcie_gen2_fPLL: "Naming system components in system: pcie_gen2_fPLL"
Info: pcie_gen2_fPLL: "Processing generation queue"
Info: pcie_gen2_fPLL: "Generating: pcie_gen2_fPLL"
Info: pcie_gen2_fPLL: "Generating: pcie_gen2_fPLL_altera_xcvr_fpll_s10_htile_1912_5hsjcuq"
Info: xcvr_fpll_s10_htile_0: add_fileset_file ./altera_std_synchronizer_nocut.v VERILOG PATH ../../../../primitives/altera_std_synchronizer/altera_std_synchronizer_nocut.v
Info: xcvr_fpll_s10_htile_0: add_fileset_file ./s10_avmm_h.sv SYSTEM_VERILOG PATH ../../../altera_xcvr_native_phy/altera_xcvr_native_s10/source/s10_avmm_h.sv
Info: xcvr_fpll_s10_htile_0: add_fileset_file ./altera_xcvr_native_s10_functions_h.sv SYSTEM_VERILOG PATH ../../../altera_xcvr_native_phy/altera_xcvr_native_s10/source/altera_xcvr_native_s10_functions_h.sv
Info: xcvr_fpll_s10_htile_0: add_fileset_file ./alt_xcvr_native_anlg_reset_seq.sv SYSTEM_VERILOG PATH ../../../altera_xcvr_native_phy/altera_xcvr_native_s10/source/alt_xcvr_native_anlg_reset_seq.sv
Info: xcvr_fpll_s10_htile_0: add_fileset_file ./alt_xcvr_pll_rcfg_arb.sv SYSTEM_VERILOG PATH ../../common/alt_xcvr_pll_rcfg_arb.sv
Info: xcvr_fpll_s10_htile_0: add_fileset_file ./alt_xcvr_pll_embedded_debug.sv SYSTEM_VERILOG PATH ../../common/alt_xcvr_pll_embedded_debug.sv
Info: xcvr_fpll_s10_htile_0: add_fileset_file ./alt_xcvr_pll_avmm_csr.sv SYSTEM_VERILOG PATH ../../common/alt_xcvr_pll_avmm_csr.sv
Info: xcvr_fpll_s10_htile_0: add_fileset_file ./alt_xcvr_resync.sv SYSTEM_VERILOG PATH ../../../../altera_xcvr_generic/ctrl/alt_xcvr_resync.sv
Info: xcvr_fpll_s10_htile_0: add_fileset_file ./alt_xcvr_arbiter.sv SYSTEM_VERILOG PATH ../../../../altera_xcvr_generic/ctrl/alt_xcvr_arbiter.sv
Info: pcie_gen2_fPLL: Done "pcie_gen2_fPLL" with 2 modules, 14 files
Info: qsys-generate succeeded.
Info: Finished: Create HDL design files for synthesis
