Info: Generated by version: 20.3 build 158
Info: Starting: Create block symbol file (.bsf)
Info: qsys-generate /nfs/site/disks/sdg74_1254/users/kpapte/grr_nacd_1p0_ww33/rtls.prototyping.frio.grr-nac/build/stratix10/latest/pro.20.3/quartus/ip/altera_fifo_1x2/altera_fifo_1x2.ip --block-symbol-file --output-directory=/nfs/site/disks/sdg74_1254/users/kpapte/grr_nacd_1p0_ww33/rtls.prototyping.frio.grr-nac/build/stratix10/latest/pro.20.3/quartus/ip/altera_fifo_1x2/altera_fifo_1x2 --family="Stratix 10" --part=1SG280LU3F50E1VG
: altera_fifo_1x2.fifo_0: Targeting device family: Stratix 10.
: altera_fifo_1x2.fifo_0: Tab: 'SCFIFO Options' is unavailable while using Dual-Clock FIFO.
: altera_fifo_1x2.fifo_0: 'Output register option' is unavailable while using Dual-Clock FIFO.
: altera_fifo_1x2.fifo_0: SDC file will be generated to apply correct constraints. User may experience increase in fitter compilation time
: altera_fifo_1x2.fifo_0: Embedded set_false_path assignment is disabled.
Info: qsys-generate succeeded.
Info: Finished: Create block symbol file (.bsf)
Info: 
Info: Starting: Create HDL design files for synthesis
Info: qsys-generate /nfs/site/disks/sdg74_1254/users/kpapte/grr_nacd_1p0_ww33/rtls.prototyping.frio.grr-nac/build/stratix10/latest/pro.20.3/quartus/ip/altera_fifo_1x2/altera_fifo_1x2.ip --synthesis=VERILOG --output-directory=/nfs/site/disks/sdg74_1254/users/kpapte/grr_nacd_1p0_ww33/rtls.prototyping.frio.grr-nac/build/stratix10/latest/pro.20.3/quartus/ip/altera_fifo_1x2/altera_fifo_1x2 --family="Stratix 10" --part=1SG280LU3F50E1VG
: altera_fifo_1x2.fifo_0: Targeting device family: Stratix 10.
: altera_fifo_1x2.fifo_0: Tab: 'SCFIFO Options' is unavailable while using Dual-Clock FIFO.
: altera_fifo_1x2.fifo_0: 'Output register option' is unavailable while using Dual-Clock FIFO.
: altera_fifo_1x2.fifo_0: SDC file will be generated to apply correct constraints. User may experience increase in fitter compilation time
: altera_fifo_1x2.fifo_0: Embedded set_false_path assignment is disabled.
Info: altera_fifo_1x2: "Transforming system: altera_fifo_1x2"
Info: altera_fifo_1x2: "Naming system components in system: altera_fifo_1x2"
Info: altera_fifo_1x2: "Processing generation queue"
Info: altera_fifo_1x2: "Generating: altera_fifo_1x2"
Info: altera_fifo_1x2: "Generating: altera_fifo_1x2_fifo_1910_2yrs42i"
Info: altera_fifo_1x2: Done "altera_fifo_1x2" with 2 modules, 3 files
Info: qsys-generate succeeded.
Info: Finished: Create HDL design files for synthesis
