Info: Generated by version: 23.3 build 104
Info: Starting: Create simulation model
Info: qsys-generate /nfs/site/disks/xne_tip_0003/urukunda/quartus_20_3_grr/s10_xcvr_phy_reset_controller/s10_xcvr_phy_reset_controller.ip --simulation=VERILOG --allow-mixed-language-simulation --simulator=VCS --output-directory=/nfs/site/disks/xne_tip_0003/urukunda/quartus_20_3_grr/s10_xcvr_phy_reset_controller/s10_xcvr_phy_reset_controller --family="Stratix 10" --part=1SG10MHN3F74C2LG_U1
Info: s10_xcvr_phy_reset_controller: "Transforming system: s10_xcvr_phy_reset_controller"
Info: s10_xcvr_phy_reset_controller: "Naming system components in system: s10_xcvr_phy_reset_controller"
Info: s10_xcvr_phy_reset_controller: "Processing generation queue"
Info: s10_xcvr_phy_reset_controller: "Generating: s10_xcvr_phy_reset_controller"
Info: s10_xcvr_phy_reset_controller: "Generating: altera_xcvr_reset_control_s10"
Info: xcvr_reset_control_s10_0: add_fileset_file ./altera_std_synchronizer_nocut.v VERILOG PATH ../../../primitives/altera_std_synchronizer/altera_std_synchronizer_nocut.v
Info: xcvr_reset_control_s10_0: add_fileset_file ./alt_xcvr_resync_std.sv SYSTEM_VERILOG PATH ../../alt_xcvr_generic/alt_xcvr_resync_std.sv
Info: xcvr_reset_control_s10_0: add_fileset_file ./altera_xcvr_reset_control_s10.sv SYSTEM_VERILOG PATH ..//altera_xcvr_reset_control_s10.sv
Info: xcvr_reset_control_s10_0: add_fileset_file ./alt_xcvr_reset_counter_s10.sv SYSTEM_VERILOG PATH ..//alt_xcvr_reset_counter_s10.sv
Info: s10_xcvr_phy_reset_controller: Done "s10_xcvr_phy_reset_controller" with 2 modules, 10 files
Info: Generating the following file(s) for VCS simulator in /nfs/site/disks/xne_tip_0003/urukunda/quartus_20_3_grr/s10_xcvr_phy_reset_controller/s10_xcvr_phy_reset_controller/sim/ directory:
Info: 	common/vcs_files.tcl
Info: For information on how to simulate your IP, see the explanatory comments in the simulator-specific subdirectories under /nfs/site/disks/xne_tip_0003/urukunda/quartus_20_3_grr/s10_xcvr_phy_reset_controller/s10_xcvr_phy_reset_controller/sim/.
Info: Regenerate these scripts whenever you make any change to any Quartus-generated IP in your project.
Info: Finished: Create simulation model
Info: Starting: Create simulation script
Info: sim-script-gen --system-file=/nfs/site/disks/xne_tip_0003/urukunda/quartus_20_3_grr/s10_xcvr_phy_reset_controller/s10_xcvr_phy_reset_controller.ip --simulator=VCS --output-directory=/nfs/site/disks/xne_tip_0003/urukunda/quartus_20_3_grr/s10_xcvr_phy_reset_controller/s10_xcvr_phy_reset_controller/sim/ --use-relative-paths=true
Info: Generating the following file(s) for VCS simulator in /nfs/site/disks/xne_tip_0003/urukunda/quartus_20_3_grr/s10_xcvr_phy_reset_controller/s10_xcvr_phy_reset_controller/sim/ directory:
Info: 	synopsys/vcs/vcs_setup.sh
Info: For information on how to simulate your IP, see the explanatory comments in the simulator-specific subdirectories under /nfs/site/disks/xne_tip_0003/urukunda/quartus_20_3_grr/s10_xcvr_phy_reset_controller/s10_xcvr_phy_reset_controller/sim/.
Info: Regenerate these scripts whenever you make any change to any Quartus-generated IP in your project.
Info: Finished: Create simulation script
Info: Starting: Create block symbol file (.bsf)
Info: qsys-generate /nfs/site/disks/xne_tip_0003/urukunda/quartus_20_3_grr/s10_xcvr_phy_reset_controller/s10_xcvr_phy_reset_controller.ip --block-symbol-file --output-directory=/nfs/site/disks/xne_tip_0003/urukunda/quartus_20_3_grr/s10_xcvr_phy_reset_controller/s10_xcvr_phy_reset_controller --family="Stratix 10" --part=1SG10MHN3F74C2LG_U1
Info: Finished: Create block symbol file (.bsf)
Info: 
Info: Starting: Create HDL design files for synthesis
Info: qsys-generate /nfs/site/disks/xne_tip_0003/urukunda/quartus_20_3_grr/s10_xcvr_phy_reset_controller/s10_xcvr_phy_reset_controller.ip --synthesis=VERILOG --output-directory=/nfs/site/disks/xne_tip_0003/urukunda/quartus_20_3_grr/s10_xcvr_phy_reset_controller/s10_xcvr_phy_reset_controller --family="Stratix 10" --part=1SG10MHN3F74C2LG_U1
Info: Skipping generation of s10_xcvr_phy_reset_controller: files already generated.
Info: Finished: Create HDL design files for synthesis
Info: Starting: Generate IP Core Documentation
Info: No documentation filesets were found for components in s10_xcvr_phy_reset_controller. No files generated.
Info: Finished: Generate IP Core Documentation
