Info: Generated by version: 19.4 build 64
Info: Starting: Create block symbol file (.bsf)
Info: qsys-generate /bata/ksallemi/WORK/intelPSG/uhfi/ip_models_sg10m_19.4/phy_xcvr_rst_ctrl_gen.ip --block-symbol-file --output-directory=/bata/ksallemi/WORK/intelPSG/uhfi/ip_models_sg10m_19.4/phy_xcvr_rst_ctrl_gen --family="Stratix 10" --part=1SG10MHN3F74C2LG_U1
Warning: xcvr_reset_control_s10_0: Used altera_xcvr_reset_control_s10 19.1.1 (instead of 19.1)
Info: qsys-generate succeeded.
Info: Finished: Create block symbol file (.bsf)
Info: 
Info: Starting: Create HDL design files for synthesis
Info: qsys-generate /bata/ksallemi/WORK/intelPSG/uhfi/ip_models_sg10m_19.4/phy_xcvr_rst_ctrl_gen.ip --synthesis=VERILOG --output-directory=/bata/ksallemi/WORK/intelPSG/uhfi/ip_models_sg10m_19.4/phy_xcvr_rst_ctrl_gen --family="Stratix 10" --part=1SG10MHN3F74C2LG_U1
Warning: xcvr_reset_control_s10_0: Used altera_xcvr_reset_control_s10 19.1.1 (instead of 19.1)
Info: phy_xcvr_rst_ctrl_gen: "Transforming system: phy_xcvr_rst_ctrl_gen"
Info: phy_xcvr_rst_ctrl_gen: "Naming system components in system: phy_xcvr_rst_ctrl_gen"
Info: phy_xcvr_rst_ctrl_gen: "Processing generation queue"
Info: phy_xcvr_rst_ctrl_gen: "Generating: phy_xcvr_rst_ctrl_gen"
Info: phy_xcvr_rst_ctrl_gen: "Generating: altera_xcvr_reset_control_s10"
Info: xcvr_reset_control_s10_0: add_fileset_file ./altera_std_synchronizer_nocut.v VERILOG PATH ../../../primitives/altera_std_synchronizer/altera_std_synchronizer_nocut.v
Info: xcvr_reset_control_s10_0: add_fileset_file ./alt_xcvr_resync_std.sv SYSTEM_VERILOG PATH ../../alt_xcvr_generic/alt_xcvr_resync_std.sv
Info: xcvr_reset_control_s10_0: add_fileset_file ./altera_xcvr_reset_control_s10.sv SYSTEM_VERILOG PATH ..//altera_xcvr_reset_control_s10.sv
Info: xcvr_reset_control_s10_0: add_fileset_file ./alt_xcvr_reset_counter_s10.sv SYSTEM_VERILOG PATH ..//alt_xcvr_reset_counter_s10.sv
Info: phy_xcvr_rst_ctrl_gen: Done "phy_xcvr_rst_ctrl_gen" with 2 modules, 7 files
Info: qsys-generate succeeded.
Info: Finished: Create HDL design files for synthesis
