Info: Generated by version: 19.4 build 64
Info: Starting: Create simulation model
Info: qsys-generate /bata/ksallemi/WORK/intelPSG/uhfi/ip_models_sg10m_19.4/uhfi_iopll_s10_gen.ip --simulation=VERILOG --allow-mixed-language-simulation --output-directory=/bata/ksallemi/WORK/intelPSG/uhfi/ip_models_sg10m_19.4/uhfi_iopll_s10_gen --family="Stratix 10" --part=1SG10MHN3F74C2LG_U1
Info: uhfi_iopll_s10_gen.iopll_0: Able to implement PLL with user settings
Info: uhfi_iopll_s10_gen: "Transforming system: uhfi_iopll_s10_gen"
Info: uhfi_iopll_s10_gen: "Naming system components in system: uhfi_iopll_s10_gen"
Info: uhfi_iopll_s10_gen: "Processing generation queue"
Info: uhfi_iopll_s10_gen: "Generating: uhfi_iopll_s10_gen"
Info: uhfi_iopll_s10_gen: "Generating: uhfi_iopll_s10_gen_altera_iopll_1930_y2izzey"
Info: uhfi_iopll_s10_gen: Done "uhfi_iopll_s10_gen" with 2 modules, 3 files
Info: Generating the following file(s) for MODELSIM simulator in /bata/ksallemi/WORK/intelPSG/uhfi/ip_models_sg10m_19.4/uhfi_iopll_s10_gen/sim/ directory:
Info: 	common/modelsim_files.tcl
Info: Generating the following file(s) for VCSMX simulator in /bata/ksallemi/WORK/intelPSG/uhfi/ip_models_sg10m_19.4/uhfi_iopll_s10_gen/sim/ directory:
Info: 	common/vcsmx_files.tcl
Info: Generating the following file(s) for VCS simulator in /bata/ksallemi/WORK/intelPSG/uhfi/ip_models_sg10m_19.4/uhfi_iopll_s10_gen/sim/ directory:
Info: 	common/vcs_files.tcl
Info: Generating the following file(s) for RIVIERA simulator in /bata/ksallemi/WORK/intelPSG/uhfi/ip_models_sg10m_19.4/uhfi_iopll_s10_gen/sim/ directory:
Info: 	common/riviera_files.tcl
Info: Generating the following file(s) for NCSIM simulator in /bata/ksallemi/WORK/intelPSG/uhfi/ip_models_sg10m_19.4/uhfi_iopll_s10_gen/sim/ directory:
Info: 	common/ncsim_files.tcl
Info: Generating the following file(s) for XCELIUM simulator in /bata/ksallemi/WORK/intelPSG/uhfi/ip_models_sg10m_19.4/uhfi_iopll_s10_gen/sim/ directory:
Info: 	common/xcelium_files.tcl
Info: For information on how to simulate your IP, see the explanatory comments in the simulator-specific subdirectories under /bata/ksallemi/WORK/intelPSG/uhfi/ip_models_sg10m_19.4/uhfi_iopll_s10_gen/sim/.
Info: Regenerate these scripts whenever you make any change to any Quartus-generated IP in your project.
Info: qsys-generate succeeded.
Info: Finished: Create simulation model
Info: Starting: Create Modelsim Project.
Info: sim-script-gen --system-file=/bata/ksallemi/WORK/intelPSG/uhfi/ip_models_sg10m_19.4/uhfi_iopll_s10_gen.ip --output-directory=/bata/ksallemi/WORK/intelPSG/uhfi/ip_models_sg10m_19.4/uhfi_iopll_s10_gen/sim/ --use-relative-paths=true
Info: Generating the following file(s) for MODELSIM simulator in /bata/ksallemi/WORK/intelPSG/uhfi/ip_models_sg10m_19.4/uhfi_iopll_s10_gen/sim/ directory:
Info: 	mentor/msim_setup.tcl
Info: Generating the following file(s) for VCSMX simulator in /bata/ksallemi/WORK/intelPSG/uhfi/ip_models_sg10m_19.4/uhfi_iopll_s10_gen/sim/ directory:
Info: 	synopsys/vcsmx/synopsys_sim.setup
Info: 	synopsys/vcsmx/vcsmx_setup.sh
Info: Generating the following file(s) for VCS simulator in /bata/ksallemi/WORK/intelPSG/uhfi/ip_models_sg10m_19.4/uhfi_iopll_s10_gen/sim/ directory:
Info: 	synopsys/vcs/vcs_setup.sh
Info: Generating the following file(s) for RIVIERA simulator in /bata/ksallemi/WORK/intelPSG/uhfi/ip_models_sg10m_19.4/uhfi_iopll_s10_gen/sim/ directory:
Info: 	aldec/rivierapro_setup.tcl
Info: Generating the following file(s) for NCSIM simulator in /bata/ksallemi/WORK/intelPSG/uhfi/ip_models_sg10m_19.4/uhfi_iopll_s10_gen/sim/ directory:
Info: 	cadence/cds.lib
Info: 	cadence/hdl.var
Info: 	cadence/ncsim_setup.sh
Info: 	2 .cds.lib files in cadence/cds_libs/ directory
Info: Generating the following file(s) for XCELIUM simulator in /bata/ksallemi/WORK/intelPSG/uhfi/ip_models_sg10m_19.4/uhfi_iopll_s10_gen/sim/ directory:
Info: 	xcelium/cds.lib
Info: 	xcelium/hdl.var
Info: 	xcelium/xcelium_setup.sh
Info: 	2 .cds.lib files in xcelium/cds_libs/ directory
Info: For information on how to simulate your IP, see the explanatory comments in the simulator-specific subdirectories under /bata/ksallemi/WORK/intelPSG/uhfi/ip_models_sg10m_19.4/uhfi_iopll_s10_gen/sim/.
Info: Regenerate these scripts whenever you make any change to any Quartus-generated IP in your project.
Info: Finished: Create Modelsim Project.
Info: Starting: Create block symbol file (.bsf)
Info: qsys-generate /bata/ksallemi/WORK/intelPSG/uhfi/ip_models_sg10m_19.4/uhfi_iopll_s10_gen.ip --block-symbol-file --output-directory=/bata/ksallemi/WORK/intelPSG/uhfi/ip_models_sg10m_19.4/uhfi_iopll_s10_gen --family="Stratix 10" --part=1SG10MHN3F74C2LG_U1
Info: uhfi_iopll_s10_gen.iopll_0: Able to implement PLL with user settings
Info: qsys-generate succeeded.
Info: Finished: Create block symbol file (.bsf)
Info: 
Info: Starting: Create HDL design files for synthesis
Info: qsys-generate /bata/ksallemi/WORK/intelPSG/uhfi/ip_models_sg10m_19.4/uhfi_iopll_s10_gen.ip --synthesis=VERILOG --output-directory=/bata/ksallemi/WORK/intelPSG/uhfi/ip_models_sg10m_19.4/uhfi_iopll_s10_gen --family="Stratix 10" --part=1SG10MHN3F74C2LG_U1
Info: uhfi_iopll_s10_gen.iopll_0: Able to implement PLL with user settings
Info: uhfi_iopll_s10_gen: "Transforming system: uhfi_iopll_s10_gen"
Info: uhfi_iopll_s10_gen: "Naming system components in system: uhfi_iopll_s10_gen"
Info: uhfi_iopll_s10_gen: "Processing generation queue"
Info: uhfi_iopll_s10_gen: "Generating: uhfi_iopll_s10_gen"
Info: uhfi_iopll_s10_gen: "Generating: uhfi_iopll_s10_gen_altera_iopll_1930_y2izzey"
Info: uhfi_iopll_s10_gen: Done "uhfi_iopll_s10_gen" with 2 modules, 6 files
Info: qsys-generate succeeded.
Info: Finished: Create HDL design files for synthesis
Info: Starting: Generate IP Core Documentation
Info: No documentation filesets were found for components in uhfi_iopll_s10_gen. No files generated.
Info: Finished: Generate IP Core Documentation
