-----------------------------------------------------------
-- General Information --
-- Veloce Prototyping System version: 2023.06
-- Veloce Prototyping System build: 5694875
-- Time: Thu Jun 13 01:31:52 2024
-----------------------------------------------------------

Hostname: sccc07173706
-- Memory info --
	MemTotal                                : 1056170132 kB       
	MemFree                                 : 37940436 kB         
-- Uptime info --
	The uptime                              : 1771029.22 (seconds)
	The time spent in the idle task         : 40717826.45 (seconds)
-- CPU info --
	Model	: Intel(R) Xeon(R) Gold 6336Y CPU @ 2.40GHz
		24 cores with bogomips 4800.00
	Total number of processor cores	: 24
-- Resource limits granted by the Operating System --
	Stack limit: soft limit: 8388608 bytes / hard limit: unlimited
	Maximum number of opened files: soft limit: 16384 files / hard limit: 32768 files
--------------------------------

Wall time  | User CPU time | System CPU time | Virtual memory + inc | Resident set + inc | load/5m | Cumulative Wall time | <Tool section>
     0.00s |         0.00s |           0.00s |      79 +      79 MB |     12 +     12 MB |    0.75 |                0.00s | <boardgen/begin>
    10.33s |         9.29s |           0.09s |      80 +       1 MB |     15 +      3 MB |    0.78 |               10.33s | <Processing inputs>
    10.33s |         9.29s |           0.09s |      80 +       1 MB |     14 +      2 MB |    0.78 |               10.33s | <boardgen/end>

