INFO    :   Reading '/nfs/site/disks/crt_tools_063/mentor/VPS/2023.06/profpga//boards/profpga_brdgen.conf'
INFO    :   Reading '/nfs/site/disks/crt_tools_063/mentor/VPS/2023.06/profpga//boards/connector_pins_V0.csv'
INFO    :   Reading '/nfs/site/disks/crt_tools_063/mentor/VPS/2023.06/profpga//boards/connector_pins_V1.csv'
INFO    :   Reading '/nfs/site/disks/crt_tools_063/mentor/VPS/2023.06/profpga//boards/connector_pins_V2.csv'

INFO    :   Reading '/nfs/site/disks/crt_tools_063/mentor/VPS/2023.06/profpga//boards/connector_pins_V3.csv'
INFO    :   Reading '/nfs/site/disks/crt_tools_063/mentor/VPS/2023.06/profpga//boards/connector_pins_MGT_RX.csv'
INFO    :   Reading '/nfs/site/disks/crt_tools_063/mentor/VPS/2023.06/profpga//boards/connector_pins_MGT_TX.csv'
INFO    :     Reading include file '/nfs/site/disks/crt_tools_063/mentor/VPS/2023.06/profpga//boards/vb.conf'
INFO    :     Reading include file '/nfs/site/disks/crt_tools_063/mentor/VPS/2023.06/profpga//boards/vhdl_verilog_xdc_fdc_ucf.conf'
INFO    :     Reading include file '/nfs/site/disks/crt_tools_063/mentor/VPS/2023.06/profpga//boards/pd_muxdemux_dbst.conf'
INFO    :     Reading include file '/nfs/site/disks/crt_tools_063/mentor/VPS/2023.06/profpga//boards/pd_muxdemux_tools.conf'
INFO    :     Reading include file '/nfs/site/disks/crt_tools_063/mentor/VPS/2023.06/profpga//boards/pd_muxdemux_tools.conf'
INFO    :     Reading include file '/nfs/site/disks/crt_tools_063/mentor/VPS/2023.06/profpga//boards/pd_muxdemux_tools.conf'
INFO    :     Reading include file '/nfs/site/disks/crt_tools_063/mentor/VPS/2023.06/profpga//boards/pd_muxdemux_tools.conf'
INFO    :     Reading include file '/nfs/site/disks/crt_tools_063/mentor/VPS/2023.06/profpga//boards/pd_muxdemux_tools.conf'
INFO    :     Reading include file '/nfs/site/disks/crt_tools_063/mentor/VPS/2023.06/profpga//boards/dbst_tools.conf'
INFO    :     Reading include file '/nfs/site/disks/crt_tools_063/mentor/VPS/2023.06/profpga//boards/dbst_vivado.conf'
INFO    :     Reading include file '/nfs/site/disks/crt_tools_063/mentor/VPS/2023.06/profpga//boards/pd_muxdemux_tools.conf'
INFO    :     Reading include file '/nfs/site/disks/crt_tools_063/mentor/VPS/2023.06/profpga//boards/pd_muxdemux_tools.conf'
INFO    :     Reading include file '/nfs/site/disks/crt_tools_063/mentor/VPS/2023.06/profpga//boards/csv.conf'
INFO    :     Reading include file '/nfs/site/disks/crt_tools_063/mentor/VPS/2023.06/profpga//boards/verilogtb.conf'
INFO    :     Reading include file '/nfs/site/disks/crt_tools_063/mentor/VPS/2023.06/profpga//boards/phd.conf'
INFO    :     Reading include file '/nfs/site/disks/crt_tools_063/mentor/VPS/2023.06/profpga//boards/phd_tools.conf'
INFO    :     Reading include file '/nfs/site/disks/crt_tools_063/mentor/VPS/2023.06/profpga//boards/phd_dib.conf'
INFO    :     Reading include file '/nfs/site/disks/crt_tools_063/mentor/VPS/2023.06/profpga//boards/cableModels.conf'
INFO    :     Reading include file '/nfs/site/disks/crt_tools_063/mentor/VPS/2023.06/profpga//boards/qtcl.conf'
INFO    :     Reading include file '/nfs/site/disks/crt_tools_063/mentor/VPS/2023.06/profpga//boards/profpga_ips.conf'
INFO    :     Reading include file '/nfs/site/disks/crt_tools_063/mentor/VPS/2023.06/profpga//boards/qtcl_cut.conf'
INFO    :     Reading include file '/nfs/site/disks/crt_tools_063/mentor/VPS/2023.06/profpga//boards/pd_muxdemux3.conf'
INFO    :     Reading include file '/nfs/site/disks/crt_tools_063/mentor/VPS/2023.06/profpga//boards/pd_muxdemux3_vh.conf'
INFO    :     Reading include file '/nfs/site/disks/crt_tools_063/mentor/VPS/2023.06/profpga//boards/pd_muxdemux3_common.conf'
INFO    :     Reading include file '/nfs/site/disks/crt_tools_063/mentor/VPS/2023.06/profpga//boards/vector.conf'
INFO    :     Reading include file '/nfs/site/disks/crt_tools_063/mentor/VPS/2023.06/profpga//boards/pd_muxdemux3_ios_vh.conf'
INFO    :     Reading include file '/nfs/site/disks/crt_tools_063/mentor/VPS/2023.06/profpga//boards/pd_muxdemux3_common.conf'
INFO    :     Reading include file '/nfs/site/disks/crt_tools_063/mentor/VPS/2023.06/profpga//boards/vector.conf'
INFO    :     Reading include file '/nfs/site/disks/crt_tools_063/mentor/VPS/2023.06/profpga//boards/pd_muxdemux3_ios_tcl.conf'
INFO    :     Reading include file '/nfs/site/disks/crt_tools_063/mentor/VPS/2023.06/profpga//boards/pd_muxdemux3_common.conf'
INFO    :     Reading include file '/nfs/site/disks/crt_tools_063/mentor/VPS/2023.06/profpga//boards/vector.conf'
INFO    :     Reading include file '/nfs/site/disks/crt_tools_063/mentor/VPS/2023.06/profpga//boards/pd_muxdemux3_sv.conf'
INFO    :     Reading include file '/nfs/site/disks/crt_tools_063/mentor/VPS/2023.06/profpga//boards/pd_muxdemux3_common.conf'
INFO    :     Reading include file '/nfs/site/disks/crt_tools_063/mentor/VPS/2023.06/profpga//boards/vector.conf'
INFO    :     Reading include file '/nfs/site/disks/crt_tools_063/mentor/VPS/2023.06/profpga//boards/mmi64.conf'
INFO    :     Reading include file '/nfs/site/disks/crt_tools_063/mentor/VPS/2023.06/profpga//boards/pd_muxdemux3_inst_vh.conf'
INFO    :     Reading include file '/nfs/site/disks/crt_tools_063/mentor/VPS/2023.06/profpga//boards/pd_muxdemux3_common.conf'
INFO    :     Reading include file '/nfs/site/disks/crt_tools_063/mentor/VPS/2023.06/profpga//boards/vector.conf'
INFO    :     Reading include file '/nfs/site/disks/crt_tools_063/mentor/VPS/2023.06/profpga//boards/pd_muxdemux3_ips.conf'
INFO    :     Reading include file '/nfs/site/disks/crt_tools_063/mentor/VPS/2023.06/profpga//boards/pd_muxdemux3_common.conf'
INFO    :     Reading include file '/nfs/site/disks/crt_tools_063/mentor/VPS/2023.06/profpga//boards/vector.conf'
INFO    :     Reading include file '/nfs/site/disks/crt_tools_063/mentor/VPS/2023.06/profpga//boards/pd_muxdemux3_sdc.conf'
INFO    :     Reading include file '/nfs/site/disks/crt_tools_063/mentor/VPS/2023.06/profpga//boards/pd_muxdemux3_common.conf'
INFO    :     Reading include file '/nfs/site/disks/crt_tools_063/mentor/VPS/2023.06/profpga//boards/vector.conf'
INFO    :     Reading include file '/nfs/site/disks/crt_tools_063/mentor/VPS/2023.06/profpga//boards/pd_muxdemux3_profpga_cfg.conf'
INFO    :     Reading include file '/nfs/site/disks/crt_tools_063/mentor/VPS/2023.06/profpga//boards/pd_muxdemux3_common.conf'
INFO    :     Reading include file '/nfs/site/disks/crt_tools_063/mentor/VPS/2023.06/profpga//boards/vector.conf'
INFO    :     Reading include file '/nfs/site/disks/crt_tools_063/mentor/VPS/2023.06/profpga//boards/pd_muxdemux3_cfg_pin_data.conf'
INFO    :     Reading include file '/nfs/site/disks/crt_tools_063/mentor/VPS/2023.06/profpga//boards/pd_muxdemux3_quartus_ini.conf'
INFO    :     Reading include file '/nfs/site/disks/crt_tools_063/mentor/VPS/2023.06/profpga//boards/pd_muxdemux3_common.conf'
INFO    :     Reading include file '/nfs/site/disks/crt_tools_063/mentor/VPS/2023.06/profpga//boards/vector.conf'
INFO    :     Reading include file '/nfs/site/disks/crt_tools_063/mentor/VPS/2023.06/profpga//boards/dbst3.conf'
INFO    :     Reading include file '/nfs/site/disks/crt_tools_063/mentor/VPS/2023.06/profpga//boards/dbst3_sv.conf'
INFO    :     Reading include file '/nfs/site/disks/crt_tools_063/mentor/VPS/2023.06/profpga//boards/pd_muxdemux3_common.conf'
INFO    :     Reading include file '/nfs/site/disks/crt_tools_063/mentor/VPS/2023.06/profpga//boards/vector.conf'
INFO    :     Reading include file '/nfs/site/disks/crt_tools_063/mentor/VPS/2023.06/profpga//boards/mmi64.conf'
INFO    :     Reading include file '/nfs/site/disks/crt_tools_063/mentor/VPS/2023.06/profpga//boards/dbst3_profpga_cfg.conf'
INFO    :     Reading include file '/nfs/site/disks/crt_tools_063/mentor/VPS/2023.06/profpga//boards/pd_muxdemux3_common.conf'
INFO    :     Reading include file '/nfs/site/disks/crt_tools_063/mentor/VPS/2023.06/profpga//boards/vector.conf'
INFO    :     Reading include file '/nfs/site/disks/crt_tools_063/mentor/VPS/2023.06/profpga//boards/pd_muxdemux3_cfg_pin_data.conf'
INFO    :     Reading include file '/nfs/site/disks/crt_tools_063/mentor/VPS/2023.06/profpga//boards/dbst3_quartus_tcl.conf'
INFO    :     Reading include file '/nfs/site/disks/crt_tools_063/mentor/VPS/2023.06/profpga//boards/dbst3_sdc.conf'
INFO    :     Reading include file '/nfs/site/disks/crt_tools_063/mentor/VPS/2023.06/profpga//boards/dbst3_synthesis.conf'
INFO    :     Reading include file '/nfs/site/disks/crt_tools_063/mentor/VPS/2023.06/profpga//boards/dbst3_ios_tcl.conf'

Release 14.0 - profpga_brdgen build Jan  5 2023 16:58:01
Copyright (c) 2022 Siemens. All rights reserved.

INFO    : Checking configuration file "7_QUAD.cfg"
WARNING :   Entry <system_configuration.motherboard_1.fpga_module_fa1.bitstream_f1> does not exists in the configuration file
WARNING :   Entry <system_configuration.motherboard_1.fpga_module_fa1.bitstream_f2> does not exists in the configuration file
INFO    :   No <acm> section for <system_configuration.motherboard_1> in the configuration file
WARNING :   Entry <system_configuration.motherboard_1.fpga_module_fb1.bitstream_f1> does not exists in the configuration file
WARNING :   Entry <system_configuration.motherboard_1.fpga_module_fb1.bitstream_f2> does not exists in the configuration file
INFO    :   No <acm> section for <system_configuration.motherboard_1> in the configuration file
WARNING :   Entry <system_configuration.motherboard_1.fpga_module_fa2.bitstream_f1> does not exists in the configuration file
WARNING :   Entry <system_configuration.motherboard_1.fpga_module_fa2.bitstream_f2> does not exists in the configuration file
INFO    :   No <acm> section for <system_configuration.motherboard_1> in the configuration file
WARNING :   Entry <system_configuration.motherboard_1.fpga_module_fb2.bitstream_f1> does not exists in the configuration file
WARNING :   Entry <system_configuration.motherboard_1.fpga_module_fb2.bitstream_f2> does not exists in the configuration file
INFO    :   No <acm> section for <system_configuration.motherboard_1> in the configuration file
WARNING :   No configuration section for clk_1 within <system_configuration.motherboard_1.clock_configuration> in the configuration file
WARNING :   No configuration section for clk_2 within <system_configuration.motherboard_1.clock_configuration> in the configuration file
WARNING :   No configuration section for clk_3 within <system_configuration.motherboard_1.clock_configuration> in the configuration file
WARNING :   No configuration section for clk_4 within <system_configuration.motherboard_1.clock_configuration> in the configuration file
WARNING :   No configuration section for clk_5 within <system_configuration.motherboard_1.clock_configuration> in the configuration file
WARNING :   No configuration section for clk_6 within <system_configuration.motherboard_1.clock_configuration> in the configuration file
WARNING :   No configuration section for clk_7 within <system_configuration.motherboard_1.clock_configuration> in the configuration file
WARNING :   No configuration section for ext_out_0 within <system_configuration.motherboard_1.clock_configuration> in the configuration file found - will be configured as input
WARNING :   No configuration section for ext_out_1 within <system_configuration.motherboard_1.clock_configuration> in the configuration file found - will be configured as input
WARNING :   No configuration section for ext_out_2 within <system_configuration.motherboard_1.clock_configuration> in the configuration file found - will be configured as input
WARNING :   No configuration section for ext_out_3 within <system_configuration.motherboard_1.clock_configuration> in the configuration file found - will be configured as input
WARNING :   No configuration section for sync_1 within <system_configuration.motherboard_1.sync_configuration> in the configuration file
WARNING :   No configuration section for sync_2 within <system_configuration.motherboard_1.sync_configuration> in the configuration file
WARNING :   No configuration section for sync_3 within <system_configuration.motherboard_1.sync_configuration> in the configuration file
WARNING :   No configuration section for sync_4 within <system_configuration.motherboard_1.sync_configuration> in the configuration file
WARNING :   No configuration section for sync_5 within <system_configuration.motherboard_1.sync_configuration> in the configuration file
WARNING :   No configuration section for sync_6 within <system_configuration.motherboard_1.sync_configuration> in the configuration file
WARNING :   No configuration section for sync_7 within <system_configuration.motherboard_1.sync_configuration> in the configuration file
WARNING :   Entry <system_configuration.motherboard_2.fpga_module_fa1.bitstream_f1> does not exists in the configuration file
WARNING :   Entry <system_configuration.motherboard_2.fpga_module_fa1.bitstream_f2> does not exists in the configuration file
INFO    :   No <acm> section for <system_configuration.motherboard_2> in the configuration file
WARNING :   Entry <system_configuration.motherboard_2.fpga_module_fb1.bitstream_f1> does not exists in the configuration file
WARNING :   Entry <system_configuration.motherboard_2.fpga_module_fb1.bitstream_f2> does not exists in the configuration file
INFO    :   No <acm> section for <system_configuration.motherboard_2> in the configuration file
WARNING :   Entry <system_configuration.motherboard_2.fpga_module_fa2.bitstream_f1> does not exists in the configuration file
WARNING :   Entry <system_configuration.motherboard_2.fpga_module_fa2.bitstream_f2> does not exists in the configuration file
INFO    :   No <acm> section for <system_configuration.motherboard_2> in the configuration file
WARNING :   Entry <system_configuration.motherboard_2.fpga_module_fb2.bitstream_f1> does not exists in the configuration file
WARNING :   Entry <system_configuration.motherboard_2.fpga_module_fb2.bitstream_f2> does not exists in the configuration file
INFO    :   No <acm> section for <system_configuration.motherboard_2> in the configuration file
WARNING :   No configuration section for clk_1 within <system_configuration.motherboard_2.clock_configuration> in the configuration file
WARNING :   No configuration section for clk_2 within <system_configuration.motherboard_2.clock_configuration> in the configuration file
WARNING :   No configuration section for clk_3 within <system_configuration.motherboard_2.clock_configuration> in the configuration file
WARNING :   No configuration section for clk_4 within <system_configuration.motherboard_2.clock_configuration> in the configuration file
WARNING :   No configuration section for clk_5 within <system_configuration.motherboard_2.clock_configuration> in the configuration file
WARNING :   No configuration section for clk_6 within <system_configuration.motherboard_2.clock_configuration> in the configuration file
WARNING :   No configuration section for clk_7 within <system_configuration.motherboard_2.clock_configuration> in the configuration file
WARNING :   No configuration section for ext_out_0 within <system_configuration.motherboard_2.clock_configuration> in the configuration file found - will be configured as input
WARNING :   No configuration section for ext_out_1 within <system_configuration.motherboard_2.clock_configuration> in the configuration file found - will be configured as input
WARNING :   No configuration section for ext_out_2 within <system_configuration.motherboard_2.clock_configuration> in the configuration file found - will be configured as input
WARNING :   No configuration section for ext_out_3 within <system_configuration.motherboard_2.clock_configuration> in the configuration file found - will be configured as input
WARNING :   No configuration section for sync_1 within <system_configuration.motherboard_2.sync_configuration> in the configuration file
WARNING :   No configuration section for sync_2 within <system_configuration.motherboard_2.sync_configuration> in the configuration file
WARNING :   No configuration section for sync_3 within <system_configuration.motherboard_2.sync_configuration> in the configuration file
WARNING :   No configuration section for sync_4 within <system_configuration.motherboard_2.sync_configuration> in the configuration file
WARNING :   No configuration section for sync_5 within <system_configuration.motherboard_2.sync_configuration> in the configuration file
WARNING :   No configuration section for sync_6 within <system_configuration.motherboard_2.sync_configuration> in the configuration file
WARNING :   No configuration section for sync_7 within <system_configuration.motherboard_2.sync_configuration> in the configuration file
WARNING :   Entry <system_configuration.motherboard_3.fpga_module_fa1.bitstream_f1> does not exists in the configuration file
WARNING :   Entry <system_configuration.motherboard_3.fpga_module_fa1.bitstream_f2> does not exists in the configuration file
INFO    :   No <acm> section for <system_configuration.motherboard_3> in the configuration file
WARNING :   Entry <system_configuration.motherboard_3.fpga_module_fb1.bitstream_f1> does not exists in the configuration file
WARNING :   Entry <system_configuration.motherboard_3.fpga_module_fb1.bitstream_f2> does not exists in the configuration file
INFO    :   No <acm> section for <system_configuration.motherboard_3> in the configuration file
WARNING :   Entry <system_configuration.motherboard_3.fpga_module_fa2.bitstream_f1> does not exists in the configuration file
WARNING :   Entry <system_configuration.motherboard_3.fpga_module_fa2.bitstream_f2> does not exists in the configuration file
INFO    :   No <acm> section for <system_configuration.motherboard_3> in the configuration file
WARNING :   Entry <system_configuration.motherboard_3.fpga_module_fb2.bitstream_f1> does not exists in the configuration file
WARNING :   Entry <system_configuration.motherboard_3.fpga_module_fb2.bitstream_f2> does not exists in the configuration file
INFO    :   No <acm> section for <system_configuration.motherboard_3> in the configuration file
WARNING :   No configuration section for clk_1 within <system_configuration.motherboard_3.clock_configuration> in the configuration file
WARNING :   No configuration section for clk_2 within <system_configuration.motherboard_3.clock_configuration> in the configuration file
WARNING :   No configuration section for clk_3 within <system_configuration.motherboard_3.clock_configuration> in the configuration file
WARNING :   No configuration section for clk_4 within <system_configuration.motherboard_3.clock_configuration> in the configuration file
WARNING :   No configuration section for clk_5 within <system_configuration.motherboard_3.clock_configuration> in the configuration file
WARNING :   No configuration section for clk_6 within <system_configuration.motherboard_3.clock_configuration> in the configuration file
WARNING :   No configuration section for clk_7 within <system_configuration.motherboard_3.clock_configuration> in the configuration file
WARNING :   No configuration section for ext_out_0 within <system_configuration.motherboard_3.clock_configuration> in the configuration file found - will be configured as input
WARNING :   No configuration section for ext_out_1 within <system_configuration.motherboard_3.clock_configuration> in the configuration file found - will be configured as input
WARNING :   No configuration section for ext_out_2 within <system_configuration.motherboard_3.clock_configuration> in the configuration file found - will be configured as input
WARNING :   No configuration section for ext_out_3 within <system_configuration.motherboard_3.clock_configuration> in the configuration file found - will be configured as input
WARNING :   No configuration section for sync_1 within <system_configuration.motherboard_3.sync_configuration> in the configuration file
WARNING :   No configuration section for sync_2 within <system_configuration.motherboard_3.sync_configuration> in the configuration file
WARNING :   No configuration section for sync_3 within <system_configuration.motherboard_3.sync_configuration> in the configuration file
WARNING :   No configuration section for sync_4 within <system_configuration.motherboard_3.sync_configuration> in the configuration file
WARNING :   No configuration section for sync_5 within <system_configuration.motherboard_3.sync_configuration> in the configuration file
WARNING :   No configuration section for sync_6 within <system_configuration.motherboard_3.sync_configuration> in the configuration file
WARNING :   No configuration section for sync_7 within <system_configuration.motherboard_3.sync_configuration> in the configuration file
WARNING :   Entry <system_configuration.motherboard_4.fpga_module_fa1.bitstream_f1> does not exists in the configuration file
WARNING :   Entry <system_configuration.motherboard_4.fpga_module_fa1.bitstream_f2> does not exists in the configuration file
INFO    :   No <acm> section for <system_configuration.motherboard_4> in the configuration file
WARNING :   Entry <system_configuration.motherboard_4.fpga_module_fb1.bitstream_f1> does not exists in the configuration file
WARNING :   Entry <system_configuration.motherboard_4.fpga_module_fb1.bitstream_f2> does not exists in the configuration file
INFO    :   No <acm> section for <system_configuration.motherboard_4> in the configuration file
WARNING :   Entry <system_configuration.motherboard_4.fpga_module_fa2.bitstream_f1> does not exists in the configuration file
WARNING :   Entry <system_configuration.motherboard_4.fpga_module_fa2.bitstream_f2> does not exists in the configuration file
INFO    :   No <acm> section for <system_configuration.motherboard_4> in the configuration file
WARNING :   Entry <system_configuration.motherboard_4.fpga_module_fb2.bitstream_f1> does not exists in the configuration file
WARNING :   Entry <system_configuration.motherboard_4.fpga_module_fb2.bitstream_f2> does not exists in the configuration file
INFO    :   No <acm> section for <system_configuration.motherboard_4> in the configuration file
WARNING :   No configuration section for clk_1 within <system_configuration.motherboard_4.clock_configuration> in the configuration file
WARNING :   No configuration section for clk_2 within <system_configuration.motherboard_4.clock_configuration> in the configuration file
WARNING :   No configuration section for clk_3 within <system_configuration.motherboard_4.clock_configuration> in the configuration file
WARNING :   No configuration section for clk_4 within <system_configuration.motherboard_4.clock_configuration> in the configuration file
WARNING :   No configuration section for clk_5 within <system_configuration.motherboard_4.clock_configuration> in the configuration file
WARNING :   No configuration section for clk_6 within <system_configuration.motherboard_4.clock_configuration> in the configuration file
WARNING :   No configuration section for clk_7 within <system_configuration.motherboard_4.clock_configuration> in the configuration file
WARNING :   No configuration section for ext_out_0 within <system_configuration.motherboard_4.clock_configuration> in the configuration file found - will be configured as input
WARNING :   No configuration section for ext_out_1 within <system_configuration.motherboard_4.clock_configuration> in the configuration file found - will be configured as input
WARNING :   No configuration section for ext_out_2 within <system_configuration.motherboard_4.clock_configuration> in the configuration file found - will be configured as input
WARNING :   No configuration section for ext_out_3 within <system_configuration.motherboard_4.clock_configuration> in the configuration file found - will be configured as input
WARNING :   No configuration section for sync_1 within <system_configuration.motherboard_4.sync_configuration> in the configuration file
WARNING :   No configuration section for sync_2 within <system_configuration.motherboard_4.sync_configuration> in the configuration file
WARNING :   No configuration section for sync_3 within <system_configuration.motherboard_4.sync_configuration> in the configuration file
WARNING :   No configuration section for sync_4 within <system_configuration.motherboard_4.sync_configuration> in the configuration file
WARNING :   No configuration section for sync_5 within <system_configuration.motherboard_4.sync_configuration> in the configuration file
WARNING :   No configuration section for sync_6 within <system_configuration.motherboard_4.sync_configuration> in the configuration file
WARNING :   No configuration section for sync_7 within <system_configuration.motherboard_4.sync_configuration> in the configuration file
WARNING :   Entry <system_configuration.motherboard_5.fpga_module_fa1.bitstream_f1> does not exists in the configuration file
WARNING :   Entry <system_configuration.motherboard_5.fpga_module_fa1.bitstream_f2> does not exists in the configuration file
INFO    :   No <acm> section for <system_configuration.motherboard_5> in the configuration file
WARNING :   Entry <system_configuration.motherboard_5.fpga_module_fb1.bitstream_f1> does not exists in the configuration file
WARNING :   Entry <system_configuration.motherboard_5.fpga_module_fb1.bitstream_f2> does not exists in the configuration file
INFO    :   No <acm> section for <system_configuration.motherboard_5> in the configuration file
WARNING :   Entry <system_configuration.motherboard_5.fpga_module_fa2.bitstream_f1> does not exists in the configuration file
WARNING :   Entry <system_configuration.motherboard_5.fpga_module_fa2.bitstream_f2> does not exists in the configuration file
INFO    :   No <acm> section for <system_configuration.motherboard_5> in the configuration file
WARNING :   Entry <system_configuration.motherboard_5.fpga_module_fb2.bitstream_f1> does not exists in the configuration file
WARNING :   Entry <system_configuration.motherboard_5.fpga_module_fb2.bitstream_f2> does not exists in the configuration file
INFO    :   No <acm> section for <system_configuration.motherboard_5> in the configuration file
WARNING :   No configuration section for clk_1 within <system_configuration.motherboard_5.clock_configuration> in the configuration file
WARNING :   No configuration section for clk_2 within <system_configuration.motherboard_5.clock_configuration> in the configuration file
WARNING :   No configuration section for clk_3 within <system_configuration.motherboard_5.clock_configuration> in the configuration file
WARNING :   No configuration section for clk_4 within <system_configuration.motherboard_5.clock_configuration> in the configuration file
WARNING :   No configuration section for clk_5 within <system_configuration.motherboard_5.clock_configuration> in the configuration file
WARNING :   No configuration section for clk_6 within <system_configuration.motherboard_5.clock_configuration> in the configuration file
WARNING :   No configuration section for clk_7 within <system_configuration.motherboard_5.clock_configuration> in the configuration file
WARNING :   No configuration section for ext_out_0 within <system_configuration.motherboard_5.clock_configuration> in the configuration file found - will be configured as input
WARNING :   No configuration section for ext_out_1 within <system_configuration.motherboard_5.clock_configuration> in the configuration file found - will be configured as input
WARNING :   No configuration section for ext_out_2 within <system_configuration.motherboard_5.clock_configuration> in the configuration file found - will be configured as input
WARNING :   No configuration section for ext_out_3 within <system_configuration.motherboard_5.clock_configuration> in the configuration file found - will be configured as input
WARNING :   No configuration section for sync_1 within <system_configuration.motherboard_5.sync_configuration> in the configuration file
WARNING :   No configuration section for sync_2 within <system_configuration.motherboard_5.sync_configuration> in the configuration file
WARNING :   No configuration section for sync_3 within <system_configuration.motherboard_5.sync_configuration> in the configuration file
WARNING :   No configuration section for sync_4 within <system_configuration.motherboard_5.sync_configuration> in the configuration file
WARNING :   No configuration section for sync_5 within <system_configuration.motherboard_5.sync_configuration> in the configuration file
WARNING :   No configuration section for sync_6 within <system_configuration.motherboard_5.sync_configuration> in the configuration file
WARNING :   No configuration section for sync_7 within <system_configuration.motherboard_5.sync_configuration> in the configuration file
WARNING :   Entry <system_configuration.motherboard_6.fpga_module_fa1.bitstream_f1> does not exists in the configuration file
WARNING :   Entry <system_configuration.motherboard_6.fpga_module_fa1.bitstream_f2> does not exists in the configuration file
INFO    :   No <acm> section for <system_configuration.motherboard_6> in the configuration file
WARNING :   Entry <system_configuration.motherboard_6.fpga_module_fb1.bitstream_f1> does not exists in the configuration file
WARNING :   Entry <system_configuration.motherboard_6.fpga_module_fb1.bitstream_f2> does not exists in the configuration file
INFO    :   No <acm> section for <system_configuration.motherboard_6> in the configuration file
WARNING :   Entry <system_configuration.motherboard_6.fpga_module_fa2.bitstream_f1> does not exists in the configuration file
WARNING :   Entry <system_configuration.motherboard_6.fpga_module_fa2.bitstream_f2> does not exists in the configuration file
INFO    :   No <acm> section for <system_configuration.motherboard_6> in the configuration file
WARNING :   Entry <system_configuration.motherboard_6.fpga_module_fb2.bitstream_f1> does not exists in the configuration file
WARNING :   Entry <system_configuration.motherboard_6.fpga_module_fb2.bitstream_f2> does not exists in the configuration file
INFO    :   No <acm> section for <system_configuration.motherboard_6> in the configuration file
WARNING :   No configuration section for clk_1 within <system_configuration.motherboard_6.clock_configuration> in the configuration file
WARNING :   No configuration section for clk_2 within <system_configuration.motherboard_6.clock_configuration> in the configuration file
WARNING :   No configuration section for clk_3 within <system_configuration.motherboard_6.clock_configuration> in the configuration file
WARNING :   No configuration section for clk_4 within <system_configuration.motherboard_6.clock_configuration> in the configuration file
WARNING :   No configuration section for clk_5 within <system_configuration.motherboard_6.clock_configuration> in the configuration file
WARNING :   No configuration section for clk_6 within <system_configuration.motherboard_6.clock_configuration> in the configuration file
WARNING :   No configuration section for clk_7 within <system_configuration.motherboard_6.clock_configuration> in the configuration file
WARNING :   No configuration section for ext_out_0 within <system_configuration.motherboard_6.clock_configuration> in the configuration file found - will be configured as input
WARNING :   No configuration section for ext_out_1 within <system_configuration.motherboard_6.clock_configuration> in the configuration file found - will be configured as input
WARNING :   No configuration section for ext_out_2 within <system_configuration.motherboard_6.clock_configuration> in the configuration file found - will be configured as input
WARNING :   No configuration section for ext_out_3 within <system_configuration.motherboard_6.clock_configuration> in the configuration file found - will be configured as input
WARNING :   No configuration section for sync_1 within <system_configuration.motherboard_6.sync_configuration> in the configuration file
WARNING :   No configuration section for sync_2 within <system_configuration.motherboard_6.sync_configuration> in the configuration file
WARNING :   No configuration section for sync_3 within <system_configuration.motherboard_6.sync_configuration> in the configuration file
WARNING :   No configuration section for sync_4 within <system_configuration.motherboard_6.sync_configuration> in the configuration file
WARNING :   No configuration section for sync_5 within <system_configuration.motherboard_6.sync_configuration> in the configuration file
WARNING :   No configuration section for sync_6 within <system_configuration.motherboard_6.sync_configuration> in the configuration file
WARNING :   No configuration section for sync_7 within <system_configuration.motherboard_6.sync_configuration> in the configuration file
WARNING :   Entry <system_configuration.motherboard_7.fpga_module_fa1.bitstream_f1> does not exists in the configuration file
WARNING :   Entry <system_configuration.motherboard_7.fpga_module_fa1.bitstream_f2> does not exists in the configuration file
INFO    :   No <acm> section for <system_configuration.motherboard_7> in the configuration file
WARNING :   Entry <system_configuration.motherboard_7.fpga_module_fb1.bitstream_f1> does not exists in the configuration file
WARNING :   Entry <system_configuration.motherboard_7.fpga_module_fb1.bitstream_f2> does not exists in the configuration file
INFO    :   No <acm> section for <system_configuration.motherboard_7> in the configuration file
WARNING :   Entry <system_configuration.motherboard_7.fpga_module_fa2.bitstream_f1> does not exists in the configuration file
WARNING :   Entry <system_configuration.motherboard_7.fpga_module_fa2.bitstream_f2> does not exists in the configuration file
INFO    :   No <acm> section for <system_configuration.motherboard_7> in the configuration file
WARNING :   Entry <system_configuration.motherboard_7.fpga_module_fb2.bitstream_f1> does not exists in the configuration file
WARNING :   Entry <system_configuration.motherboard_7.fpga_module_fb2.bitstream_f2> does not exists in the configuration file
INFO    :   No <acm> section for <system_configuration.motherboard_7> in the configuration file
WARNING :   No configuration section for clk_1 within <system_configuration.motherboard_7.clock_configuration> in the configuration file
WARNING :   No configuration section for clk_2 within <system_configuration.motherboard_7.clock_configuration> in the configuration file
WARNING :   No configuration section for clk_3 within <system_configuration.motherboard_7.clock_configuration> in the configuration file
WARNING :   No configuration section for clk_4 within <system_configuration.motherboard_7.clock_configuration> in the configuration file
WARNING :   No configuration section for clk_5 within <system_configuration.motherboard_7.clock_configuration> in the configuration file
WARNING :   No configuration section for clk_6 within <system_configuration.motherboard_7.clock_configuration> in the configuration file
WARNING :   No configuration section for clk_7 within <system_configuration.motherboard_7.clock_configuration> in the configuration file
WARNING :   No configuration section for ext_out_0 within <system_configuration.motherboard_7.clock_configuration> in the configuration file found - will be configured as input
WARNING :   No configuration section for ext_out_1 within <system_configuration.motherboard_7.clock_configuration> in the configuration file found - will be configured as input
WARNING :   No configuration section for ext_out_2 within <system_configuration.motherboard_7.clock_configuration> in the configuration file found - will be configured as input
WARNING :   No configuration section for ext_out_3 within <system_configuration.motherboard_7.clock_configuration> in the configuration file found - will be configured as input
WARNING :   No configuration section for sync_1 within <system_configuration.motherboard_7.sync_configuration> in the configuration file
WARNING :   No configuration section for sync_2 within <system_configuration.motherboard_7.sync_configuration> in the configuration file
WARNING :   No configuration section for sync_3 within <system_configuration.motherboard_7.sync_configuration> in the configuration file
WARNING :   No configuration section for sync_4 within <system_configuration.motherboard_7.sync_configuration> in the configuration file
WARNING :   No configuration section for sync_5 within <system_configuration.motherboard_7.sync_configuration> in the configuration file
WARNING :   No configuration section for sync_6 within <system_configuration.motherboard_7.sync_configuration> in the configuration file
WARNING :   No configuration section for sync_7 within <system_configuration.motherboard_7.sync_configuration> in the configuration file
WARNING :   The configuration file does not contain an <system_configuration.sync_events> entry.
WARNING :     No sync events are defined
INFO    : Processing configuration file
INFO    :   Reading '/nfs/site/disks/crt_tools_063/mentor/VPS/2023.06/profpga//boards/FM-1SG10M-R1.conf'
INFO    :   Reading '/nfs/site/disks/crt_tools_063/mentor/VPS/2023.06/profpga//boards/1sg10m_nf74.txt'
INFO    :   Reading '/nfs/site/disks/crt_tools_063/mentor/VPS/2023.06/profpga//boards/FM-1SG10M-R1_1.03.ucf'
INFO    :     Reading include file '/nfs/site/disks/crt_tools_063/mentor/VPS/2023.06/profpga//boards/stratix10_profpga_ctrl_timing_dmbi_500.conf'
INFO    :     Reading include file '/nfs/site/disks/crt_tools_063/mentor/VPS/2023.06/profpga//boards/stratix10_profpga_ctrl_timing.conf'
INFO    :     Reading include file '/nfs/site/disks/crt_tools_063/mentor/VPS/2023.06/profpga//boards/intel_ip_sim_files_extract.conf'
INFO    :   Reading '/nfs/site/disks/crt_tools_063/mentor/VPS/2023.06/profpga//boards/FM-1SG10M-R1.conf'
INFO    :   Reading '/nfs/site/disks/crt_tools_063/mentor/VPS/2023.06/profpga//boards/1sg10m_nf74.txt'
INFO    :   Reading '/nfs/site/disks/crt_tools_063/mentor/VPS/2023.06/profpga//boards/FM-1SG10M-R1_1.03.ucf'
INFO    :     Reading include file '/nfs/site/disks/crt_tools_063/mentor/VPS/2023.06/profpga//boards/stratix10_profpga_ctrl_timing_dmbi_500.conf'
INFO    :     Reading include file '/nfs/site/disks/crt_tools_063/mentor/VPS/2023.06/profpga//boards/stratix10_profpga_ctrl_timing.conf'
INFO    :     Reading include file '/nfs/site/disks/crt_tools_063/mentor/VPS/2023.06/profpga//boards/intel_ip_sim_files_extract.conf'
INFO    :   Reading '/nfs/site/disks/crt_tools_063/mentor/VPS/2023.06/profpga//boards/FM-1SG10M-R1.conf'
INFO    :   Reading '/nfs/site/disks/crt_tools_063/mentor/VPS/2023.06/profpga//boards/1sg10m_nf74.txt'
INFO    :   Reading '/nfs/site/disks/crt_tools_063/mentor/VPS/2023.06/profpga//boards/FM-1SG10M-R1_1.03.ucf'
INFO    :     Reading include file '/nfs/site/disks/crt_tools_063/mentor/VPS/2023.06/profpga//boards/stratix10_profpga_ctrl_timing_dmbi_500.conf'
INFO    :     Reading include file '/nfs/site/disks/crt_tools_063/mentor/VPS/2023.06/profpga//boards/stratix10_profpga_ctrl_timing.conf'
INFO    :     Reading include file '/nfs/site/disks/crt_tools_063/mentor/VPS/2023.06/profpga//boards/intel_ip_sim_files_extract.conf'
INFO    :   Reading '/nfs/site/disks/crt_tools_063/mentor/VPS/2023.06/profpga//boards/FM-1SG10M-R1.conf'
INFO    :   Reading '/nfs/site/disks/crt_tools_063/mentor/VPS/2023.06/profpga//boards/1sg10m_nf74.txt'
INFO    :   Reading '/nfs/site/disks/crt_tools_063/mentor/VPS/2023.06/profpga//boards/FM-1SG10M-R1_1.03.ucf'
INFO    :     Reading include file '/nfs/site/disks/crt_tools_063/mentor/VPS/2023.06/profpga//boards/stratix10_profpga_ctrl_timing_dmbi_500.conf'
INFO    :     Reading include file '/nfs/site/disks/crt_tools_063/mentor/VPS/2023.06/profpga//boards/stratix10_profpga_ctrl_timing.conf'
INFO    :     Reading include file '/nfs/site/disks/crt_tools_063/mentor/VPS/2023.06/profpga//boards/intel_ip_sim_files_extract.conf'
INFO    :   Reading '/nfs/site/disks/crt_tools_063/mentor/VPS/2023.06/profpga//boards/FM-1SG10M-R1.conf'
INFO    :   Reading '/nfs/site/disks/crt_tools_063/mentor/VPS/2023.06/profpga//boards/1sg10m_nf74.txt'
INFO    :   Reading '/nfs/site/disks/crt_tools_063/mentor/VPS/2023.06/profpga//boards/FM-1SG10M-R1_1.03.ucf'
INFO    :     Reading include file '/nfs/site/disks/crt_tools_063/mentor/VPS/2023.06/profpga//boards/stratix10_profpga_ctrl_timing_dmbi_500.conf'
INFO    :     Reading include file '/nfs/site/disks/crt_tools_063/mentor/VPS/2023.06/profpga//boards/stratix10_profpga_ctrl_timing.conf'
INFO    :     Reading include file '/nfs/site/disks/crt_tools_063/mentor/VPS/2023.06/profpga//boards/intel_ip_sim_files_extract.conf'
INFO    :   Reading '/nfs/site/disks/crt_tools_063/mentor/VPS/2023.06/profpga//boards/FM-1SG10M-R1.conf'
INFO    :   Reading '/nfs/site/disks/crt_tools_063/mentor/VPS/2023.06/profpga//boards/1sg10m_nf74.txt'
INFO    :   Reading '/nfs/site/disks/crt_tools_063/mentor/VPS/2023.06/profpga//boards/FM-1SG10M-R1_1.03.ucf'
INFO    :     Reading include file '/nfs/site/disks/crt_tools_063/mentor/VPS/2023.06/profpga//boards/stratix10_profpga_ctrl_timing_dmbi_500.conf'
INFO    :     Reading include file '/nfs/site/disks/crt_tools_063/mentor/VPS/2023.06/profpga//boards/stratix10_profpga_ctrl_timing.conf'
INFO    :     Reading include file '/nfs/site/disks/crt_tools_063/mentor/VPS/2023.06/profpga//boards/intel_ip_sim_files_extract.conf'
INFO    :   Reading '/nfs/site/disks/crt_tools_063/mentor/VPS/2023.06/profpga//boards/FM-1SG10M-R1.conf'
INFO    :   Reading '/nfs/site/disks/crt_tools_063/mentor/VPS/2023.06/profpga//boards/1sg10m_nf74.txt'
INFO    :   Reading '/nfs/site/disks/crt_tools_063/mentor/VPS/2023.06/profpga//boards/FM-1SG10M-R1_1.03.ucf'
INFO    :     Reading include file '/nfs/site/disks/crt_tools_063/mentor/VPS/2023.06/profpga//boards/stratix10_profpga_ctrl_timing_dmbi_500.conf'
INFO    :     Reading include file '/nfs/site/disks/crt_tools_063/mentor/VPS/2023.06/profpga//boards/stratix10_profpga_ctrl_timing.conf'
INFO    :     Reading include file '/nfs/site/disks/crt_tools_063/mentor/VPS/2023.06/profpga//boards/intel_ip_sim_files_extract.conf'
INFO    :   Reading '/nfs/site/disks/crt_tools_063/mentor/VPS/2023.06/profpga//boards/FM-1SG10M-R1.conf'
INFO    :   Reading '/nfs/site/disks/crt_tools_063/mentor/VPS/2023.06/profpga//boards/1sg10m_nf74.txt'
INFO    :   Reading '/nfs/site/disks/crt_tools_063/mentor/VPS/2023.06/profpga//boards/FM-1SG10M-R1_1.03.ucf'
INFO    :     Reading include file '/nfs/site/disks/crt_tools_063/mentor/VPS/2023.06/profpga//boards/stratix10_profpga_ctrl_timing_dmbi_500.conf'
INFO    :     Reading include file '/nfs/site/disks/crt_tools_063/mentor/VPS/2023.06/profpga//boards/stratix10_profpga_ctrl_timing.conf'
INFO    :     Reading include file '/nfs/site/disks/crt_tools_063/mentor/VPS/2023.06/profpga//boards/intel_ip_sim_files_extract.conf'
INFO    :   Reading '/nfs/site/disks/crt_tools_063/mentor/VPS/2023.06/profpga//boards/FM-1SG10M-R1.conf'
INFO    :   Reading '/nfs/site/disks/crt_tools_063/mentor/VPS/2023.06/profpga//boards/1sg10m_nf74.txt'
INFO    :   Reading '/nfs/site/disks/crt_tools_063/mentor/VPS/2023.06/profpga//boards/FM-1SG10M-R1_1.03.ucf'
INFO    :     Reading include file '/nfs/site/disks/crt_tools_063/mentor/VPS/2023.06/profpga//boards/stratix10_profpga_ctrl_timing_dmbi_500.conf'
INFO    :     Reading include file '/nfs/site/disks/crt_tools_063/mentor/VPS/2023.06/profpga//boards/stratix10_profpga_ctrl_timing.conf'
INFO    :     Reading include file '/nfs/site/disks/crt_tools_063/mentor/VPS/2023.06/profpga//boards/intel_ip_sim_files_extract.conf'
INFO    :   Reading '/nfs/site/disks/crt_tools_063/mentor/VPS/2023.06/profpga//boards/FM-1SG10M-R1.conf'
INFO    :   Reading '/nfs/site/disks/crt_tools_063/mentor/VPS/2023.06/profpga//boards/1sg10m_nf74.txt'
INFO    :   Reading '/nfs/site/disks/crt_tools_063/mentor/VPS/2023.06/profpga//boards/FM-1SG10M-R1_1.03.ucf'
INFO    :     Reading include file '/nfs/site/disks/crt_tools_063/mentor/VPS/2023.06/profpga//boards/stratix10_profpga_ctrl_timing_dmbi_500.conf'
INFO    :     Reading include file '/nfs/site/disks/crt_tools_063/mentor/VPS/2023.06/profpga//boards/stratix10_profpga_ctrl_timing.conf'
INFO    :     Reading include file '/nfs/site/disks/crt_tools_063/mentor/VPS/2023.06/profpga//boards/intel_ip_sim_files_extract.conf'
INFO    :   Reading '/nfs/site/disks/crt_tools_063/mentor/VPS/2023.06/profpga//boards/FM-1SG10M-R1.conf'
INFO    :   Reading '/nfs/site/disks/crt_tools_063/mentor/VPS/2023.06/profpga//boards/1sg10m_nf74.txt'
INFO    :   Reading '/nfs/site/disks/crt_tools_063/mentor/VPS/2023.06/profpga//boards/FM-1SG10M-R1_1.03.ucf'
INFO    :     Reading include file '/nfs/site/disks/crt_tools_063/mentor/VPS/2023.06/profpga//boards/stratix10_profpga_ctrl_timing_dmbi_500.conf'
INFO    :     Reading include file '/nfs/site/disks/crt_tools_063/mentor/VPS/2023.06/profpga//boards/stratix10_profpga_ctrl_timing.conf'
INFO    :     Reading include file '/nfs/site/disks/crt_tools_063/mentor/VPS/2023.06/profpga//boards/intel_ip_sim_files_extract.conf'
INFO    :   Reading '/nfs/site/disks/crt_tools_063/mentor/VPS/2023.06/profpga//boards/FM-1SG10M-R1.conf'
INFO    :   Reading '/nfs/site/disks/crt_tools_063/mentor/VPS/2023.06/profpga//boards/1sg10m_nf74.txt'
INFO    :   Reading '/nfs/site/disks/crt_tools_063/mentor/VPS/2023.06/profpga//boards/FM-1SG10M-R1_1.03.ucf'
INFO    :     Reading include file '/nfs/site/disks/crt_tools_063/mentor/VPS/2023.06/profpga//boards/stratix10_profpga_ctrl_timing_dmbi_500.conf'
INFO    :     Reading include file '/nfs/site/disks/crt_tools_063/mentor/VPS/2023.06/profpga//boards/stratix10_profpga_ctrl_timing.conf'
INFO    :     Reading include file '/nfs/site/disks/crt_tools_063/mentor/VPS/2023.06/profpga//boards/intel_ip_sim_files_extract.conf'
INFO    :   Reading '/nfs/site/disks/crt_tools_063/mentor/VPS/2023.06/profpga//boards/FM-1SG10M-R1.conf'
INFO    :   Reading '/nfs/site/disks/crt_tools_063/mentor/VPS/2023.06/profpga//boards/1sg10m_nf74.txt'
INFO    :   Reading '/nfs/site/disks/crt_tools_063/mentor/VPS/2023.06/profpga//boards/FM-1SG10M-R1_1.03.ucf'
INFO    :     Reading include file '/nfs/site/disks/crt_tools_063/mentor/VPS/2023.06/profpga//boards/stratix10_profpga_ctrl_timing_dmbi_500.conf'
INFO    :     Reading include file '/nfs/site/disks/crt_tools_063/mentor/VPS/2023.06/profpga//boards/stratix10_profpga_ctrl_timing.conf'
INFO    :     Reading include file '/nfs/site/disks/crt_tools_063/mentor/VPS/2023.06/profpga//boards/intel_ip_sim_files_extract.conf'
INFO    :   Reading '/nfs/site/disks/crt_tools_063/mentor/VPS/2023.06/profpga//boards/FM-1SG10M-R1.conf'
INFO    :   Reading '/nfs/site/disks/crt_tools_063/mentor/VPS/2023.06/profpga//boards/1sg10m_nf74.txt'
INFO    :   Reading '/nfs/site/disks/crt_tools_063/mentor/VPS/2023.06/profpga//boards/FM-1SG10M-R1_1.03.ucf'
INFO    :     Reading include file '/nfs/site/disks/crt_tools_063/mentor/VPS/2023.06/profpga//boards/stratix10_profpga_ctrl_timing_dmbi_500.conf'
INFO    :     Reading include file '/nfs/site/disks/crt_tools_063/mentor/VPS/2023.06/profpga//boards/stratix10_profpga_ctrl_timing.conf'
INFO    :     Reading include file '/nfs/site/disks/crt_tools_063/mentor/VPS/2023.06/profpga//boards/intel_ip_sim_files_extract.conf'
INFO    :   Reading '/nfs/site/disks/crt_tools_063/mentor/VPS/2023.06/profpga//boards/FM-1SG10M-R1.conf'
INFO    :   Reading '/nfs/site/disks/crt_tools_063/mentor/VPS/2023.06/profpga//boards/1sg10m_nf74.txt'
INFO    :   Reading '/nfs/site/disks/crt_tools_063/mentor/VPS/2023.06/profpga//boards/FM-1SG10M-R1_1.03.ucf'
INFO    :     Reading include file '/nfs/site/disks/crt_tools_063/mentor/VPS/2023.06/profpga//boards/stratix10_profpga_ctrl_timing_dmbi_500.conf'
INFO    :     Reading include file '/nfs/site/disks/crt_tools_063/mentor/VPS/2023.06/profpga//boards/stratix10_profpga_ctrl_timing.conf'
INFO    :     Reading include file '/nfs/site/disks/crt_tools_063/mentor/VPS/2023.06/profpga//boards/intel_ip_sim_files_extract.conf'
INFO    :   Reading '/nfs/site/disks/crt_tools_063/mentor/VPS/2023.06/profpga//boards/FM-1SG10M-R1.conf'
INFO    :   Reading '/nfs/site/disks/crt_tools_063/mentor/VPS/2023.06/profpga//boards/1sg10m_nf74.txt'
INFO    :   Reading '/nfs/site/disks/crt_tools_063/mentor/VPS/2023.06/profpga//boards/FM-1SG10M-R1_1.03.ucf'
INFO    :     Reading include file '/nfs/site/disks/crt_tools_063/mentor/VPS/2023.06/profpga//boards/stratix10_profpga_ctrl_timing_dmbi_500.conf'
INFO    :     Reading include file '/nfs/site/disks/crt_tools_063/mentor/VPS/2023.06/profpga//boards/stratix10_profpga_ctrl_timing.conf'
INFO    :     Reading include file '/nfs/site/disks/crt_tools_063/mentor/VPS/2023.06/profpga//boards/intel_ip_sim_files_extract.conf'
INFO    :   Reading '/nfs/site/disks/crt_tools_063/mentor/VPS/2023.06/profpga//boards/FM-1SG10M-R1.conf'
INFO    :   Reading '/nfs/site/disks/crt_tools_063/mentor/VPS/2023.06/profpga//boards/1sg10m_nf74.txt'
INFO    :   Reading '/nfs/site/disks/crt_tools_063/mentor/VPS/2023.06/profpga//boards/FM-1SG10M-R1_1.03.ucf'
INFO    :     Reading include file '/nfs/site/disks/crt_tools_063/mentor/VPS/2023.06/profpga//boards/stratix10_profpga_ctrl_timing_dmbi_500.conf'
INFO    :     Reading include file '/nfs/site/disks/crt_tools_063/mentor/VPS/2023.06/profpga//boards/stratix10_profpga_ctrl_timing.conf'
INFO    :     Reading include file '/nfs/site/disks/crt_tools_063/mentor/VPS/2023.06/profpga//boards/intel_ip_sim_files_extract.conf'
INFO    :   Reading '/nfs/site/disks/crt_tools_063/mentor/VPS/2023.06/profpga//boards/FM-1SG10M-R1.conf'
INFO    :   Reading '/nfs/site/disks/crt_tools_063/mentor/VPS/2023.06/profpga//boards/1sg10m_nf74.txt'
INFO    :   Reading '/nfs/site/disks/crt_tools_063/mentor/VPS/2023.06/profpga//boards/FM-1SG10M-R1_1.03.ucf'
INFO    :     Reading include file '/nfs/site/disks/crt_tools_063/mentor/VPS/2023.06/profpga//boards/stratix10_profpga_ctrl_timing_dmbi_500.conf'
INFO    :     Reading include file '/nfs/site/disks/crt_tools_063/mentor/VPS/2023.06/profpga//boards/stratix10_profpga_ctrl_timing.conf'
INFO    :     Reading include file '/nfs/site/disks/crt_tools_063/mentor/VPS/2023.06/profpga//boards/intel_ip_sim_files_extract.conf'
INFO    :   Reading '/nfs/site/disks/crt_tools_063/mentor/VPS/2023.06/profpga//boards/FM-1SG10M-R1.conf'
INFO    :   Reading '/nfs/site/disks/crt_tools_063/mentor/VPS/2023.06/profpga//boards/1sg10m_nf74.txt'
INFO    :   Reading '/nfs/site/disks/crt_tools_063/mentor/VPS/2023.06/profpga//boards/FM-1SG10M-R1_1.03.ucf'
INFO    :     Reading include file '/nfs/site/disks/crt_tools_063/mentor/VPS/2023.06/profpga//boards/stratix10_profpga_ctrl_timing_dmbi_500.conf'
INFO    :     Reading include file '/nfs/site/disks/crt_tools_063/mentor/VPS/2023.06/profpga//boards/stratix10_profpga_ctrl_timing.conf'
INFO    :     Reading include file '/nfs/site/disks/crt_tools_063/mentor/VPS/2023.06/profpga//boards/intel_ip_sim_files_extract.conf'
INFO    :   Reading '/nfs/site/disks/crt_tools_063/mentor/VPS/2023.06/profpga//boards/FM-1SG10M-R1.conf'
INFO    :   Reading '/nfs/site/disks/crt_tools_063/mentor/VPS/2023.06/profpga//boards/1sg10m_nf74.txt'
INFO    :   Reading '/nfs/site/disks/crt_tools_063/mentor/VPS/2023.06/profpga//boards/FM-1SG10M-R1_1.03.ucf'
INFO    :     Reading include file '/nfs/site/disks/crt_tools_063/mentor/VPS/2023.06/profpga//boards/stratix10_profpga_ctrl_timing_dmbi_500.conf'
INFO    :     Reading include file '/nfs/site/disks/crt_tools_063/mentor/VPS/2023.06/profpga//boards/stratix10_profpga_ctrl_timing.conf'
INFO    :     Reading include file '/nfs/site/disks/crt_tools_063/mentor/VPS/2023.06/profpga//boards/intel_ip_sim_files_extract.conf'
INFO    :   Reading '/nfs/site/disks/crt_tools_063/mentor/VPS/2023.06/profpga//boards/FM-1SG10M-R1.conf'
INFO    :   Reading '/nfs/site/disks/crt_tools_063/mentor/VPS/2023.06/profpga//boards/1sg10m_nf74.txt'
INFO    :   Reading '/nfs/site/disks/crt_tools_063/mentor/VPS/2023.06/profpga//boards/FM-1SG10M-R1_1.03.ucf'
INFO    :     Reading include file '/nfs/site/disks/crt_tools_063/mentor/VPS/2023.06/profpga//boards/stratix10_profpga_ctrl_timing_dmbi_500.conf'
INFO    :     Reading include file '/nfs/site/disks/crt_tools_063/mentor/VPS/2023.06/profpga//boards/stratix10_profpga_ctrl_timing.conf'
INFO    :     Reading include file '/nfs/site/disks/crt_tools_063/mentor/VPS/2023.06/profpga//boards/intel_ip_sim_files_extract.conf'
INFO    :   Reading '/nfs/site/disks/crt_tools_063/mentor/VPS/2023.06/profpga//boards/FM-1SG10M-R1.conf'
INFO    :   Reading '/nfs/site/disks/crt_tools_063/mentor/VPS/2023.06/profpga//boards/1sg10m_nf74.txt'
INFO    :   Reading '/nfs/site/disks/crt_tools_063/mentor/VPS/2023.06/profpga//boards/FM-1SG10M-R1_1.03.ucf'
INFO    :     Reading include file '/nfs/site/disks/crt_tools_063/mentor/VPS/2023.06/profpga//boards/stratix10_profpga_ctrl_timing_dmbi_500.conf'
INFO    :     Reading include file '/nfs/site/disks/crt_tools_063/mentor/VPS/2023.06/profpga//boards/stratix10_profpga_ctrl_timing.conf'
INFO    :     Reading include file '/nfs/site/disks/crt_tools_063/mentor/VPS/2023.06/profpga//boards/intel_ip_sim_files_extract.conf'
INFO    :   Reading '/nfs/site/disks/crt_tools_063/mentor/VPS/2023.06/profpga//boards/FM-1SG10M-R1.conf'
INFO    :   Reading '/nfs/site/disks/crt_tools_063/mentor/VPS/2023.06/profpga//boards/1sg10m_nf74.txt'
INFO    :   Reading '/nfs/site/disks/crt_tools_063/mentor/VPS/2023.06/profpga//boards/FM-1SG10M-R1_1.03.ucf'
INFO    :     Reading include file '/nfs/site/disks/crt_tools_063/mentor/VPS/2023.06/profpga//boards/stratix10_profpga_ctrl_timing_dmbi_500.conf'
INFO    :     Reading include file '/nfs/site/disks/crt_tools_063/mentor/VPS/2023.06/profpga//boards/stratix10_profpga_ctrl_timing.conf'
INFO    :     Reading include file '/nfs/site/disks/crt_tools_063/mentor/VPS/2023.06/profpga//boards/intel_ip_sim_files_extract.conf'
INFO    :   Reading '/nfs/site/disks/crt_tools_063/mentor/VPS/2023.06/profpga//boards/FM-1SG10M-R1.conf'
INFO    :   Reading '/nfs/site/disks/crt_tools_063/mentor/VPS/2023.06/profpga//boards/1sg10m_nf74.txt'
INFO    :   Reading '/nfs/site/disks/crt_tools_063/mentor/VPS/2023.06/profpga//boards/FM-1SG10M-R1_1.03.ucf'
INFO    :     Reading include file '/nfs/site/disks/crt_tools_063/mentor/VPS/2023.06/profpga//boards/stratix10_profpga_ctrl_timing_dmbi_500.conf'
INFO    :     Reading include file '/nfs/site/disks/crt_tools_063/mentor/VPS/2023.06/profpga//boards/stratix10_profpga_ctrl_timing.conf'
INFO    :     Reading include file '/nfs/site/disks/crt_tools_063/mentor/VPS/2023.06/profpga//boards/intel_ip_sim_files_extract.conf'
INFO    :   Reading '/nfs/site/disks/crt_tools_063/mentor/VPS/2023.06/profpga//boards/FM-1SG10M-R1.conf'
INFO    :   Reading '/nfs/site/disks/crt_tools_063/mentor/VPS/2023.06/profpga//boards/1sg10m_nf74.txt'
INFO    :   Reading '/nfs/site/disks/crt_tools_063/mentor/VPS/2023.06/profpga//boards/FM-1SG10M-R1_1.03.ucf'
INFO    :     Reading include file '/nfs/site/disks/crt_tools_063/mentor/VPS/2023.06/profpga//boards/stratix10_profpga_ctrl_timing_dmbi_500.conf'
INFO    :     Reading include file '/nfs/site/disks/crt_tools_063/mentor/VPS/2023.06/profpga//boards/stratix10_profpga_ctrl_timing.conf'
INFO    :     Reading include file '/nfs/site/disks/crt_tools_063/mentor/VPS/2023.06/profpga//boards/intel_ip_sim_files_extract.conf'
INFO    :   Reading '/nfs/site/disks/crt_tools_063/mentor/VPS/2023.06/profpga//boards/FM-1SG10M-R1.conf'
INFO    :   Reading '/nfs/site/disks/crt_tools_063/mentor/VPS/2023.06/profpga//boards/1sg10m_nf74.txt'
INFO    :   Reading '/nfs/site/disks/crt_tools_063/mentor/VPS/2023.06/profpga//boards/FM-1SG10M-R1_1.03.ucf'
INFO    :     Reading include file '/nfs/site/disks/crt_tools_063/mentor/VPS/2023.06/profpga//boards/stratix10_profpga_ctrl_timing_dmbi_500.conf'
INFO    :     Reading include file '/nfs/site/disks/crt_tools_063/mentor/VPS/2023.06/profpga//boards/stratix10_profpga_ctrl_timing.conf'
INFO    :     Reading include file '/nfs/site/disks/crt_tools_063/mentor/VPS/2023.06/profpga//boards/intel_ip_sim_files_extract.conf'
INFO    :   Reading '/nfs/site/disks/crt_tools_063/mentor/VPS/2023.06/profpga//boards/FM-1SG10M-R1.conf'
INFO    :   Reading '/nfs/site/disks/crt_tools_063/mentor/VPS/2023.06/profpga//boards/1sg10m_nf74.txt'
INFO    :   Reading '/nfs/site/disks/crt_tools_063/mentor/VPS/2023.06/profpga//boards/FM-1SG10M-R1_1.03.ucf'
INFO    :     Reading include file '/nfs/site/disks/crt_tools_063/mentor/VPS/2023.06/profpga//boards/stratix10_profpga_ctrl_timing_dmbi_500.conf'
INFO    :     Reading include file '/nfs/site/disks/crt_tools_063/mentor/VPS/2023.06/profpga//boards/stratix10_profpga_ctrl_timing.conf'
INFO    :     Reading include file '/nfs/site/disks/crt_tools_063/mentor/VPS/2023.06/profpga//boards/intel_ip_sim_files_extract.conf'
INFO    :   Reading '/nfs/site/disks/crt_tools_063/mentor/VPS/2023.06/profpga//boards/FM-1SG10M-R1.conf'
INFO    :   Reading '/nfs/site/disks/crt_tools_063/mentor/VPS/2023.06/profpga//boards/1sg10m_nf74.txt'
INFO    :   Reading '/nfs/site/disks/crt_tools_063/mentor/VPS/2023.06/profpga//boards/FM-1SG10M-R1_1.03.ucf'
INFO    :     Reading include file '/nfs/site/disks/crt_tools_063/mentor/VPS/2023.06/profpga//boards/stratix10_profpga_ctrl_timing_dmbi_500.conf'
INFO    :     Reading include file '/nfs/site/disks/crt_tools_063/mentor/VPS/2023.06/profpga//boards/stratix10_profpga_ctrl_timing.conf'
INFO    :     Reading include file '/nfs/site/disks/crt_tools_063/mentor/VPS/2023.06/profpga//boards/intel_ip_sim_files_extract.conf'
INFO    :   Reading '/nfs/site/disks/crt_tools_063/mentor/VPS/2023.06/profpga//boards/EB-PDS-PCIe-Cable-R6_v2.03_BA1.csv'
INFO    :   Reading '/nfs/site/disks/crt_tools_063/mentor/VPS/2023.06/profpga//boards/EB-PDS-PCIe-Cable-R6.xml'
INFO    :   Reading '/nfs/site/disks/crt_tools_063/mentor/VPS/2023.06/profpga//boards/EB-PDS-PCIe-Cable-R6_v2.03_TA1.csv'
INFO    :   Reading '/nfs/site/disks/crt_tools_063/mentor/VPS/2023.06/profpga//boards/EB-PDS-PCIe-Cable-R6_v2.03_BA1.csv'
INFO    :   Reading '/nfs/site/disks/crt_tools_063/mentor/VPS/2023.06/profpga//boards/EB-PDS-PCIe-Cable-R6.xml'
INFO    :   Reading '/nfs/site/disks/crt_tools_063/mentor/VPS/2023.06/profpga//boards/EB-PDS-PCIe-Cable-R6_v2.03_TA1.csv'
INFO    :   Reading '/nfs/site/disks/crt_tools_063/mentor/VPS/2023.06/profpga//boards/EB-PDS-PCIe-Cable-R6_v2.03_BA1.csv'
INFO    :   Reading '/nfs/site/disks/crt_tools_063/mentor/VPS/2023.06/profpga//boards/EB-PDS-PCIe-Cable-R6.xml'
INFO    :   Reading '/nfs/site/disks/crt_tools_063/mentor/VPS/2023.06/profpga//boards/EB-PDS-PCIe-Cable-R6_v2.03_TA1.csv'
INFO    :   Reading '/nfs/site/disks/crt_tools_063/mentor/VPS/2023.06/profpga//boards/EB-PDS-PCIe-Cable-R6_v2.03_BA1.csv'
INFO    :   Reading '/nfs/site/disks/crt_tools_063/mentor/VPS/2023.06/profpga//boards/EB-PDS-PCIe-Cable-R6.xml'
INFO    :   Reading '/nfs/site/disks/crt_tools_063/mentor/VPS/2023.06/profpga//boards/EB-PDS-PCIe-Cable-R6_v2.03_TA1.csv'
INFO    : Linking system...
INFO    : Creating wires within X-Boards...
INFO    : Creating wires between FPGA modules...
INFO    : Generating output data...
INFO    :   Processing template 'phdHardware'...
INFO    :   Generating 'boardgen/outputs/hardware.phd'
