Info: Generated by version: 20.3 build 158
Info: Starting: Create block symbol file (.bsf)
Info: qsys-generate /nfs/site/disks/sdg74_1254/users/kpapte/grr_nacd_1p0_ww33/rtls.prototyping.frio.grr-nac/build/stratix10/latest/pro.20.3/quartus/ip/fpt_ddr4_nw/ip/fpt_ddr4_nw/clkx_1.ip --block-symbol-file --output-directory=/nfs/site/disks/sdg74_1254/users/kpapte/grr_nacd_1p0_ww33/rtls.prototyping.frio.grr-nac/build/stratix10/latest/pro.20.3/quartus/ip/fpt_ddr4_nw/ip/fpt_ddr4_nw/clkx_1 --family="Stratix 10" --part=1SG280LU3F50E1VG
Info: qsys-generate succeeded.
Info: Finished: Create block symbol file (.bsf)
Info: 
Info: Starting: Create HDL design files for synthesis
Info: qsys-generate /nfs/site/disks/sdg74_1254/users/kpapte/grr_nacd_1p0_ww33/rtls.prototyping.frio.grr-nac/build/stratix10/latest/pro.20.3/quartus/ip/fpt_ddr4_nw/ip/fpt_ddr4_nw/clkx_1.ip --synthesis=VERILOG --output-directory=/nfs/site/disks/sdg74_1254/users/kpapte/grr_nacd_1p0_ww33/rtls.prototyping.frio.grr-nac/build/stratix10/latest/pro.20.3/quartus/ip/fpt_ddr4_nw/ip/fpt_ddr4_nw/clkx_1 --family="Stratix 10" --part=1SG280LU3F50E1VG
Info: clkx_1: "Transforming system: clkx_1"
Info: clkx_1: "Naming system components in system: clkx_1"
Info: clkx_1: "Processing generation queue"
Info: clkx_1: "Generating: clkx_1"
Info: clkx_1: "Generating: clkx_1_altera_avalon_mm_clock_crossing_bridge_1920_4qrhg5a"
Info: my_altera_avalon_dc_fifo_cmd_fifo: "Generating: my_altera_avalon_dc_fifo_cmd_fifo"
Info: my_altera_avalon_dc_fifo_rsp_fifo: "Generating: my_altera_avalon_dc_fifo_rsp_fifo"
Info: clkx_1: "Generating: clkx_1_altera_avalon_mm_clock_crossing_bridge_altera_avalon_dc_fifo_1920_hcrvori"
Info: clkx_1: "Generating: clkx_1_altera_avalon_mm_clock_crossing_bridge_altera_avalon_dc_fifo_1920_5yposnq"
Info: clkx_1: "Generating: clkx_1_altera_avalon_dc_fifo_1940_j7a573y"
Info: clkx_1: Done "clkx_1" with 5 modules, 8 files
Info: qsys-generate succeeded.
Info: Finished: Create HDL design files for synthesis
