Info: Generated by version: 20.3 build 158
Info: Starting: Create block symbol file (.bsf)
Info: qsys-generate /nfs/site/disks/sdg74_1254/users/kpapte/grr_nacd_1p0_ww33/rtls.prototyping.frio.grr-nac/build/stratix10/latest/pro.20.3/quartus/ip/xlgmii_loopback_fifo/xlgmii_loopback_fifo.ip --block-symbol-file --output-directory=/nfs/site/disks/sdg74_1254/users/kpapte/grr_nacd_1p0_ww33/rtls.prototyping.frio.grr-nac/build/stratix10/latest/pro.20.3/quartus/ip/xlgmii_loopback_fifo/xlgmii_loopback_fifo --family="Stratix 10" --part=1SG280LU3F50E1VG
: xlgmii_loopback_fifo.fifo_0: Targeting device family: Stratix 10.
: xlgmii_loopback_fifo.fifo_0: Tab: 'SCFIFO Options' is unavailable while using Dual-Clock FIFO.
: xlgmii_loopback_fifo.fifo_0: 'Output register option' is unavailable while using Dual-Clock FIFO.
: xlgmii_loopback_fifo.fifo_0: SDC file will be generated to apply correct constraints. User may experience increase in fitter compilation time
: xlgmii_loopback_fifo.fifo_0: Embedded set_false_path assignment is disabled.
Info: qsys-generate succeeded.
Info: Finished: Create block symbol file (.bsf)
Info: 
Info: Starting: Create HDL design files for synthesis
Info: qsys-generate /nfs/site/disks/sdg74_1254/users/kpapte/grr_nacd_1p0_ww33/rtls.prototyping.frio.grr-nac/build/stratix10/latest/pro.20.3/quartus/ip/xlgmii_loopback_fifo/xlgmii_loopback_fifo.ip --synthesis=VERILOG --output-directory=/nfs/site/disks/sdg74_1254/users/kpapte/grr_nacd_1p0_ww33/rtls.prototyping.frio.grr-nac/build/stratix10/latest/pro.20.3/quartus/ip/xlgmii_loopback_fifo/xlgmii_loopback_fifo --family="Stratix 10" --part=1SG280LU3F50E1VG
: xlgmii_loopback_fifo.fifo_0: Targeting device family: Stratix 10.
: xlgmii_loopback_fifo.fifo_0: Tab: 'SCFIFO Options' is unavailable while using Dual-Clock FIFO.
: xlgmii_loopback_fifo.fifo_0: 'Output register option' is unavailable while using Dual-Clock FIFO.
: xlgmii_loopback_fifo.fifo_0: SDC file will be generated to apply correct constraints. User may experience increase in fitter compilation time
: xlgmii_loopback_fifo.fifo_0: Embedded set_false_path assignment is disabled.
Info: xlgmii_loopback_fifo: "Transforming system: xlgmii_loopback_fifo"
Info: xlgmii_loopback_fifo: "Naming system components in system: xlgmii_loopback_fifo"
Info: xlgmii_loopback_fifo: "Processing generation queue"
Info: xlgmii_loopback_fifo: "Generating: xlgmii_loopback_fifo"
Info: xlgmii_loopback_fifo: "Generating: xlgmii_loopback_fifo_fifo_1910_ro5tdvq"
Info: xlgmii_loopback_fifo: Done "xlgmii_loopback_fifo" with 2 modules, 3 files
Info: qsys-generate succeeded.
Info: Finished: Create HDL design files for synthesis
