-I-:    genFlow    Generating lib-map files in dir: /nfs/site/disks/xne_tip_0003/urukunda/pragya_barak_phy/pragay_phy_intg/output/physs_eth/fpga/vps_dvb_vps/pcs_2/MMG_PSS_SOC/vps/analyzed_libs/../flowgen/mapfiles
-I-:    genFlow    Successfully generated lib-map file for model MMG_PSS_SOC
-I-:    genFlow    Successfully generated lib-map file for lib brkxmp_ns_1lane_pma_lib
-I-:    genFlow    Successfully generated lib-map file for lib socviewpin_32to1digimux_lib
-I-:    genFlow    Successfully generated lib-map file for lib eth_ip783hd2prf128x162s0c1r1p3d0v0_lib
-I-:    genFlow    Successfully generated lib-map file for lib eth_ip783hd2prf128x42s0c1r1p3d0v0_lib
-I-:    genFlow    Successfully generated lib-map file for lib eth_ip783hd2prf128x82s0c1r1p3d0v0_lib
-I-:    genFlow    Successfully generated lib-map file for lib eth_ip783hd2prf16x130s0c1r1p3d0v0_lib
-I-:    genFlow    Successfully generated lib-map file for lib eth_ip783hd2prf16x80s0c1r1p3d0v0_lib
-I-:    genFlow    Successfully generated lib-map file for lib eth_ip783hd2prf32x180s0c1r1p3d0v0_lib
-I-:    genFlow    Successfully generated lib-map file for lib eth_ip783hd2prf32x64s0c1r1p3d0v0_lib
-I-:    genFlow    Successfully generated lib-map file for lib eth_ip783hd2prf32x66s0c1r1p3d0v0_lib
-I-:    genFlow    Successfully generated lib-map file for lib eth_ip783hd2prf512x32s0c1r1p0d0v0_lib
-I-:    genFlow    Successfully generated lib-map file for lib eth_ip783hd2prf64x158s0c1r1p3d0v0_lib
-I-:    genFlow    Successfully generated lib-map file for lib eth_ip783hd2prf64x190s0c1r1p3d0v0_lib
-I-:    genFlow    Successfully generated lib-map file for lib eth_ip783hd2prf64x56s0c1r1p3d0v0_lib
-I-:    genFlow    Successfully generated lib-map file for lib eth_ip783hd2prf64x64s0c1r1p3d0v0_lib
-I-:    genFlow    Successfully generated lib-map file for lib eth_ip783hdspsr4096x52m8b2s1c1r2p0d0a2_lib
-I-:    genFlow    Successfully generated lib-map file for lib eth_ip783hdspsr4096x40m8b2s0c1r2p0d0a2_lib
-I-:    genFlow    Successfully generated lib-map file for lib eth_ip783rfhs2r2w128x46s0c1p3d0_lib
-I-:    genFlow    Successfully generated lib-map file for lib DWC_ether_hse_statistics_lib
-I-:    genFlow    Successfully generated lib-map file for lib DW_ahb_lib
-I-:    genFlow    Successfully generated lib-map file for lib mac100_lib
-I-:    genFlow    Successfully generated lib-map file for lib mac400_lib
-I-:    genFlow    Successfully generated lib-map file for lib nic400_physs_lib
-I-:    genFlow    Successfully generated lib-map file for lib nic400_quad_lib
-I-:    genFlow    Successfully generated lib-map file for lib pcs400_lib
-I-:    genFlow    Successfully generated lib-map file for lib quad100_lib
-I-:    genFlow    Successfully generated lib-map file for lib versa_4x1lane_lib
-I-:    genFlow    Successfully generated lib-map file for lib visa_lib
-I-:    genFlow    Successfully generated lib-map file for lib physs_bbl_lib
-I-:    genFlow    Successfully generated lib-map file for lib physs_lib_10m
-I-:    genFlow    Generating lib-map files in dir: /nfs/site/disks/xne_tip_0003/urukunda/pragya_barak_phy/pragay_phy_intg/output/physs_eth/fpga/vps_dvb_vps/pcs_3/MMG_PSS_SOC/vps/analyzed_libs/../flowgen/mapfiles
-I-:    genFlow    Successfully generated lib-map file for model MMG_PSS_SOC
-I-:    genFlow    Successfully generated lib-map file for lib brkxmp_ns_1lane_pma_lib
-I-:    genFlow    Successfully generated lib-map file for lib socviewpin_32to1digimux_lib
-I-:    genFlow    Successfully generated lib-map file for lib eth_ip783hd2prf128x162s0c1r1p3d0v0_lib
-I-:    genFlow    Successfully generated lib-map file for lib eth_ip783hd2prf128x42s0c1r1p3d0v0_lib
-I-:    genFlow    Successfully generated lib-map file for lib eth_ip783hd2prf128x82s0c1r1p3d0v0_lib
-I-:    genFlow    Successfully generated lib-map file for lib eth_ip783hd2prf16x130s0c1r1p3d0v0_lib
-I-:    genFlow    Successfully generated lib-map file for lib eth_ip783hd2prf16x80s0c1r1p3d0v0_lib
-I-:    genFlow    Successfully generated lib-map file for lib eth_ip783hd2prf32x180s0c1r1p3d0v0_lib
-I-:    genFlow    Successfully generated lib-map file for lib eth_ip783hd2prf32x64s0c1r1p3d0v0_lib
-I-:    genFlow    Successfully generated lib-map file for lib eth_ip783hd2prf32x66s0c1r1p3d0v0_lib
-I-:    genFlow    Successfully generated lib-map file for lib eth_ip783hd2prf512x32s0c1r1p0d0v0_lib
-I-:    genFlow    Successfully generated lib-map file for lib eth_ip783hd2prf64x158s0c1r1p3d0v0_lib
-I-:    genFlow    Successfully generated lib-map file for lib eth_ip783hd2prf64x190s0c1r1p3d0v0_lib
-I-:    genFlow    Successfully generated lib-map file for lib eth_ip783hd2prf64x56s0c1r1p3d0v0_lib
-I-:    genFlow    Successfully generated lib-map file for lib eth_ip783hd2prf64x64s0c1r1p3d0v0_lib
-I-:    genFlow    Successfully generated lib-map file for lib eth_ip783hdspsr4096x52m8b2s1c1r2p0d0a2_lib
-I-:    genFlow    Successfully generated lib-map file for lib eth_ip783hdspsr4096x40m8b2s0c1r2p0d0a2_lib
-I-:    genFlow    Successfully generated lib-map file for lib eth_ip783rfhs2r2w128x46s0c1p3d0_lib
-I-:    genFlow    Successfully generated lib-map file for lib DWC_ether_hse_statistics_lib
-I-:    genFlow    Successfully generated lib-map file for lib DW_ahb_lib
-I-:    genFlow    Successfully generated lib-map file for lib mac100_lib
-I-:    genFlow    Successfully generated lib-map file for lib mac400_lib
-I-:    genFlow    Successfully generated lib-map file for lib nic400_physs_lib
-I-:    genFlow    Successfully generated lib-map file for lib nic400_quad_lib
-I-:    genFlow    Successfully generated lib-map file for lib pcs400_lib
-I-:    genFlow    Successfully generated lib-map file for lib quad100_lib
-I-:    genFlow    Successfully generated lib-map file for lib versa_4x1lane_lib
-I-:    genFlow    Successfully generated lib-map file for lib visa_lib
-I-:    genFlow    Successfully generated lib-map file for lib physs_bbl_lib
-I-:    genFlow    Successfully generated lib-map file for lib physs_lib_10m
