Info: Generated by version: 24.1 build 115
Info: Starting: Create simulation model
Info: qsys-generate /nfs/site/disks/zsc14.xne_cnic.emu-fpga.001/kumarlok/nac_09_06_nvm_debug_partition/physs_eth_standalone/verif/fpga/vps_dvb/build_input_dir/IP_FILES/i2c_master.ip --simulation=VERILOG --allow-mixed-language-simulation --simulator=VCS --output-directory=/nfs/site/disks/zsc14.xne_cnic.emu-fpga.001/kumarlok/nac_09_06_nvm_debug_partition/physs_eth_standalone/verif/fpga/vps_dvb/build_input_dir/IP_FILES/i2c_master --family="Stratix 10" --part=1SG10MHN3F74C2LG_U2
Info: i2c_master: "Transforming system: i2c_master"
Info: i2c_master: "Naming system components in system: i2c_master"
Info: i2c_master: "Processing generation queue"
Info: i2c_master: "Generating: i2c_master"
Info: i2c_master: "Generating: altera_i2cslave_to_avlmm_bridge"
Info: i2c_master: Done "i2c_master" with 2 modules, 11 files
Info: Generating the following file(s) for VCS simulator in /nfs/site/disks/zsc14.xne_cnic.emu-fpga.001/kumarlok/nac_09_06_nvm_debug_partition/physs_eth_standalone/verif/fpga/vps_dvb/build_input_dir/IP_FILES/i2c_master/sim/ directory:
Info: 	common/vcs_files.tcl
Info: For information on how to simulate your IP, see the explanatory comments in the simulator-specific subdirectories under /nfs/site/disks/zsc14.xne_cnic.emu-fpga.001/kumarlok/nac_09_06_nvm_debug_partition/physs_eth_standalone/verif/fpga/vps_dvb/build_input_dir/IP_FILES/i2c_master/sim/.
Info: Regenerate these scripts whenever you make any change to any Quartus-generated IP in your project.
Info: Finished: Create simulation model
Info: Starting: Create simulation script
Info: sim-script-gen --system-file=/nfs/site/disks/zsc14.xne_cnic.emu-fpga.001/kumarlok/nac_09_06_nvm_debug_partition/physs_eth_standalone/verif/fpga/vps_dvb/build_input_dir/IP_FILES/i2c_master.ip --simulator=VCS --output-directory=/nfs/site/disks/zsc14.xne_cnic.emu-fpga.001/kumarlok/nac_09_06_nvm_debug_partition/physs_eth_standalone/verif/fpga/vps_dvb/build_input_dir/IP_FILES/i2c_master/sim/ --use-relative-paths=true
Info: Generating the following file(s) for VCS simulator in /nfs/site/disks/zsc14.xne_cnic.emu-fpga.001/kumarlok/nac_09_06_nvm_debug_partition/physs_eth_standalone/verif/fpga/vps_dvb/build_input_dir/IP_FILES/i2c_master/sim/ directory:
Info: 	synopsys/vcs/vcs_setup.sh
Info: For information on how to simulate your IP, see the explanatory comments in the simulator-specific subdirectories under /nfs/site/disks/zsc14.xne_cnic.emu-fpga.001/kumarlok/nac_09_06_nvm_debug_partition/physs_eth_standalone/verif/fpga/vps_dvb/build_input_dir/IP_FILES/i2c_master/sim/.
Info: Regenerate these scripts whenever you make any change to any Quartus-generated IP in your project.
Info: Finished: Create simulation script
Info: Starting: Create block symbol file (.bsf)
Info: qsys-generate /nfs/site/disks/zsc14.xne_cnic.emu-fpga.001/kumarlok/nac_09_06_nvm_debug_partition/physs_eth_standalone/verif/fpga/vps_dvb/build_input_dir/IP_FILES/i2c_master.ip --block-symbol-file --output-directory=/nfs/site/disks/zsc14.xne_cnic.emu-fpga.001/kumarlok/nac_09_06_nvm_debug_partition/physs_eth_standalone/verif/fpga/vps_dvb/build_input_dir/IP_FILES/i2c_master --family="Stratix 10" --part=1SG10MHN3F74C2LG_U2
Info: Finished: Create block symbol file (.bsf)
Info: 
Info: Starting: Create HDL design files for synthesis
Info: qsys-generate /nfs/site/disks/zsc14.xne_cnic.emu-fpga.001/kumarlok/nac_09_06_nvm_debug_partition/physs_eth_standalone/verif/fpga/vps_dvb/build_input_dir/IP_FILES/i2c_master.ip --synthesis=VERILOG --output-directory=/nfs/site/disks/zsc14.xne_cnic.emu-fpga.001/kumarlok/nac_09_06_nvm_debug_partition/physs_eth_standalone/verif/fpga/vps_dvb/build_input_dir/IP_FILES/i2c_master --family="Stratix 10" --part=1SG10MHN3F74C2LG_U2
Info: i2c_master: "Transforming system: i2c_master"
Info: i2c_master: "Naming system components in system: i2c_master"
Info: i2c_master: "Processing generation queue"
Info: i2c_master: "Generating: i2c_master"
Info: i2c_master: "Generating: altera_i2cslave_to_avlmm_bridge"
Info: i2c_master: Done "i2c_master" with 2 modules, 11 files
Info: Finished: Create HDL design files for synthesis
Info: Starting: Generate IP Core Documentation
Info: No documentation filesets were found for components in i2c_master. No files generated.
Info: Finished: Generate IP Core Documentation
