Info: Generated by version: 23.3 build 104
Info: Starting: Create simulation model
Info: qsys-generate /nfs/site/disks/xne_tip_0003/urukunda/mquad_opt/verif/fpga/vps_dvb/build_input_dir/IP_FILES/s10_fpll_ref125Mhz_625Mhz/s10_fpll_ref125Mhz_625Mhz.ip --simulation=VERILOG --allow-mixed-language-simulation --output-directory=/nfs/site/disks/xne_tip_0003/urukunda/mquad_opt/verif/fpga/vps_dvb/build_input_dir/IP_FILES/s10_fpll_ref125Mhz_625Mhz/s10_fpll_ref125Mhz_625Mhz --family="Stratix 10" --part=1SG280LU3F50E1VG
Info: s10_fpll_ref125Mhz_625Mhz.xcvr_fpll_s10_htile_0: For the selected device(1SG280LU3F50E1VG), PLL speed grade is 3.
Info: s10_fpll_ref125Mhz_625Mhz: "Transforming system: s10_fpll_ref125Mhz_625Mhz"
Info: s10_fpll_ref125Mhz_625Mhz: "Naming system components in system: s10_fpll_ref125Mhz_625Mhz"
Info: s10_fpll_ref125Mhz_625Mhz: "Processing generation queue"
Info: s10_fpll_ref125Mhz_625Mhz: "Generating: s10_fpll_ref125Mhz_625Mhz"
Info: s10_fpll_ref125Mhz_625Mhz: "Generating: s10_fpll_ref125Mhz_625Mhz_altera_xcvr_fpll_s10_htile_1913_x6jqpja"
Info: xcvr_fpll_s10_htile_0: add_fileset_file ./altera_std_synchronizer_nocut.v VERILOG PATH ../../../../primitives/altera_std_synchronizer/altera_std_synchronizer_nocut.v
Info: xcvr_fpll_s10_htile_0: add_fileset_file ./s10_avmm_h.sv SYSTEM_VERILOG PATH ../../../altera_xcvr_native_phy/altera_xcvr_native_s10/source/s10_avmm_h.sv
Info: xcvr_fpll_s10_htile_0: add_fileset_file ./altera_xcvr_native_s10_functions_h.sv SYSTEM_VERILOG PATH ../../../altera_xcvr_native_phy/altera_xcvr_native_s10/source/altera_xcvr_native_s10_functions_h.sv
Info: xcvr_fpll_s10_htile_0: add_fileset_file ./alt_xcvr_native_anlg_reset_seq.sv SYSTEM_VERILOG PATH ../../../altera_xcvr_native_phy/altera_xcvr_native_s10/source/alt_xcvr_native_anlg_reset_seq.sv
Info: xcvr_fpll_s10_htile_0: add_fileset_file ./alt_xcvr_pll_rcfg_arb.sv SYSTEM_VERILOG PATH ../../common/alt_xcvr_pll_rcfg_arb.sv
Info: xcvr_fpll_s10_htile_0: add_fileset_file ./alt_xcvr_pll_embedded_debug.sv SYSTEM_VERILOG PATH ../../common/alt_xcvr_pll_embedded_debug.sv
Info: xcvr_fpll_s10_htile_0: add_fileset_file ./alt_xcvr_pll_avmm_csr.sv SYSTEM_VERILOG PATH ../../common/alt_xcvr_pll_avmm_csr.sv
Info: xcvr_fpll_s10_htile_0: add_fileset_file ./alt_xcvr_resync.sv SYSTEM_VERILOG PATH ../../../../altera_xcvr_generic/ctrl/alt_xcvr_resync.sv
Info: xcvr_fpll_s10_htile_0: add_fileset_file ./alt_xcvr_arbiter.sv SYSTEM_VERILOG PATH ../../../../altera_xcvr_generic/ctrl/alt_xcvr_arbiter.sv
Info: s10_fpll_ref125Mhz_625Mhz: Done "s10_fpll_ref125Mhz_625Mhz" with 2 modules, 18 files
Info: Generating the following file(s) for VCS simulator in /nfs/site/disks/xne_tip_0003/urukunda/mquad_opt/verif/fpga/vps_dvb/build_input_dir/IP_FILES/s10_fpll_ref125Mhz_625Mhz/s10_fpll_ref125Mhz_625Mhz/sim/ directory:
Info: 	common/vcs_files.tcl
Info: Generating the following file(s) for RIVIERA simulator in /nfs/site/disks/xne_tip_0003/urukunda/mquad_opt/verif/fpga/vps_dvb/build_input_dir/IP_FILES/s10_fpll_ref125Mhz_625Mhz/s10_fpll_ref125Mhz_625Mhz/sim/ directory:
Info: 	common/riviera_files.tcl
Info: Generating the following file(s) for VCSMX simulator in /nfs/site/disks/xne_tip_0003/urukunda/mquad_opt/verif/fpga/vps_dvb/build_input_dir/IP_FILES/s10_fpll_ref125Mhz_625Mhz/s10_fpll_ref125Mhz_625Mhz/sim/ directory:
Info: 	common/vcsmx_files.tcl
Info: Generating the following file(s) for MODELSIM simulator in /nfs/site/disks/xne_tip_0003/urukunda/mquad_opt/verif/fpga/vps_dvb/build_input_dir/IP_FILES/s10_fpll_ref125Mhz_625Mhz/s10_fpll_ref125Mhz_625Mhz/sim/ directory:
Info: 	common/modelsim_files.tcl
Info: Generating the following file(s) for XCELIUM simulator in /nfs/site/disks/xne_tip_0003/urukunda/mquad_opt/verif/fpga/vps_dvb/build_input_dir/IP_FILES/s10_fpll_ref125Mhz_625Mhz/s10_fpll_ref125Mhz_625Mhz/sim/ directory:
Info: 	common/xcelium_files.tcl
Info: For information on how to simulate your IP, see the explanatory comments in the simulator-specific subdirectories under /nfs/site/disks/xne_tip_0003/urukunda/mquad_opt/verif/fpga/vps_dvb/build_input_dir/IP_FILES/s10_fpll_ref125Mhz_625Mhz/s10_fpll_ref125Mhz_625Mhz/sim/.
Info: Regenerate these scripts whenever you make any change to any Quartus-generated IP in your project.
Info: Finished: Create simulation model
Info: Starting: Create simulation script
Info: sim-script-gen --system-file=/nfs/site/disks/xne_tip_0003/urukunda/mquad_opt/verif/fpga/vps_dvb/build_input_dir/IP_FILES/s10_fpll_ref125Mhz_625Mhz/s10_fpll_ref125Mhz_625Mhz.ip --output-directory=/nfs/site/disks/xne_tip_0003/urukunda/mquad_opt/verif/fpga/vps_dvb/build_input_dir/IP_FILES/s10_fpll_ref125Mhz_625Mhz/s10_fpll_ref125Mhz_625Mhz/sim/ --use-relative-paths=true
Info: Generating the following file(s) for VCS simulator in /nfs/site/disks/xne_tip_0003/urukunda/mquad_opt/verif/fpga/vps_dvb/build_input_dir/IP_FILES/s10_fpll_ref125Mhz_625Mhz/s10_fpll_ref125Mhz_625Mhz/sim/ directory:
Info: 	synopsys/vcs/vcs_setup.sh
Info: Generating the following file(s) for RIVIERA simulator in /nfs/site/disks/xne_tip_0003/urukunda/mquad_opt/verif/fpga/vps_dvb/build_input_dir/IP_FILES/s10_fpll_ref125Mhz_625Mhz/s10_fpll_ref125Mhz_625Mhz/sim/ directory:
Info: 	aldec/rivierapro_setup.tcl
Info: Generating the following file(s) for VCSMX simulator in /nfs/site/disks/xne_tip_0003/urukunda/mquad_opt/verif/fpga/vps_dvb/build_input_dir/IP_FILES/s10_fpll_ref125Mhz_625Mhz/s10_fpll_ref125Mhz_625Mhz/sim/ directory:
Info: 	synopsys/vcsmx/synopsys_sim.setup
Info: 	synopsys/vcsmx/vcsmx_setup.sh
Info: Generating the following file(s) for MODELSIM simulator in /nfs/site/disks/xne_tip_0003/urukunda/mquad_opt/verif/fpga/vps_dvb/build_input_dir/IP_FILES/s10_fpll_ref125Mhz_625Mhz/s10_fpll_ref125Mhz_625Mhz/sim/ directory:
Info: 	mentor/msim_setup.tcl
Info: Generating the following file(s) for XCELIUM simulator in /nfs/site/disks/xne_tip_0003/urukunda/mquad_opt/verif/fpga/vps_dvb/build_input_dir/IP_FILES/s10_fpll_ref125Mhz_625Mhz/s10_fpll_ref125Mhz_625Mhz/sim/ directory:
Info: 	xcelium/cds.lib
Info: 	xcelium/hdl.var
Info: 	xcelium/xcelium_setup.sh
Info: 	3 .cds.lib files in xcelium/cds_libs/ directory
Info: For information on how to simulate your IP, see the explanatory comments in the simulator-specific subdirectories under /nfs/site/disks/xne_tip_0003/urukunda/mquad_opt/verif/fpga/vps_dvb/build_input_dir/IP_FILES/s10_fpll_ref125Mhz_625Mhz/s10_fpll_ref125Mhz_625Mhz/sim/.
Info: Regenerate these scripts whenever you make any change to any Quartus-generated IP in your project.
Info: Finished: Create simulation script
Info: Starting: Create block symbol file (.bsf)
Info: qsys-generate /nfs/site/disks/xne_tip_0003/urukunda/mquad_opt/verif/fpga/vps_dvb/build_input_dir/IP_FILES/s10_fpll_ref125Mhz_625Mhz/s10_fpll_ref125Mhz_625Mhz.ip --block-symbol-file --output-directory=/nfs/site/disks/xne_tip_0003/urukunda/mquad_opt/verif/fpga/vps_dvb/build_input_dir/IP_FILES/s10_fpll_ref125Mhz_625Mhz/s10_fpll_ref125Mhz_625Mhz --family="Stratix 10" --part=1SG280LU3F50E1VG
Info: s10_fpll_ref125Mhz_625Mhz.xcvr_fpll_s10_htile_0: For the selected device(1SG280LU3F50E1VG), PLL speed grade is 3.
Info: Finished: Create block symbol file (.bsf)
Info: 
Info: Starting: Create HDL design files for synthesis
Info: qsys-generate /nfs/site/disks/xne_tip_0003/urukunda/mquad_opt/verif/fpga/vps_dvb/build_input_dir/IP_FILES/s10_fpll_ref125Mhz_625Mhz/s10_fpll_ref125Mhz_625Mhz.ip --synthesis=VERILOG --output-directory=/nfs/site/disks/xne_tip_0003/urukunda/mquad_opt/verif/fpga/vps_dvb/build_input_dir/IP_FILES/s10_fpll_ref125Mhz_625Mhz/s10_fpll_ref125Mhz_625Mhz --family="Stratix 10" --part=1SG280LU3F50E1VG
Info: s10_fpll_ref125Mhz_625Mhz.xcvr_fpll_s10_htile_0: For the selected device(1SG280LU3F50E1VG), PLL speed grade is 3.
Info: s10_fpll_ref125Mhz_625Mhz: "Transforming system: s10_fpll_ref125Mhz_625Mhz"
Info: s10_fpll_ref125Mhz_625Mhz: "Naming system components in system: s10_fpll_ref125Mhz_625Mhz"
Info: s10_fpll_ref125Mhz_625Mhz: "Processing generation queue"
Info: s10_fpll_ref125Mhz_625Mhz: "Generating: s10_fpll_ref125Mhz_625Mhz"
Info: s10_fpll_ref125Mhz_625Mhz: "Generating: s10_fpll_ref125Mhz_625Mhz_altera_xcvr_fpll_s10_htile_1913_x6jqpja"
Info: xcvr_fpll_s10_htile_0: add_fileset_file ./altera_std_synchronizer_nocut.v VERILOG PATH ../../../../primitives/altera_std_synchronizer/altera_std_synchronizer_nocut.v
Info: xcvr_fpll_s10_htile_0: add_fileset_file ./s10_avmm_h.sv SYSTEM_VERILOG PATH ../../../altera_xcvr_native_phy/altera_xcvr_native_s10/source/s10_avmm_h.sv
Info: xcvr_fpll_s10_htile_0: add_fileset_file ./altera_xcvr_native_s10_functions_h.sv SYSTEM_VERILOG PATH ../../../altera_xcvr_native_phy/altera_xcvr_native_s10/source/altera_xcvr_native_s10_functions_h.sv
Info: xcvr_fpll_s10_htile_0: add_fileset_file ./alt_xcvr_native_anlg_reset_seq.sv SYSTEM_VERILOG PATH ../../../altera_xcvr_native_phy/altera_xcvr_native_s10/source/alt_xcvr_native_anlg_reset_seq.sv
Info: xcvr_fpll_s10_htile_0: add_fileset_file ./alt_xcvr_pll_rcfg_arb.sv SYSTEM_VERILOG PATH ../../common/alt_xcvr_pll_rcfg_arb.sv
Info: xcvr_fpll_s10_htile_0: add_fileset_file ./alt_xcvr_pll_embedded_debug.sv SYSTEM_VERILOG PATH ../../common/alt_xcvr_pll_embedded_debug.sv
Info: xcvr_fpll_s10_htile_0: add_fileset_file ./alt_xcvr_pll_avmm_csr.sv SYSTEM_VERILOG PATH ../../common/alt_xcvr_pll_avmm_csr.sv
Info: xcvr_fpll_s10_htile_0: add_fileset_file ./alt_xcvr_resync.sv SYSTEM_VERILOG PATH ../../../../altera_xcvr_generic/ctrl/alt_xcvr_resync.sv
Info: xcvr_fpll_s10_htile_0: add_fileset_file ./alt_xcvr_arbiter.sv SYSTEM_VERILOG PATH ../../../../altera_xcvr_generic/ctrl/alt_xcvr_arbiter.sv
Info: s10_fpll_ref125Mhz_625Mhz: Done "s10_fpll_ref125Mhz_625Mhz" with 2 modules, 14 files
Info: Finished: Create HDL design files for synthesis
