Info: Generated by version: 23.3 build 104
Info: Starting: Create simulation model
Info: qsys-generate /nfs/site/disks/xne_tip_0003/urukunda/mquad_opt/verif/fpga/vps_dvb/build_input_dir/IP_FILES/s10_iopll_125mhz_125mhz/s10_iopll_125mhz_125mhz.ip --simulation=VERILOG --allow-mixed-language-simulation --output-directory=/nfs/site/disks/xne_tip_0003/urukunda/mquad_opt/verif/fpga/vps_dvb/build_input_dir/IP_FILES/s10_iopll_125mhz_125mhz/s10_iopll_125mhz_125mhz --family="Stratix 10" --part=1SG280LU3F50E1VG
Info: s10_iopll_125mhz_125mhz.iopll_0: Able to implement PLL with user settings
Info: s10_iopll_125mhz_125mhz: "Transforming system: s10_iopll_125mhz_125mhz"
Info: s10_iopll_125mhz_125mhz: "Naming system components in system: s10_iopll_125mhz_125mhz"
Info: s10_iopll_125mhz_125mhz: "Processing generation queue"
Info: s10_iopll_125mhz_125mhz: "Generating: s10_iopll_125mhz_125mhz"
Info: s10_iopll_125mhz_125mhz: "Generating: s10_iopll_125mhz_125mhz_altera_iopll_1931_35qpuni"
Info: s10_iopll_125mhz_125mhz: Done "s10_iopll_125mhz_125mhz" with 2 modules, 3 files
Info: Generating the following file(s) for VCSMX simulator in /nfs/site/disks/xne_tip_0003/urukunda/mquad_opt/verif/fpga/vps_dvb/build_input_dir/IP_FILES/s10_iopll_125mhz_125mhz/s10_iopll_125mhz_125mhz/sim/ directory:
Info: 	common/vcsmx_files.tcl
Info: Generating the following file(s) for VCS simulator in /nfs/site/disks/xne_tip_0003/urukunda/mquad_opt/verif/fpga/vps_dvb/build_input_dir/IP_FILES/s10_iopll_125mhz_125mhz/s10_iopll_125mhz_125mhz/sim/ directory:
Info: 	common/vcs_files.tcl
Info: Generating the following file(s) for XCELIUM simulator in /nfs/site/disks/xne_tip_0003/urukunda/mquad_opt/verif/fpga/vps_dvb/build_input_dir/IP_FILES/s10_iopll_125mhz_125mhz/s10_iopll_125mhz_125mhz/sim/ directory:
Info: 	common/xcelium_files.tcl
Info: Generating the following file(s) for RIVIERA simulator in /nfs/site/disks/xne_tip_0003/urukunda/mquad_opt/verif/fpga/vps_dvb/build_input_dir/IP_FILES/s10_iopll_125mhz_125mhz/s10_iopll_125mhz_125mhz/sim/ directory:
Info: 	common/riviera_files.tcl
Info: Generating the following file(s) for MODELSIM simulator in /nfs/site/disks/xne_tip_0003/urukunda/mquad_opt/verif/fpga/vps_dvb/build_input_dir/IP_FILES/s10_iopll_125mhz_125mhz/s10_iopll_125mhz_125mhz/sim/ directory:
Info: 	common/modelsim_files.tcl
Info: For information on how to simulate your IP, see the explanatory comments in the simulator-specific subdirectories under /nfs/site/disks/xne_tip_0003/urukunda/mquad_opt/verif/fpga/vps_dvb/build_input_dir/IP_FILES/s10_iopll_125mhz_125mhz/s10_iopll_125mhz_125mhz/sim/.
Info: Regenerate these scripts whenever you make any change to any Quartus-generated IP in your project.
Info: Finished: Create simulation model
Info: Starting: Create simulation script
Info: sim-script-gen --system-file=/nfs/site/disks/xne_tip_0003/urukunda/mquad_opt/verif/fpga/vps_dvb/build_input_dir/IP_FILES/s10_iopll_125mhz_125mhz/s10_iopll_125mhz_125mhz.ip --output-directory=/nfs/site/disks/xne_tip_0003/urukunda/mquad_opt/verif/fpga/vps_dvb/build_input_dir/IP_FILES/s10_iopll_125mhz_125mhz/s10_iopll_125mhz_125mhz/sim/ --use-relative-paths=true
Info: Generating the following file(s) for VCSMX simulator in /nfs/site/disks/xne_tip_0003/urukunda/mquad_opt/verif/fpga/vps_dvb/build_input_dir/IP_FILES/s10_iopll_125mhz_125mhz/s10_iopll_125mhz_125mhz/sim/ directory:
Info: 	synopsys/vcsmx/synopsys_sim.setup
Info: 	synopsys/vcsmx/vcsmx_setup.sh
Info: Generating the following file(s) for VCS simulator in /nfs/site/disks/xne_tip_0003/urukunda/mquad_opt/verif/fpga/vps_dvb/build_input_dir/IP_FILES/s10_iopll_125mhz_125mhz/s10_iopll_125mhz_125mhz/sim/ directory:
Info: 	synopsys/vcs/vcs_setup.sh
Info: Generating the following file(s) for XCELIUM simulator in /nfs/site/disks/xne_tip_0003/urukunda/mquad_opt/verif/fpga/vps_dvb/build_input_dir/IP_FILES/s10_iopll_125mhz_125mhz/s10_iopll_125mhz_125mhz/sim/ directory:
Info: 	xcelium/cds.lib
Info: 	xcelium/hdl.var
Info: 	xcelium/xcelium_setup.sh
Info: 	2 .cds.lib files in xcelium/cds_libs/ directory
Info: Generating the following file(s) for RIVIERA simulator in /nfs/site/disks/xne_tip_0003/urukunda/mquad_opt/verif/fpga/vps_dvb/build_input_dir/IP_FILES/s10_iopll_125mhz_125mhz/s10_iopll_125mhz_125mhz/sim/ directory:
Info: 	aldec/rivierapro_setup.tcl
Info: Generating the following file(s) for MODELSIM simulator in /nfs/site/disks/xne_tip_0003/urukunda/mquad_opt/verif/fpga/vps_dvb/build_input_dir/IP_FILES/s10_iopll_125mhz_125mhz/s10_iopll_125mhz_125mhz/sim/ directory:
Info: 	mentor/msim_setup.tcl
Info: For information on how to simulate your IP, see the explanatory comments in the simulator-specific subdirectories under /nfs/site/disks/xne_tip_0003/urukunda/mquad_opt/verif/fpga/vps_dvb/build_input_dir/IP_FILES/s10_iopll_125mhz_125mhz/s10_iopll_125mhz_125mhz/sim/.
Info: Regenerate these scripts whenever you make any change to any Quartus-generated IP in your project.
Info: Finished: Create simulation script
Info: Starting: Create block symbol file (.bsf)
Info: qsys-generate /nfs/site/disks/xne_tip_0003/urukunda/mquad_opt/verif/fpga/vps_dvb/build_input_dir/IP_FILES/s10_iopll_125mhz_125mhz/s10_iopll_125mhz_125mhz.ip --block-symbol-file --output-directory=/nfs/site/disks/xne_tip_0003/urukunda/mquad_opt/verif/fpga/vps_dvb/build_input_dir/IP_FILES/s10_iopll_125mhz_125mhz/s10_iopll_125mhz_125mhz --family="Stratix 10" --part=1SG280LU3F50E1VG
Info: s10_iopll_125mhz_125mhz.iopll_0: Able to implement PLL with user settings
Info: Finished: Create block symbol file (.bsf)
Info: 
Info: Starting: Create HDL design files for synthesis
Info: qsys-generate /nfs/site/disks/xne_tip_0003/urukunda/mquad_opt/verif/fpga/vps_dvb/build_input_dir/IP_FILES/s10_iopll_125mhz_125mhz/s10_iopll_125mhz_125mhz.ip --synthesis=VERILOG --output-directory=/nfs/site/disks/xne_tip_0003/urukunda/mquad_opt/verif/fpga/vps_dvb/build_input_dir/IP_FILES/s10_iopll_125mhz_125mhz/s10_iopll_125mhz_125mhz --family="Stratix 10" --part=1SG280LU3F50E1VG
Info: s10_iopll_125mhz_125mhz.iopll_0: Able to implement PLL with user settings
Info: s10_iopll_125mhz_125mhz: "Transforming system: s10_iopll_125mhz_125mhz"
Info: s10_iopll_125mhz_125mhz: "Naming system components in system: s10_iopll_125mhz_125mhz"
Info: s10_iopll_125mhz_125mhz: "Processing generation queue"
Info: s10_iopll_125mhz_125mhz: "Generating: s10_iopll_125mhz_125mhz"
Info: s10_iopll_125mhz_125mhz: "Generating: s10_iopll_125mhz_125mhz_altera_iopll_1931_35qpuni"
Info: s10_iopll_125mhz_125mhz: Done "s10_iopll_125mhz_125mhz" with 2 modules, 8 files
Info: Finished: Create HDL design files for synthesis
