Info: Generated by version: 20.2 build 50
Info: Starting: Create simulation model
Info: qsys-generate /nfs/site/disks/sc1_sv_00003/bsadashx/cpm_media_vps/gnrd-cpm-media-vps/verif/fpga/vps/build_input_dir/phy_xcvr_rst_ctrl_gen.ip --simulation=VERILOG --allow-mixed-language-simulation --output-directory=/nfs/site/disks/sc1_sv_00003/bsadashx/cpm_media_vps/gnrd-cpm-media-vps/verif/fpga/vps/build_input_dir/phy_xcvr_rst_ctrl_gen --family="Cyclone 10 GX" --part=10CX220YF780I5G
Error: phy_xcvr_rst_ctrl_gen: Component xcvr_reset_control_s10_0 does not support selected device family Cyclone 10 GX
Error: qsys-generate failed with exit code 3: 1 Error, 0 Warnings
Info: Finished: Create simulation model
Info: Starting: Create Modelsim Project.
Info: sim-script-gen --system-file=/nfs/site/disks/sc1_sv_00003/bsadashx/cpm_media_vps/gnrd-cpm-media-vps/verif/fpga/vps/build_input_dir/phy_xcvr_rst_ctrl_gen.ip --output-directory=/nfs/site/disks/sc1_sv_00003/bsadashx/cpm_media_vps/gnrd-cpm-media-vps/verif/fpga/vps/build_input_dir/phy_xcvr_rst_ctrl_gen/sim --use-relative-paths=true
Error: File /nfs/site/disks/sc1_sv_00003/bsadashx/cpm_media_vps/gnrd-cpm-media-vps/verif/fpga/vps/build_input_dir/phy_xcvr_rst_ctrl_gen/phy_xcvr_rst_ctrl_gen.spd not found. Please generate simulation files for system file /nfs/site/disks/sc1_sv_00003/bsadashx/cpm_media_vps/gnrd-cpm-media-vps/verif/fpga/vps/build_input_dir/phy_xcvr_rst_ctrl_gen.ip before generating simulation scripts.
Info: Finished: Create Modelsim Project.
Info: Starting: Create block symbol file (.bsf)
Info: qsys-generate /nfs/site/disks/sc1_sv_00003/bsadashx/cpm_media_vps/gnrd-cpm-media-vps/verif/fpga/vps/build_input_dir/phy_xcvr_rst_ctrl_gen.ip --block-symbol-file --output-directory=/nfs/site/disks/sc1_sv_00003/bsadashx/cpm_media_vps/gnrd-cpm-media-vps/verif/fpga/vps/build_input_dir/phy_xcvr_rst_ctrl_gen --family="Cyclone 10 GX" --part=10CX220YF780I5G
Error: phy_xcvr_rst_ctrl_gen: Component xcvr_reset_control_s10_0 does not support selected device family Cyclone 10 GX
Error: qsys-generate failed with exit code 3: 1 Error, 0 Warnings
Info: Finished: Create block symbol file (.bsf)
Info: 
Info: Starting: Create HDL design files for synthesis
Info: qsys-generate /nfs/site/disks/sc1_sv_00003/bsadashx/cpm_media_vps/gnrd-cpm-media-vps/verif/fpga/vps/build_input_dir/phy_xcvr_rst_ctrl_gen.ip --synthesis=VERILOG --output-directory=/nfs/site/disks/sc1_sv_00003/bsadashx/cpm_media_vps/gnrd-cpm-media-vps/verif/fpga/vps/build_input_dir/phy_xcvr_rst_ctrl_gen --family="Cyclone 10 GX" --part=10CX220YF780I5G
Error: phy_xcvr_rst_ctrl_gen: Component xcvr_reset_control_s10_0 does not support selected device family Cyclone 10 GX
Error: qsys-generate failed with exit code 3: 1 Error, 0 Warnings
Info: Finished: Create HDL design files for synthesis
