Info: Generated by version: 24.1 build 115
Info: Starting: Create block symbol file (.bsf)
Info: qsys-generate /nfs/site/disks/xne_tip_0003/piyush/physs/verif/fpga/vps_dvb/build_input_dir/IP_FILES/s10_fpll_ref125Mhz_625Mhz/s10_fpll_ref125Mhz_625Mhz.ip --block-symbol-file --output-directory=/nfs/site/disks/xne_tip_0003/piyush/physs/verif/fpga/vps_dvb/build_input_dir/IP_FILES/s10_fpll_ref125Mhz_625Mhz/s10_fpll_ref125Mhz_625Mhz --family="Stratix 10" --part=1SG10MHN3F74C2LG_U2
Info: s10_fpll_ref125Mhz_625Mhz.xcvr_fpll_s10_htile_0: For the selected device(1SG10MHN3F74C2LG_U2), PLL speed grade is 2.
Info: Finished: Create block symbol file (.bsf)
Info: 
Info: Starting: Create HDL design files for synthesis
Info: qsys-generate /nfs/site/disks/xne_tip_0003/piyush/physs/verif/fpga/vps_dvb/build_input_dir/IP_FILES/s10_fpll_ref125Mhz_625Mhz/s10_fpll_ref125Mhz_625Mhz.ip --synthesis=VERILOG --output-directory=/nfs/site/disks/xne_tip_0003/piyush/physs/verif/fpga/vps_dvb/build_input_dir/IP_FILES/s10_fpll_ref125Mhz_625Mhz/s10_fpll_ref125Mhz_625Mhz --family="Stratix 10" --part=1SG10MHN3F74C2LG_U2
Info: s10_fpll_ref125Mhz_625Mhz.xcvr_fpll_s10_htile_0: For the selected device(1SG10MHN3F74C2LG_U2), PLL speed grade is 2.
Info: s10_fpll_ref125Mhz_625Mhz: "Transforming system: s10_fpll_ref125Mhz_625Mhz"
Info: s10_fpll_ref125Mhz_625Mhz: "Naming system components in system: s10_fpll_ref125Mhz_625Mhz"
Info: s10_fpll_ref125Mhz_625Mhz: "Processing generation queue"
Info: s10_fpll_ref125Mhz_625Mhz: "Generating: s10_fpll_ref125Mhz_625Mhz"
Info: s10_fpll_ref125Mhz_625Mhz: "Generating: s10_fpll_ref125Mhz_625Mhz_altera_xcvr_fpll_s10_htile_1913_ok2usxi"
Info: xcvr_fpll_s10_htile_0: add_fileset_file ./altera_std_synchronizer_nocut.v VERILOG PATH ../../../../primitives/altera_std_synchronizer/altera_std_synchronizer_nocut.v
Info: xcvr_fpll_s10_htile_0: add_fileset_file ./s10_avmm_h.sv SYSTEM_VERILOG PATH ../../../altera_xcvr_native_phy/altera_xcvr_native_s10/source/s10_avmm_h.sv
Info: xcvr_fpll_s10_htile_0: add_fileset_file ./altera_xcvr_native_s10_functions_h.sv SYSTEM_VERILOG PATH ../../../altera_xcvr_native_phy/altera_xcvr_native_s10/source/altera_xcvr_native_s10_functions_h.sv
Info: xcvr_fpll_s10_htile_0: add_fileset_file ./alt_xcvr_native_anlg_reset_seq.sv SYSTEM_VERILOG PATH ../../../altera_xcvr_native_phy/altera_xcvr_native_s10/source/alt_xcvr_native_anlg_reset_seq.sv
Info: xcvr_fpll_s10_htile_0: add_fileset_file ./alt_xcvr_pll_rcfg_arb.sv SYSTEM_VERILOG PATH ../../common/alt_xcvr_pll_rcfg_arb.sv
Info: xcvr_fpll_s10_htile_0: add_fileset_file ./alt_xcvr_pll_embedded_debug.sv SYSTEM_VERILOG PATH ../../common/alt_xcvr_pll_embedded_debug.sv
Info: xcvr_fpll_s10_htile_0: add_fileset_file ./alt_xcvr_pll_avmm_csr.sv SYSTEM_VERILOG PATH ../../common/alt_xcvr_pll_avmm_csr.sv
Info: xcvr_fpll_s10_htile_0: add_fileset_file ./alt_xcvr_resync.sv SYSTEM_VERILOG PATH ../../../../altera_xcvr_generic/ctrl/alt_xcvr_resync.sv
Info: xcvr_fpll_s10_htile_0: add_fileset_file ./alt_xcvr_arbiter.sv SYSTEM_VERILOG PATH ../../../../altera_xcvr_generic/ctrl/alt_xcvr_arbiter.sv
Info: s10_fpll_ref125Mhz_625Mhz: Done "s10_fpll_ref125Mhz_625Mhz" with 2 modules, 14 files
Info: Finished: Create HDL design files for synthesis
Info: Starting: IP-XACT
Info: qsys-generate /nfs/site/disks/xne_tip_0003/piyush/physs/verif/fpga/vps_dvb/build_input_dir/IP_FILES/s10_fpll_ref125Mhz_625Mhz/s10_fpll_ref125Mhz_625Mhz.ip --synthesis=VERILOG --ipxact --output-directory=/nfs/site/disks/xne_tip_0003/piyush/physs/verif/fpga/vps_dvb/build_input_dir/IP_FILES/s10_fpll_ref125Mhz_625Mhz/s10_fpll_ref125Mhz_625Mhz --family="Stratix 10" --part=1SG10MHN3F74C2LG_U2
Info: Finished: IP-XACT
Info: Starting: Generate IP Core Documentation
Info: No documentation filesets were found for components in s10_fpll_ref125Mhz_625Mhz. No files generated.
Info: Finished: Generate IP Core Documentation
