Info: Generated by version: 20.3 build 158
Info: Starting: Create block symbol file (.bsf)
Info: qsys-generate /nfs/site/disks/sdg74_1254/users/kpapte/grr_nacd_1p0_ww33/rtls.prototyping.frio.grr-nac/build/stratix10/latest/pro.20.3/quartus/ip/sys_pll/sys_pll.ip --block-symbol-file --output-directory=/nfs/site/disks/sdg74_1254/users/kpapte/grr_nacd_1p0_ww33/rtls.prototyping.frio.grr-nac/build/stratix10/latest/pro.20.3/quartus/ip/sys_pll/sys_pll --family="Stratix 10" --part=1SG280LU3F50E1VG
Info: sys_pll.iopll_0: Able to implement PLL with user settings
Info: sys_pll.iopll_0: For this IOPLL's current configuration, performing  one dynamic phase shift will result in a phase shift of 208.3 picoseconds.
Info: qsys-generate succeeded.
Info: Finished: Create block symbol file (.bsf)
Info: 
Info: Starting: Create HDL design files for synthesis
Info: qsys-generate /nfs/site/disks/sdg74_1254/users/kpapte/grr_nacd_1p0_ww33/rtls.prototyping.frio.grr-nac/build/stratix10/latest/pro.20.3/quartus/ip/sys_pll/sys_pll.ip --synthesis=VERILOG --output-directory=/nfs/site/disks/sdg74_1254/users/kpapte/grr_nacd_1p0_ww33/rtls.prototyping.frio.grr-nac/build/stratix10/latest/pro.20.3/quartus/ip/sys_pll/sys_pll --family="Stratix 10" --part=1SG280LU3F50E1VG
Info: sys_pll.iopll_0: Able to implement PLL with user settings
Info: sys_pll.iopll_0: For this IOPLL's current configuration, performing  one dynamic phase shift will result in a phase shift of 208.3 picoseconds.
Info: sys_pll: "Transforming system: sys_pll"
Info: sys_pll: "Naming system components in system: sys_pll"
Info: sys_pll: "Processing generation queue"
Info: sys_pll: "Generating: sys_pll"
Info: sys_pll: "Generating: sys_pll_altera_iopll_1931_bh7nqvi"
Info: sys_pll: Done "sys_pll" with 2 modules, 7 files
Info: qsys-generate succeeded.
Info: Finished: Create HDL design files for synthesis
