-----------------------------------------------------------
-- General Information --
-- Veloce Prototyping System version: 2024.2
-- Veloce Prototyping System build: 5766880
-- Time: Thu Feb 19 01:08:11 2026
-----------------------------------------------------------

Hostname: sccf06225504
-- Memory info --
	MemTotal                                : 1583623092 kB       
	MemFree                                 : 170266340 kB        
-- Uptime info --
	The uptime                              : 16964205.74 (seconds)
	The time spent in the idle task         : 785322359.76 (seconds)
-- CPU info --
	Model	: Intel(R) Xeon(R) Gold 6240R CPU @ 2.40GHz
		24 cores with bogomips 4800.00
		24 cores with bogomips 4801.82
	Total number of processor cores	: 48
-- Resource limits granted by the Operating System --
	Maximum number of opened files: soft limit: 32768 files / hard limit: 32768 files
--------------------------------

Wall time  | User CPU time | System CPU time | Virtual memory + inc | Resident set + inc | load/5m | Cumulative Wall time | <Tool section>
     0.00s |         0.00s |           0.00s |     162 +     162 MB |     64 +     64 MB |    1.49 |                0.00s | <redrdc/begin>
     0.00s |         0.00s |           0.00s |     162 +       0 MB |     64 +      0 MB |    1.49 |                0.00s | <redrdc/end>

