Info: Generated by version: 23.3 build 104
Info: Starting: Create simulation model
Info: qsys-generate /nfs/site/disks/xne_tip_0003/urukunda/mquad_opt/verif/fpga/vps_dvb/build_input_dir/IP_FILES/s10_serdes_Ltile_with8b10b_tbi_eth/s10_serdes_Ltile_with8b10b_tbi_eth.ip --simulation=VERILOG --allow-mixed-language-simulation --simulator=VCS --output-directory=/nfs/site/disks/xne_tip_0003/urukunda/mquad_opt/verif/fpga/vps_dvb/build_input_dir/IP_FILES/s10_serdes_Ltile_with8b10b_tbi_eth/s10_serdes_Ltile_with8b10b_tbi_eth --family="Stratix 10" --part=1SG10MHN3F74C2LG_U2
Info: s10_serdes_Ltile_with8b10b_tbi_eth.xcvr_native_s10_htile_0: The TX PCS-Core Interface FIFO is operating in half-rate transfer mode.
Info: s10_serdes_Ltile_with8b10b_tbi_eth.xcvr_native_s10_htile_0: The RX PCS-Core Interface FIFO is operating in half-rate transfer mode.
Info: s10_serdes_Ltile_with8b10b_tbi_eth.xcvr_native_s10_htile_0: For the selected device(1SG10MHN3F74C2LG_U2), transceiver speed grade is 2 and core speed grade is 1.
Info: s10_serdes_Ltile_with8b10b_tbi_eth.xcvr_native_s10_htile_0: Simplified data interface has been enabled. The Native PHY will present the data/control interface for the current configuration only. Dynamic reconfiguration of the data interface cannot be supported. The unused_tx_parallel_data and unused_tx_control ports should be connected to 0.
Info: s10_serdes_Ltile_with8b10b_tbi_eth.xcvr_native_s10_htile_0: For current configuration, TX PCS FIFO depth is "8" and TX Core FIFO depth is "8".
Info: s10_serdes_Ltile_with8b10b_tbi_eth.xcvr_native_s10_htile_0: For current configuration, RX PCS FIFO depth is "8" and RX Core FIFO depth is "16".
Info: s10_serdes_Ltile_with8b10b_tbi_eth.xcvr_native_s10_htile_0: "PCS clkout" (pcs_clkout) is selected to drive tx_clkout port and the clock frequency is 125.0 MHz.
Info: s10_serdes_Ltile_with8b10b_tbi_eth.xcvr_native_s10_htile_0: "PCS clkout" (pcs_clkout) is selected to drive rx_clkout port and the clock frequency is 125.0 MHz.
Info: s10_serdes_Ltile_with8b10b_tbi_eth.xcvr_native_s10_htile_0: Design example cannot be generated for the current configuration. Please check under Design Example tab and system message below for more detailed information.
Info: s10_serdes_Ltile_with8b10b_tbi_eth.xcvr_native_s10_htile_0: Note - The external TX PLL IP must be configured with an output clock frequency of 625.0 MHz.
Info: Skipping generation of s10_serdes_Ltile_with8b10b_tbi_eth: files already generated.
Info: Finished: Create simulation model
Info: Starting: Create simulation script
Info: sim-script-gen --system-file=/nfs/site/disks/xne_tip_0003/urukunda/mquad_opt/verif/fpga/vps_dvb/build_input_dir/IP_FILES/s10_serdes_Ltile_with8b10b_tbi_eth/s10_serdes_Ltile_with8b10b_tbi_eth.ip --simulator=VCS --output-directory=/nfs/site/disks/xne_tip_0003/urukunda/mquad_opt/verif/fpga/vps_dvb/build_input_dir/IP_FILES/s10_serdes_Ltile_with8b10b_tbi_eth/s10_serdes_Ltile_with8b10b_tbi_eth/sim/ --use-relative-paths=true
Info: Generating the following file(s) for VCS simulator in /nfs/site/disks/xne_tip_0003/urukunda/mquad_opt/verif/fpga/vps_dvb/build_input_dir/IP_FILES/s10_serdes_Ltile_with8b10b_tbi_eth/s10_serdes_Ltile_with8b10b_tbi_eth/sim/ directory:
Info: 	synopsys/vcs/vcs_setup.sh
Info: For information on how to simulate your IP, see the explanatory comments in the simulator-specific subdirectories under /nfs/site/disks/xne_tip_0003/urukunda/mquad_opt/verif/fpga/vps_dvb/build_input_dir/IP_FILES/s10_serdes_Ltile_with8b10b_tbi_eth/s10_serdes_Ltile_with8b10b_tbi_eth/sim/.
Info: Regenerate these scripts whenever you make any change to any Quartus-generated IP in your project.
Info: Finished: Create simulation script
Info: Starting: Create block symbol file (.bsf)
Info: qsys-generate /nfs/site/disks/xne_tip_0003/urukunda/mquad_opt/verif/fpga/vps_dvb/build_input_dir/IP_FILES/s10_serdes_Ltile_with8b10b_tbi_eth/s10_serdes_Ltile_with8b10b_tbi_eth.ip --block-symbol-file --output-directory=/nfs/site/disks/xne_tip_0003/urukunda/mquad_opt/verif/fpga/vps_dvb/build_input_dir/IP_FILES/s10_serdes_Ltile_with8b10b_tbi_eth/s10_serdes_Ltile_with8b10b_tbi_eth --family="Stratix 10" --part=1SG10MHN3F74C2LG_U2
Info: s10_serdes_Ltile_with8b10b_tbi_eth.xcvr_native_s10_htile_0: The TX PCS-Core Interface FIFO is operating in half-rate transfer mode.
Info: s10_serdes_Ltile_with8b10b_tbi_eth.xcvr_native_s10_htile_0: The RX PCS-Core Interface FIFO is operating in half-rate transfer mode.
Info: s10_serdes_Ltile_with8b10b_tbi_eth.xcvr_native_s10_htile_0: For the selected device(1SG10MHN3F74C2LG_U2), transceiver speed grade is 2 and core speed grade is 1.
Info: s10_serdes_Ltile_with8b10b_tbi_eth.xcvr_native_s10_htile_0: Simplified data interface has been enabled. The Native PHY will present the data/control interface for the current configuration only. Dynamic reconfiguration of the data interface cannot be supported. The unused_tx_parallel_data and unused_tx_control ports should be connected to 0.
Info: s10_serdes_Ltile_with8b10b_tbi_eth.xcvr_native_s10_htile_0: For current configuration, TX PCS FIFO depth is "8" and TX Core FIFO depth is "8".
Info: s10_serdes_Ltile_with8b10b_tbi_eth.xcvr_native_s10_htile_0: For current configuration, RX PCS FIFO depth is "8" and RX Core FIFO depth is "16".
Info: s10_serdes_Ltile_with8b10b_tbi_eth.xcvr_native_s10_htile_0: "PCS clkout" (pcs_clkout) is selected to drive tx_clkout port and the clock frequency is 125.0 MHz.
Info: s10_serdes_Ltile_with8b10b_tbi_eth.xcvr_native_s10_htile_0: "PCS clkout" (pcs_clkout) is selected to drive rx_clkout port and the clock frequency is 125.0 MHz.
Info: s10_serdes_Ltile_with8b10b_tbi_eth.xcvr_native_s10_htile_0: Design example cannot be generated for the current configuration. Please check under Design Example tab and system message below for more detailed information.
Info: s10_serdes_Ltile_with8b10b_tbi_eth.xcvr_native_s10_htile_0: Note - The external TX PLL IP must be configured with an output clock frequency of 625.0 MHz.
Info: Finished: Create block symbol file (.bsf)
Info: 
Info: Starting: Create HDL design files for synthesis
Info: qsys-generate /nfs/site/disks/xne_tip_0003/urukunda/mquad_opt/verif/fpga/vps_dvb/build_input_dir/IP_FILES/s10_serdes_Ltile_with8b10b_tbi_eth/s10_serdes_Ltile_with8b10b_tbi_eth.ip --synthesis=VERILOG --output-directory=/nfs/site/disks/xne_tip_0003/urukunda/mquad_opt/verif/fpga/vps_dvb/build_input_dir/IP_FILES/s10_serdes_Ltile_with8b10b_tbi_eth/s10_serdes_Ltile_with8b10b_tbi_eth --family="Stratix 10" --part=1SG10MHN3F74C2LG_U2
Info: s10_serdes_Ltile_with8b10b_tbi_eth.xcvr_native_s10_htile_0: The TX PCS-Core Interface FIFO is operating in half-rate transfer mode.
Info: s10_serdes_Ltile_with8b10b_tbi_eth.xcvr_native_s10_htile_0: The RX PCS-Core Interface FIFO is operating in half-rate transfer mode.
Info: s10_serdes_Ltile_with8b10b_tbi_eth.xcvr_native_s10_htile_0: For the selected device(1SG10MHN3F74C2LG_U2), transceiver speed grade is 2 and core speed grade is 1.
Info: s10_serdes_Ltile_with8b10b_tbi_eth.xcvr_native_s10_htile_0: Simplified data interface has been enabled. The Native PHY will present the data/control interface for the current configuration only. Dynamic reconfiguration of the data interface cannot be supported. The unused_tx_parallel_data and unused_tx_control ports should be connected to 0.
Info: s10_serdes_Ltile_with8b10b_tbi_eth.xcvr_native_s10_htile_0: For current configuration, TX PCS FIFO depth is "8" and TX Core FIFO depth is "8".
Info: s10_serdes_Ltile_with8b10b_tbi_eth.xcvr_native_s10_htile_0: For current configuration, RX PCS FIFO depth is "8" and RX Core FIFO depth is "16".
Info: s10_serdes_Ltile_with8b10b_tbi_eth.xcvr_native_s10_htile_0: "PCS clkout" (pcs_clkout) is selected to drive tx_clkout port and the clock frequency is 125.0 MHz.
Info: s10_serdes_Ltile_with8b10b_tbi_eth.xcvr_native_s10_htile_0: "PCS clkout" (pcs_clkout) is selected to drive rx_clkout port and the clock frequency is 125.0 MHz.
Info: s10_serdes_Ltile_with8b10b_tbi_eth.xcvr_native_s10_htile_0: Design example cannot be generated for the current configuration. Please check under Design Example tab and system message below for more detailed information.
Info: s10_serdes_Ltile_with8b10b_tbi_eth.xcvr_native_s10_htile_0: Note - The external TX PLL IP must be configured with an output clock frequency of 625.0 MHz.
Info: Skipping generation of s10_serdes_Ltile_with8b10b_tbi_eth: files already generated.
Info: Finished: Create HDL design files for synthesis
Info: Starting: Generate IP Core Documentation
Info: No documentation filesets were found for components in s10_serdes_Ltile_with8b10b_tbi_eth. No files generated.
Info: Finished: Generate IP Core Documentation
