Info: Generated by version: 23.3 build 104
Info: Starting: Create simulation model
Info: qsys-generate /nfs/site/disks/xne_tip_0003/urukunda/mquad_opt/verif/fpga/vps_dvb/build_input_dir/IP_FILES/io_pll_125mhz_eth_clks/io_pll_125mhz_eth_clks.ip --simulation=VERILOG --allow-mixed-language-simulation --simulator=VCS --output-directory=/nfs/site/disks/xne_tip_0003/urukunda/mquad_opt/verif/fpga/vps_dvb/build_input_dir/IP_FILES/io_pll_125mhz_eth_clks/io_pll_125mhz_eth_clks --family="Stratix 10" --part=1SG280LU3F50E1VG
Info: io_pll_125mhz_eth_clks.iopll_0: Able to implement PLL with user settings
Info: Skipping generation of io_pll_125mhz_eth_clks: files already generated.
Info: Finished: Create simulation model
Info: Starting: Create simulation script
Info: sim-script-gen --system-file=/nfs/site/disks/xne_tip_0003/urukunda/mquad_opt/verif/fpga/vps_dvb/build_input_dir/IP_FILES/io_pll_125mhz_eth_clks/io_pll_125mhz_eth_clks.ip --simulator=VCS --output-directory=/nfs/site/disks/xne_tip_0003/urukunda/mquad_opt/verif/fpga/vps_dvb/build_input_dir/IP_FILES/io_pll_125mhz_eth_clks/io_pll_125mhz_eth_clks/sim/ --use-relative-paths=true
Info: Generating the following file(s) for VCS simulator in /nfs/site/disks/xne_tip_0003/urukunda/mquad_opt/verif/fpga/vps_dvb/build_input_dir/IP_FILES/io_pll_125mhz_eth_clks/io_pll_125mhz_eth_clks/sim/ directory:
Info: 	synopsys/vcs/vcs_setup.sh
Info: For information on how to simulate your IP, see the explanatory comments in the simulator-specific subdirectories under /nfs/site/disks/xne_tip_0003/urukunda/mquad_opt/verif/fpga/vps_dvb/build_input_dir/IP_FILES/io_pll_125mhz_eth_clks/io_pll_125mhz_eth_clks/sim/.
Info: Regenerate these scripts whenever you make any change to any Quartus-generated IP in your project.
Info: Finished: Create simulation script
Info: Starting: Create block symbol file (.bsf)
Info: qsys-generate /nfs/site/disks/xne_tip_0003/urukunda/mquad_opt/verif/fpga/vps_dvb/build_input_dir/IP_FILES/io_pll_125mhz_eth_clks/io_pll_125mhz_eth_clks.ip --block-symbol-file --output-directory=/nfs/site/disks/xne_tip_0003/urukunda/mquad_opt/verif/fpga/vps_dvb/build_input_dir/IP_FILES/io_pll_125mhz_eth_clks/io_pll_125mhz_eth_clks --family="Stratix 10" --part=1SG280LU3F50E1VG
Info: io_pll_125mhz_eth_clks.iopll_0: Able to implement PLL with user settings
Info: Finished: Create block symbol file (.bsf)
Info: 
Info: Starting: Create HDL design files for synthesis
Info: qsys-generate /nfs/site/disks/xne_tip_0003/urukunda/mquad_opt/verif/fpga/vps_dvb/build_input_dir/IP_FILES/io_pll_125mhz_eth_clks/io_pll_125mhz_eth_clks.ip --synthesis=VERILOG --output-directory=/nfs/site/disks/xne_tip_0003/urukunda/mquad_opt/verif/fpga/vps_dvb/build_input_dir/IP_FILES/io_pll_125mhz_eth_clks/io_pll_125mhz_eth_clks --family="Stratix 10" --part=1SG280LU3F50E1VG
Info: io_pll_125mhz_eth_clks.iopll_0: Able to implement PLL with user settings
Info: Skipping generation of io_pll_125mhz_eth_clks: files already generated.
Info: Finished: Create HDL design files for synthesis
Info: Starting: Generate IP Core Documentation
Info: No documentation filesets were found for components in io_pll_125mhz_eth_clks. No files generated.
Info: Finished: Generate IP Core Documentation
