Info: Generated by version: 24.2 build 40
Info: Starting: Create block symbol file (.bsf)
Info: qsys-generate /nfs/site/disks/zsc7.xne_acccip.001/pdewanga/IP_FILES/serdes_tbi_loopback_fifo/serdes_tbi_loopback_fifo.ip --block-symbol-file --output-directory=/nfs/site/disks/zsc7.xne_acccip.001/pdewanga/IP_FILES/serdes_tbi_loopback_fifo/serdes_tbi_loopback_fifo --family="Stratix 10" --part=1SG10MHN3F74C2LG_U2
: serdes_tbi_loopback_fifo.fifo_0: Targeting device family: Stratix 10.
: serdes_tbi_loopback_fifo.fifo_0: Tab: 'SCFIFO Options' is unavailable while using Dual-Clock FIFO.
: serdes_tbi_loopback_fifo.fifo_0: 'Output register option' is unavailable while using Dual-Clock FIFO.
: serdes_tbi_loopback_fifo.fifo_0: SDC file will be generated to apply correct constraints. User may experience increase in fitter compilation time
: serdes_tbi_loopback_fifo.fifo_0: Embedded set_false_path assignment is disabled.
Info: Finished: Create block symbol file (.bsf)
Info: 
Info: Starting: Create HDL design files for synthesis
Info: qsys-generate /nfs/site/disks/zsc7.xne_acccip.001/pdewanga/IP_FILES/serdes_tbi_loopback_fifo/serdes_tbi_loopback_fifo.ip --synthesis=VERILOG --output-directory=/nfs/site/disks/zsc7.xne_acccip.001/pdewanga/IP_FILES/serdes_tbi_loopback_fifo/serdes_tbi_loopback_fifo --family="Stratix 10" --part=1SG10MHN3F74C2LG_U2
: serdes_tbi_loopback_fifo.fifo_0: Targeting device family: Stratix 10.
: serdes_tbi_loopback_fifo.fifo_0: Tab: 'SCFIFO Options' is unavailable while using Dual-Clock FIFO.
: serdes_tbi_loopback_fifo.fifo_0: 'Output register option' is unavailable while using Dual-Clock FIFO.
: serdes_tbi_loopback_fifo.fifo_0: SDC file will be generated to apply correct constraints. User may experience increase in fitter compilation time
: serdes_tbi_loopback_fifo.fifo_0: Embedded set_false_path assignment is disabled.
Info: Skipping generation of serdes_tbi_loopback_fifo: files already generated.
Info: Finished: Create HDL design files for synthesis
Info: Starting: Generate IP Core Documentation
Info: No documentation filesets were found for components in serdes_tbi_loopback_fifo. No files generated.
Info: Finished: Generate IP Core Documentation
